17:20:16.860 [main                     ] DEBUG Logger               - Configured Logger
17:20:16.894 [main                     ] DEBUG GameApplication      - Logging settings
Title: Dinosaur Exploder
Version: 1.0
Width: 550
Height: 750
Fullscreen: false
Intro: false
Profiling: false
Single step:false
App Mode: DEVELOPER
Menu Key: ESCAPE
Stage Style: DECORATED
Scene Factory: class com.dinosaur.dinosaurexploder.view.DinosaurGUI$1

17:20:17.198 [JavaFX Application Thread] DEBUG FXGLApplication      - Initializing FXGL
17:20:17.205 [JavaFX Application Thread] INFO  Engine               - FXGL-17 (31.12.2021 18.16) on WINDOWS (J:17.0.3.1 FX:17.0.2-ea)
17:20:17.206 [JavaFX Application Thread] DEBUG Engine               - JRE Vendor Name: Oracle Corporation
17:20:17.206 [JavaFX Application Thread] DEBUG Engine               - Running on OS: Windows 10 version 10.0
17:20:17.206 [JavaFX Application Thread] DEBUG Engine               - Architecture: amd64
17:20:17.206 [JavaFX Application Thread] INFO  Engine               - Source code and latest versions at: https://github.com/AlmasB/FXGL
17:20:17.206 [JavaFX Application Thread] INFO  Engine               -       Ask questions and discuss at: https://github.com/AlmasB/FXGL/discussions
17:20:17.207 [JavaFX Application Thread] INFO  Engine               -              Join the FXGL chat at: https://gitter.im/AlmasB/FXGL
17:20:17.305 [JavaFX Application Thread] DEBUG PrimaryStageWindow   - Creating a JavaFX scene
17:20:17.345 [JavaFX Application Thread] DEBUG PrimaryStageWindow   - Target settings size: 550.0 x 750.0
17:20:17.346 [JavaFX Application Thread] DEBUG PrimaryStageWindow   - Scaled scene size:    550.0 x 750.0
17:20:17.346 [JavaFX Application Thread] DEBUG PrimaryStageWindow   - Scaled ratio: (1.0, 1.0)
17:20:17.348 [JavaFX Application Thread] DEBUG PrimaryStageWindow   - Set initial scene to FXGLStartupScene
17:20:17.355 [JavaFX Application Thread] DEBUG PrimaryStageWindow   - Opening main window
17:20:17.431 [JavaFX Application Thread] DEBUG PrimaryStageWindow   - Window border size: (14.79998779296875, 38.0)
17:20:17.431 [JavaFX Application Thread] DEBUG PrimaryStageWindow   - Scaled size: 550.0 x 750.0
17:20:17.432 [JavaFX Application Thread] DEBUG PrimaryStageWindow   - Scaled ratio: (1.0, 1.0)
17:20:17.432 [JavaFX Application Thread] DEBUG PrimaryStageWindow   - Scene size: 550.0 x 750.0
17:20:17.432 [JavaFX Application Thread] DEBUG PrimaryStageWindow   - Stage size: 564.7999877929688 x 788.0
17:20:17.440 [FXGL Background Thread 1 ] DEBUG Engine               - Initializing environment variables
17:20:17.479 [FXGL Background Thread 1 ] DEBUG FXGLAssetLoaderServi - User app class for loading assets: class com.dinosaur.dinosaurexploder.DinosaurApp
17:20:17.479 [FXGL Background Thread 1 ] DEBUG GameApplicationServi - Applying CSS: fxgl_dark.css
17:20:17.480 [FXGL Background Thread 1 ] DEBUG FXGLAssetLoaderServi - Loading from file system: jar:file:///C:/Users/valer/.m2/repository/com/github/almasb/fxgl/17/fxgl-17.jar!/fxglassets/ui/css/fxgl_dark.css
17:20:17.538 [FXGL Background Thread 1 ] DEBUG GameApplicationServi - Initializing application scenes
17:20:17.583 [FXGL Background Thread 1 ] DEBUG GameWorld            - Game world initialized
17:20:17.660 [FXGL Background Thread 1 ] DEBUG PhysicsWorld         - Physics world initialized: appHeight=750, physics.ppm=50,0
17:20:17.660 [FXGL Background Thread 1 ] DEBUG PhysicsWorld         - Using strategy: BRUTE_FORCE
17:20:17.665 [FXGL Background Thread 1 ] DEBUG GameScene            - Game scene initialized: 550x750
17:20:17.688 [FXGL Background Thread 1 ] WARN  FXGL.DefaultMenu     - FXGLDefaultMenu is not designed for resolutions < 800x600
17:20:17.689 [FXGL Background Thread 1 ] DEBUG FXGL.DefaultMenu     - createMenuBodyGameMenu()
17:20:17.704 [FXGL Background Thread 1 ] DEBUG FXGL.DefaultMenu     - createOptionsMenu()
17:20:17.721 [FXGL Background Thread 1 ] DEBUG FXGLAssetLoaderServi - Loading from file system: jar:file:///C:/Users/valer/.m2/repository/com/github/almasb/fxgl/17/fxgl-17.jar!/fxglassets/textures/particles/smoke.png
17:20:17.847 [FXGL Background Thread 1 ] DEBUG FXGLAssetLoaderServi - Loading from file system: jar:file:///C:/Users/valer/.m2/repository/com/github/almasb/fxgl/17/fxgl-17.jar!/fxglassets/textures/particles/trace_horizontal.png
17:20:17.909 [FXGL Background Thread 1 ] DEBUG GameApplicationServi - Application scenes initialized
17:20:17.919 [FXGL Background Thread 1 ] DEBUG SystemBundleService  - Loading FXGL system data
17:20:17.923 [FXGL Background Thread 1 ] WARN  SystemBundleService  - Failed to load: java.io.FileNotFoundException: C:\Users\valer\OneDrive\Desktop\Projects\DinosaurGameCode\system\fxgl.bundle (Das System kann die angegebene Datei nicht finden)
17:20:17.924 [FXGL Background Thread 1 ] DEBUG SystemBundleService  - Loading default FXGL system data
17:20:17.924 [FXGL Background Thread 1 ] DEBUG UpdaterService       - Checking for updates
17:20:17.928 [FXGL Background Thread 1 ] DEBUG FXGLApplication      - Loading default localization
17:20:17.929 [FXGL Background Thread 1 ] DEBUG FXGLAssetLoaderServi - Loading from file system: jar:file:///C:/Users/valer/.m2/repository/com/github/almasb/fxgl/17/fxgl-17.jar!/fxglassets/languages/english.lang
17:20:17.943 [FXGL Background Thread 1 ] INFO  FXGLApplication      - FXGL initialization took: 0,503 sec
17:20:17.974 [FXGL Background Thread 4 ] DEBUG FXGLApplication      - Loading fonts
17:20:17.976 [FXGL Background Thread 4 ] DEBUG FXGLAssetLoaderServi - Loading from file system: jar:file:///C:/Users/valer/.m2/repository/com/github/almasb/fxgl/17/fxgl-17.jar!/fxglassets/ui/fonts/VarelaRound-Regular.ttf
17:20:17.992 [JavaFX Application Thread] DEBUG Input                - Registered new binding: action0 - Up
17:20:17.993 [JavaFX Application Thread] DEBUG Input                - Registered new binding: action1 - Down
17:20:17.993 [JavaFX Application Thread] DEBUG Input                - Registered new binding: action2 - Left
17:20:17.993 [JavaFX Application Thread] DEBUG Input                - Registered new binding: action3 - Right
17:20:17.994 [JavaFX Application Thread] DEBUG Input                - Registered new binding: action4 - Space
17:20:17.995 [JavaFX Application Thread] DEBUG FXGLAssetLoaderServi - Loading from file system: file:/C:/Users/valer/OneDrive/Desktop/Projects/DinosaurGameCode/dinosaur-exploder/target/classes/assets/textures/icon.png
17:20:18.250 [JavaFX Application Thread] DEBUG FXGLAssetLoaderServi - Loading from file system: jar:file:///C:/Users/valer/.m2/repository/com/github/almasb/fxgl/17/fxgl-17.jar!/fxglassets/textures/fxgl_default_cursor.png
17:20:18.252 [JavaFX Application Thread] DEBUG Input                - Registered new binding: Screenshot - CTRL+8
17:20:18.252 [JavaFX Application Thread] DEBUG Input                - Registered new binding: System info dump - CTRL+9
17:20:18.252 [JavaFX Application Thread] DEBUG Input                - Registered new binding: Restart - CTRL+R
17:20:18.253 [JavaFX Application Thread] DEBUG Input                - Registered new binding: Toggle Debug Camera - CTRL+7
17:20:18.256 [JavaFX Application Thread] DEBUG LoopRunner           - Starting loop
17:20:18.257 [JavaFX Application Thread] DEBUG LoopRunner           - Initializing ScheduledExecutorLoop with fps: 60
17:20:18.260 [JavaFX Application Thread] DEBUG Input                - Clearing active input actions
17:20:18.267 [JavaFX Application Thread] DEBUG GameApplicationServi - Removing overlay from FXGLStartupScene and adding to FXGLMainMenuDummyScene
17:20:18.268 [JavaFX Application Thread] DEBUG PrimaryStageWindow   - FXGLStartupScene -> FXGLMainMenuDummyScene
17:20:18.268 [JavaFX Application Thread] DEBUG PrimaryStageWindow   - Push state: DinosaurMenu
17:20:18.268 [JavaFX Application Thread] DEBUG Input                - Clearing active input actions
17:20:18.277 [JavaFX Application Thread] DEBUG GameApplicationServi - Removing overlay from FXGLMainMenuDummyScene and adding to DinosaurMenu
17:20:18.278 [JavaFX Application Thread] DEBUG PrimaryStageWindow   - FXGLMainMenuDummyScene -> DinosaurMenu
17:20:18.370 [FXGL Background Thread 4 ] DEBUG FXGLAssetLoaderServi - Loading from file system: jar:file:///C:/Users/valer/.m2/repository/com/github/almasb/fxgl/17/fxgl-17.jar!/fxglassets/ui/fonts/Abel-Regular.ttf
17:20:18.405 [FXGL Background Thread 4 ] DEBUG FXGLAssetLoaderServi - Loading from file system: jar:file:///C:/Users/valer/.m2/repository/com/github/almasb/fxgl/17/fxgl-17.jar!/fxglassets/ui/fonts/TerminalLandMono-Regular.otf
17:20:18.413 [FXGL Background Thread 4 ] DEBUG FXGLAssetLoaderServi - Loading from file system: jar:file:///C:/Users/valer/.m2/repository/com/github/almasb/fxgl/17/fxgl-17.jar!/fxglassets/ui/fonts/Courier-Prime.ttf
17:20:18.425 [JavaFX Application Thread] DEBUG FXGLApplication      - Registering font factories with UI factory
17:20:19.186 [JavaFX Application Thread] DEBUG Menu                 - fireNewGame()
17:20:19.187 [JavaFX Application Thread] DEBUG GameApplicationServi - Starting new game
17:20:19.188 [JavaFX Application Thread] DEBUG PrimaryStageWindow   - Pop state: DinosaurMenu
17:20:19.188 [JavaFX Application Thread] DEBUG Input                - Clearing active input actions
17:20:19.188 [JavaFX Application Thread] DEBUG GameApplicationServi - Removing overlay from DinosaurMenu and adding to FXGLMainMenuDummyScene
17:20:19.189 [JavaFX Application Thread] DEBUG PrimaryStageWindow   - FXGLMainMenuDummyScene <- DinosaurMenu
17:20:19.189 [JavaFX Application Thread] DEBUG Input                - Clearing active input actions
17:20:19.202 [JavaFX Application Thread] DEBUG GameApplicationServi - Removing overlay from FXGLMainMenuDummyScene and adding to FXGLLoadingScene
17:20:19.202 [JavaFX Application Thread] DEBUG PrimaryStageWindow   - FXGLMainMenuDummyScene -> FXGLLoadingScene
17:20:19.203 [JavaFX Application Thread] DEBUG GameApplicationServi - Clearing previous game
17:20:19.203 [JavaFX Application Thread] DEBUG GameScene            - Clearing game scene
17:20:19.203 [JavaFX Application Thread] DEBUG GameWorld            - Clearing game world
17:20:19.203 [JavaFX Application Thread] DEBUG PhysicsWorld         - Clearing physics world
17:20:19.205 [FXGL Background Thread 4 ] DEBUG FXGLApplication      - Initializing game
17:20:19.443 [FXGL Background Thread 4 ] WARN  GameWorld            - Entity is already attached to world
17:20:19.444 [FXGL Background Thread 4 ] DEBUG FXGLAssetLoaderServi - Loading from file system: file:/C:/Users/valer/OneDrive/Desktop/Projects/DinosaurGameCode/dinosaur-exploder/target/classes/assets/textures/spaceship.png
17:20:19.460 [FXGL Background Thread 4 ] DEBUG FXGLAssetLoaderServi - Loading from file system: file:/C:/Users/valer/OneDrive/Desktop/Projects/DinosaurGameCode/dinosaur-exploder/target/classes/assets/sounds/engine.wav
17:20:19.543 [FXGL Background Thread 2 ] INFO  UpdaterService       - Your current version:  17
17:20:19.543 [FXGL Background Thread 2 ] INFO  UpdaterService       - Latest stable version: 17.1
17:20:19.566 [FXGL Background Thread 4 ] DEBUG FXGLAssetLoaderServi - Loading from file system: file:/C:/Users/valer/OneDrive/Desktop/Projects/DinosaurGameCode/dinosaur-exploder/target/classes/assets/textures/life.png
17:20:19.572 [FXGL Background Thread 4 ] INFO  FXGLApplication      - Game initialization took: 0,367 sec
17:20:19.574 [JavaFX Application Thread] DEBUG Input                - Clearing active input actions
17:20:19.581 [JavaFX Application Thread] DEBUG GameApplicationServi - Removing overlay from FXGLLoadingScene and adding to GameScene
17:20:19.581 [JavaFX Application Thread] DEBUG PrimaryStageWindow   - FXGLLoadingScene -> GameScene
17:20:20.312 [JavaFX Application Thread] DEBUG FXGLAssetLoaderServi - Loading from file system: file:/C:/Users/valer/OneDrive/Desktop/Projects/DinosaurGameCode/dinosaur-exploder/target/classes/assets/textures/greenDino.png
17:20:20.929 [FXGL Background Thread 3 ] DEBUG Engine               - Logging environment variables
17:20:20.930 [FXGL Background Thread 3 ] DEBUG Engine               - achievements: []
17:20:20.930 [FXGL Background Thread 3 ] DEBUG Engine               - actualHeight: 750.0
17:20:20.930 [FXGL Background Thread 3 ] DEBUG Engine               - actualHeightProperty: ReadOnlyDoubleProperty [value: 750.0]
17:20:20.930 [FXGL Background Thread 3 ] DEBUG Engine               - actualWidth: 550.0
17:20:20.931 [FXGL Background Thread 3 ] DEBUG Engine               - actualWidthProperty: ReadOnlyDoubleProperty [value: 550.0]
17:20:20.931 [FXGL Background Thread 3 ] DEBUG Engine               - appIcon: icon.png
17:20:20.931 [FXGL Background Thread 3 ] DEBUG Engine               - applicationMode: DEVELOPER
17:20:20.931 [FXGL Background Thread 3 ] DEBUG Engine               - cSSList: [fxgl_dark.css]
17:20:20.931 [FXGL Background Thread 3 ] DEBUG Engine               - collisionDetectionStrategy: BRUTE_FORCE
17:20:20.932 [FXGL Background Thread 3 ] DEBUG Engine               - configClass: Optional.empty
17:20:20.932 [FXGL Background Thread 3 ] DEBUG Engine               - credits: []
17:20:20.933 [FXGL Background Thread 3 ] DEBUG Engine               - defaultCursor: CursorInfo(imageName=fxgl_default_cursor.png, hotspotX=7.0, hotspotY=6.0)
17:20:20.933 [FXGL Background Thread 3 ] DEBUG Engine               - devBBoxColorProperty: ObjectProperty [value: 0xff0000ff]
17:20:20.933 [FXGL Background Thread 3 ] DEBUG Engine               - devEnableDebugCameraProperty: BooleanProperty [value: false]
17:20:20.933 [FXGL Background Thread 3 ] DEBUG Engine               - devSensorColorProperty: ObjectProperty [value: 0xffff00ff]
17:20:20.933 [FXGL Background Thread 3 ] DEBUG Engine               - devShowBBoxProperty: BooleanProperty [value: false]
17:20:20.933 [FXGL Background Thread 3 ] DEBUG Engine               - devShowPositionProperty: BooleanProperty [value: false]
17:20:20.934 [FXGL Background Thread 3 ] DEBUG Engine               - enabledMenuItems: []
17:20:20.934 [FXGL Background Thread 3 ] DEBUG Engine               - engineServices: [class com.almasb.fxgl.app.services.FXGLAssetLoaderService, class com.almasb.fxgl.app.FXGLApplication$GameApplicationService, class com.almasb.fxgl.app.services.FXGLDialogService, class com.almasb.fxgl.app.services.IOTaskExecutorService, class com.almasb.fxgl.io.FileSystemService, class com.almasb.fxgl.localization.LocalizationService, class com.almasb.fxgl.app.services.SystemBundleService, class com.almasb.fxgl.profile.SaveLoadService, class com.almasb.fxgl.ui.FXGLUIFactoryServiceProvider, class com.almasb.fxgl.ui.FXGLDialogFactoryServiceProvider, class com.almasb.fxgl.audio.AudioPlayer, class com.almasb.fxgl.notification.impl.NotificationServiceProvider, class com.almasb.fxgl.achievement.AchievementService, class com.almasb.fxgl.cutscene.CutsceneService, class com.almasb.fxgl.minigames.MiniGameService, class com.almasb.fxgl.net.NetService, class com.almasb.fxgl.app.services.UpdaterService, class com.almasb.fxgl.dev.DevService]
17:20:20.934 [FXGL Background Thread 3 ] DEBUG Engine               - fontGame: Abel-Regular.ttf
17:20:20.934 [FXGL Background Thread 3 ] DEBUG Engine               - fontMono: TerminalLandMono-Regular.otf
17:20:20.934 [FXGL Background Thread 3 ] DEBUG Engine               - fontText: Courier-Prime.ttf
17:20:20.934 [FXGL Background Thread 3 ] DEBUG Engine               - fontUI: VarelaRound-Regular.ttf
17:20:20.934 [FXGL Background Thread 3 ] DEBUG Engine               - fullScreen: BooleanProperty [value: false]
17:20:20.935 [FXGL Background Thread 3 ] DEBUG Engine               - gameDifficulty: MEDIUM
17:20:20.935 [FXGL Background Thread 3 ] DEBUG Engine               - gameDifficultyProperty: ObjectProperty [value: MEDIUM]
17:20:20.935 [FXGL Background Thread 3 ] DEBUG Engine               - globalMusicVolume: 0.5
17:20:20.935 [FXGL Background Thread 3 ] DEBUG Engine               - globalMusicVolumeProperty: DoubleProperty [value: 0.5]
17:20:20.935 [FXGL Background Thread 3 ] DEBUG Engine               - globalSoundVolume: 0.5
17:20:20.935 [FXGL Background Thread 3 ] DEBUG Engine               - globalSoundVolumeProperty: DoubleProperty [value: 0.5]
17:20:20.935 [FXGL Background Thread 3 ] DEBUG Engine               - height: 750
17:20:20.935 [FXGL Background Thread 3 ] DEBUG Engine               - is3D: false
17:20:20.936 [FXGL Background Thread 3 ] DEBUG Engine               - isAndroid: false
17:20:20.936 [FXGL Background Thread 3 ] DEBUG Engine               - isBrowser: false
17:20:20.936 [FXGL Background Thread 3 ] DEBUG Engine               - isClickFeedbackEnabled: false
17:20:20.936 [FXGL Background Thread 3 ] DEBUG Engine               - isCloseConfirmation: false
17:20:20.936 [FXGL Background Thread 3 ] DEBUG Engine               - isDesktop: true
17:20:20.936 [FXGL Background Thread 3 ] DEBUG Engine               - isDeveloperMenuEnabled: false
17:20:20.936 [FXGL Background Thread 3 ] DEBUG Engine               - isEmbedded: false
17:20:20.937 [FXGL Background Thread 3 ] DEBUG Engine               - isEntityPreloadEnabled: true
17:20:20.937 [FXGL Background Thread 3 ] DEBUG Engine               - isExperimentalTiledLargeMap: false
17:20:20.937 [FXGL Background Thread 3 ] DEBUG Engine               - isFileSystemWriteAllowed: true
17:20:20.937 [FXGL Background Thread 3 ] DEBUG Engine               - isFullScreenAllowed: false
17:20:20.937 [FXGL Background Thread 3 ] DEBUG Engine               - isFullScreenFromStart: false
17:20:20.937 [FXGL Background Thread 3 ] DEBUG Engine               - isGameMenuEnabled: true
17:20:20.938 [FXGL Background Thread 3 ] DEBUG Engine               - isIOS: false
17:20:20.938 [FXGL Background Thread 3 ] DEBUG Engine               - isIntroEnabled: false
17:20:20.938 [FXGL Background Thread 3 ] DEBUG Engine               - isLinux: false
17:20:20.938 [FXGL Background Thread 3 ] DEBUG Engine               - isMac: false
17:20:20.938 [FXGL Background Thread 3 ] DEBUG Engine               - isMainMenuEnabled: true
17:20:20.939 [FXGL Background Thread 3 ] DEBUG Engine               - isManualResizeEnabled: false
17:20:20.939 [FXGL Background Thread 3 ] DEBUG Engine               - isMobile: false
17:20:20.939 [FXGL Background Thread 3 ] DEBUG Engine               - isNative: false
17:20:20.939 [FXGL Background Thread 3 ] DEBUG Engine               - isPauseMusicWhenMinimized: true
17:20:20.939 [FXGL Background Thread 3 ] DEBUG Engine               - isPreserveResizeRatio: false
17:20:20.940 [FXGL Background Thread 3 ] DEBUG Engine               - isProfilingEnabled: false
17:20:20.940 [FXGL Background Thread 3 ] DEBUG Engine               - isScaleAffectedOnResize: true
17:20:20.940 [FXGL Background Thread 3 ] DEBUG Engine               - isSingleStep: false
17:20:20.940 [FXGL Background Thread 3 ] DEBUG Engine               - isUserProfileEnabled: false
17:20:20.940 [FXGL Background Thread 3 ] DEBUG Engine               - isWindows: true
17:20:20.940 [FXGL Background Thread 3 ] DEBUG Engine               - language: ObjectProperty [value: ENGLISH]
17:20:20.940 [FXGL Background Thread 3 ] DEBUG Engine               - menuKey: ESCAPE
17:20:20.941 [FXGL Background Thread 3 ] DEBUG Engine               - mouseSensitivity: 0.2
17:20:20.941 [FXGL Background Thread 3 ] DEBUG Engine               - notificationViewClass: class com.almasb.fxgl.notification.view.XboxNotificationView
17:20:20.941 [FXGL Background Thread 3 ] DEBUG Engine               - pixelsPerMeter: 50.0
17:20:20.941 [FXGL Background Thread 3 ] DEBUG Engine               - platform: WINDOWS
17:20:20.941 [FXGL Background Thread 3 ] DEBUG Engine               - prefHeightProperty: ReadOnlyDoubleProperty [value: 750.0]
17:20:20.942 [FXGL Background Thread 3 ] DEBUG Engine               - prefWidthProperty: ReadOnlyDoubleProperty [value: 550.0]
17:20:20.942 [FXGL Background Thread 3 ] DEBUG Engine               - profileDir: profiles/
17:20:20.943 [FXGL Background Thread 3 ] DEBUG Engine               - profileName: StringProperty [value: DEFAULT]
17:20:20.943 [FXGL Background Thread 3 ] DEBUG Engine               - randomSeed: -1
17:20:20.944 [FXGL Background Thread 3 ] DEBUG Engine               - runtimeInfo: RuntimeInfo(platform=WINDOWS, version=17, build=31.12.2021 18.16)
17:20:20.944 [FXGL Background Thread 3 ] DEBUG Engine               - saveFileExt: sav
17:20:20.945 [FXGL Background Thread 3 ] DEBUG Engine               - scaledHeightProp$fxgl: DoubleProperty [bound, value: 750.0]
17:20:20.945 [FXGL Background Thread 3 ] DEBUG Engine               - scaledWidthProp$fxgl: DoubleProperty [bound, value: 550.0]
17:20:20.945 [FXGL Background Thread 3 ] DEBUG Engine               - sceneFactory: com.dinosaur.dinosaurexploder.view.DinosaurGUI$1@34a57dec
17:20:20.945 [FXGL Background Thread 3 ] DEBUG Engine               - secondsIn24h: 60
17:20:20.945 [FXGL Background Thread 3 ] DEBUG Engine               - soundMenuBack: menu/back.wav
17:20:20.945 [FXGL Background Thread 3 ] DEBUG Engine               - soundMenuPress: menu/press.wav
17:20:20.946 [FXGL Background Thread 3 ] DEBUG Engine               - soundMenuSelect: menu/select.wav
17:20:20.946 [FXGL Background Thread 3 ] DEBUG Engine               - soundNotification: core/notification.wav
17:20:20.946 [FXGL Background Thread 3 ] DEBUG Engine               - stageStyle: DECORATED
17:20:20.946 [FXGL Background Thread 3 ] DEBUG Engine               - supportedLanguages: [ENGLISH, FRENCH, GERMAN, HUNGARIAN, RUSSIAN]
17:20:20.946 [FXGL Background Thread 3 ] DEBUG Engine               - ticksPerSecond: 60
17:20:20.946 [FXGL Background Thread 3 ] DEBUG Engine               - title: Dinosaur Exploder
17:20:20.946 [FXGL Background Thread 3 ] DEBUG Engine               - urlGithub: https://github.com/AlmasB/FXGL
17:20:20.946 [FXGL Background Thread 3 ] DEBUG Engine               - urlLeaderboard: http://fxgl-top.herokuapp.com/
17:20:20.947 [FXGL Background Thread 3 ] DEBUG Engine               - urlPOM: https://raw.githubusercontent.com/AlmasB/FXGL/release/README.md
17:20:20.947 [FXGL Background Thread 3 ] DEBUG Engine               - userAppClass: class com.dinosaur.dinosaurexploder.DinosaurApp
17:20:20.947 [FXGL Background Thread 3 ] DEBUG Engine               - version: 1.0
17:20:20.947 [FXGL Background Thread 3 ] DEBUG Engine               - versionCheckDays: 7
17:20:20.947 [FXGL Background Thread 3 ] DEBUG Engine               - width: 550
17:20:20.947 [FXGL Background Thread 3 ] DEBUG Engine               - Logging services
17:20:20.947 [FXGL Background Thread 3 ] DEBUG Engine               - class com.almasb.fxgl.app.services.FXGLAssetLoaderService
17:20:20.947 [FXGL Background Thread 3 ] DEBUG Engine               - class com.almasb.fxgl.app.FXGLApplication$GameApplicationService
17:20:20.948 [FXGL Background Thread 3 ] DEBUG Engine               - class com.almasb.fxgl.app.services.FXGLDialogService
17:20:20.948 [FXGL Background Thread 3 ] DEBUG Engine               - class com.almasb.fxgl.app.services.IOTaskExecutorService
17:20:20.948 [FXGL Background Thread 3 ] DEBUG Engine               - class com.almasb.fxgl.io.FileSystemService
17:20:20.948 [FXGL Background Thread 3 ] DEBUG Engine               - class com.almasb.fxgl.localization.LocalizationService
17:20:20.948 [FXGL Background Thread 3 ] DEBUG Engine               - class com.almasb.fxgl.app.services.SystemBundleService
17:20:20.948 [FXGL Background Thread 3 ] DEBUG Engine               - class com.almasb.fxgl.profile.SaveLoadService
17:20:20.948 [FXGL Background Thread 3 ] DEBUG Engine               - class com.almasb.fxgl.ui.FXGLUIFactoryServiceProvider
17:20:20.949 [FXGL Background Thread 3 ] DEBUG Engine               - class com.almasb.fxgl.ui.FXGLDialogFactoryServiceProvider
17:20:20.949 [FXGL Background Thread 3 ] DEBUG Engine               - class com.almasb.fxgl.audio.AudioPlayer
17:20:20.949 [FXGL Background Thread 3 ] DEBUG Engine               - class com.almasb.fxgl.notification.impl.NotificationServiceProvider
17:20:20.949 [FXGL Background Thread 3 ] DEBUG Engine               - class com.almasb.fxgl.achievement.AchievementService
17:20:20.949 [FXGL Background Thread 3 ] DEBUG Engine               - class com.almasb.fxgl.cutscene.CutsceneService
17:20:20.949 [FXGL Background Thread 3 ] DEBUG Engine               - class com.almasb.fxgl.minigames.MiniGameService
17:20:20.949 [FXGL Background Thread 3 ] DEBUG Engine               - class com.almasb.fxgl.net.NetService
17:20:20.949 [FXGL Background Thread 3 ] DEBUG Engine               - class com.almasb.fxgl.app.services.UpdaterService
17:20:20.949 [FXGL Background Thread 3 ] DEBUG Engine               - class com.almasb.fxgl.dev.DevService
17:20:21.095 [JavaFX Application Thread] DEBUG FXGLAssetLoaderServi - Loading from file system: file:/C:/Users/valer/OneDrive/Desktop/Projects/DinosaurGameCode/dinosaur-exploder/target/classes/assets/sounds/enemyShoot.wav
17:20:21.103 [JavaFX Application Thread] DEBUG FXGLAssetLoaderServi - Loading from file system: file:/C:/Users/valer/OneDrive/Desktop/Projects/DinosaurGameCode/dinosaur-exploder/target/classes/assets/textures/enemyProjectile.png
17:20:22.745 [JavaFX Application Thread] DEBUG FXGLAssetLoaderServi - Loading from file system: file:/C:/Users/valer/OneDrive/Desktop/Projects/DinosaurGameCode/dinosaur-exploder/target/classes/assets/sounds/playerHit.wav
17:20:22.765 [JavaFX Application Thread] DEBUG LoopRunner           - Stopping loop
17:20:22.768 [JavaFX Application Thread] FATAL FXGLApplication      - Uncaught Exception:
java.util.IllegalFormatConversionException: d != com.almasb.fxgl.dsl.components.HealthIntComponent
	at java.base/java.util.Formatter$FormatSpecifier.failConversion(Formatter.java:4442)
	at java.base/java.util.Formatter$FormatSpecifier.printInteger(Formatter.java:2963)
	at java.base/java.util.Formatter$FormatSpecifier.print(Formatter.java:2918)
	at java.base/java.util.Formatter.format(Formatter.java:2689)
	at java.base/java.io.PrintStream.format(PrintStream.java:1209)
	at java.base/java.io.PrintStream.printf(PrintStream.java:1105)
	at com.dinosaur.dinosaurexploder/com.dinosaur.dinosaurexploder.controller.DinosaurController.damagePlayer(DinosaurController.java:37)
	at com.dinosaur.dinosaurexploder/com.dinosaur.dinosaurexploder.controller.DinosaurController.lambda$initPhysics$8(DinosaurController.java:83)
	at com.almasb.fxgl.all@17/com.almasb.fxgl.dsl.FXGL$Companion$onCollisionBegin$1.onCollisionBegin(FXGL.kt:551)
	at com.almasb.fxgl.entity@17/com.almasb.fxgl.physics.CollisionPair.collisionBegin(CollisionPair.java:37)
	at com.almasb.fxgl.entity@17/com.almasb.fxgl.physics.PhysicsWorld.collisionBeginFor(PhysicsWorld.java:453)
	at com.almasb.fxgl.entity@17/com.almasb.fxgl.physics.PhysicsWorld.checkCollisionsInGroup(PhysicsWorld.java:405)
	at com.almasb.fxgl.entity@17/com.almasb.fxgl.physics.PhysicsWorld.checkCollisions(PhysicsWorld.java:373)
	at com.almasb.fxgl.entity@17/com.almasb.fxgl.physics.PhysicsWorld.onUpdate(PhysicsWorld.java:179)
	at com.almasb.fxgl.all@17/com.almasb.fxgl.app.scene.GameScene.step(GameScene.kt:225)
	at com.almasb.fxgl.all@17/com.almasb.fxgl.app.scene.GameScene.onUpdate(GameScene.kt:220)
	at com.almasb.fxgl.scene@17/com.almasb.fxgl.scene.Scene.update(Scene.kt:105)
	at com.almasb.fxgl.all@17/com.almasb.fxgl.app.MainWindow$update$1.invoke(MainWindow.kt:115)
	at com.almasb.fxgl.all@17/com.almasb.fxgl.app.MainWindow$update$1.invoke(MainWindow.kt:115)
	at com.almasb.fxgl.core@17/com.almasb.fxgl.core.fsm.StateMachine.runOnActiveStates(StateMachine.kt:69)
	at com.almasb.fxgl.all@17/com.almasb.fxgl.app.MainWindow.update(MainWindow.kt:115)
	at com.almasb.fxgl.all@17/com.almasb.fxgl.app.FXGLApplication$GameApplicationService.onUpdate(FXGLApplication.kt:426)
	at com.almasb.fxgl.all@17/com.almasb.fxgl.app.Engine.loop(Engine.kt:134)
	at com.almasb.fxgl.all@17/com.almasb.fxgl.app.Engine.access$loop(Engine.kt:24)
	at com.almasb.fxgl.all@17/com.almasb.fxgl.app.Engine$loop$1.invoke(Engine.kt:28)
	at com.almasb.fxgl.all@17/com.almasb.fxgl.app.Engine$loop$1.invoke(Engine.kt:28)
	at com.almasb.fxgl.all@17/com.almasb.fxgl.app.LoopRunner.frame(LoopRunner.kt:103)
	at com.almasb.fxgl.all@17/com.almasb.fxgl.app.LoopRunner.access$frame(LoopRunner.kt:23)
	at com.almasb.fxgl.all@17/com.almasb.fxgl.app.LoopRunner$impl$2$2.onTick(LoopRunner.kt:64)
	at com.almasb.fxgl.all@17/com.almasb.fxgl.app.ScheduledExecutorLoop.start$lambda-1$lambda-0(LoopRunner.kt:170)
	at javafx.graphics/com.sun.javafx.application.PlatformImpl.lambda$runLater$10(PlatformImpl.java:457)
	at java.base/java.security.AccessController.doPrivileged(AccessController.java:399)
	at javafx.graphics/com.sun.javafx.application.PlatformImpl.lambda$runLater$11(PlatformImpl.java:456)
	at javafx.graphics/com.sun.glass.ui.InvokeLaterDispatcher$Future.run(InvokeLaterDispatcher.java:96)
	at javafx.graphics/com.sun.glass.ui.win.WinApplication._runLoop(Native Method)
	at javafx.graphics/com.sun.glass.ui.win.WinApplication.lambda$runLoop$3(WinApplication.java:184)
	at java.base/java.lang.Thread.run(Thread.java:833)

17:20:22.768 [JavaFX Application Thread] FATAL FXGLApplication      - Application will now exit
17:20:22.790 [JavaFX Application Thread] DEBUG PrimaryStageWindow   - Push state: ErrorSubScene
17:20:22.790 [JavaFX Application Thread] DEBUG Input                - Clearing active input actions
17:20:22.792 [JavaFX Application Thread] DEBUG GameApplicationServi - Removing overlay from GameScene and adding to ErrorSubScene
17:20:22.792 [JavaFX Application Thread] DEBUG PrimaryStageWindow   - GameScene -> ErrorSubScene
17:20:28.485 [JavaFX Application Thread] DEBUG FXGLApplication      - Exiting FXGL
17:20:28.485 [JavaFX Application Thread] DEBUG Async                - Shutting down background threads
17:20:28.485 [JavaFX Application Thread] DEBUG PrimaryStageWindow   - Closing main window
17:20:28.505 [JavaFX Application Thread] DEBUG Logger               - Closing Logger
