14:55:14.282 [main                     ] DEBUG Logger               - Configured Logger
14:55:14.315 [main                     ] DEBUG GameApplication      - Logging settings
Title: Dinosaur Exploder
Version: 1.0
Width: 550
Height: 750
Fullscreen: false
Intro: false
Profiling: false
Single step:false
App Mode: DEVELOPER
Menu Key: ESCAPE
Stage Style: DECORATED
Scene Factory: class com.dinosaur.dinosaurexploder.view.DinosaurGUI$1

14:55:14.671 [JavaFX Application Thread] DEBUG FXGLApplication      - Initializing FXGL
14:55:14.679 [JavaFX Application Thread] INFO  Engine               - FXGL-17 (31.12.2021 18.16) on WINDOWS (J:17.0.3.1 FX:17.0.2-ea)
14:55:14.680 [JavaFX Application Thread] DEBUG Engine               - JRE Vendor Name: Oracle Corporation
14:55:14.680 [JavaFX Application Thread] DEBUG Engine               - Running on OS: Windows 10 version 10.0
14:55:14.680 [JavaFX Application Thread] DEBUG Engine               - Architecture: amd64
14:55:14.681 [JavaFX Application Thread] INFO  Engine               - Source code and latest versions at: https://github.com/AlmasB/FXGL
14:55:14.681 [JavaFX Application Thread] INFO  Engine               -       Ask questions and discuss at: https://github.com/AlmasB/FXGL/discussions
14:55:14.681 [JavaFX Application Thread] INFO  Engine               -              Join the FXGL chat at: https://gitter.im/AlmasB/FXGL
14:55:14.761 [JavaFX Application Thread] DEBUG PrimaryStageWindow   - Creating a JavaFX scene
14:55:14.818 [JavaFX Application Thread] DEBUG PrimaryStageWindow   - Target settings size: 550.0 x 750.0
14:55:14.818 [JavaFX Application Thread] DEBUG PrimaryStageWindow   - Scaled scene size:    550.0 x 750.0
14:55:14.819 [JavaFX Application Thread] DEBUG PrimaryStageWindow   - Scaled ratio: (1.0, 1.0)
14:55:14.821 [JavaFX Application Thread] DEBUG PrimaryStageWindow   - Set initial scene to FXGLStartupScene
14:55:14.833 [JavaFX Application Thread] DEBUG PrimaryStageWindow   - Opening main window
14:55:14.969 [JavaFX Application Thread] DEBUG PrimaryStageWindow   - Window border size: (14.79998779296875, 38.0)
14:55:14.970 [JavaFX Application Thread] DEBUG PrimaryStageWindow   - Scaled size: 550.0 x 750.0
14:55:14.970 [JavaFX Application Thread] DEBUG PrimaryStageWindow   - Scaled ratio: (1.0, 1.0)
14:55:14.971 [JavaFX Application Thread] DEBUG PrimaryStageWindow   - Scene size: 550.0 x 750.0
14:55:14.971 [JavaFX Application Thread] DEBUG PrimaryStageWindow   - Stage size: 564.7999877929688 x 788.0
14:55:14.983 [FXGL Background Thread 1 ] DEBUG Engine               - Initializing environment variables
14:55:15.028 [FXGL Background Thread 1 ] DEBUG FXGLAssetLoaderServi - User app class for loading assets: class com.dinosaur.dinosaurexploder.DinosaurApp
14:55:15.029 [FXGL Background Thread 1 ] DEBUG GameApplicationServi - Applying CSS: fxgl_dark.css
14:55:15.030 [FXGL Background Thread 1 ] DEBUG FXGLAssetLoaderServi - Loading from file system: jar:file:///C:/Users/valer/.m2/repository/com/github/almasb/fxgl/17/fxgl-17.jar!/fxglassets/ui/css/fxgl_dark.css
14:55:15.086 [FXGL Background Thread 1 ] DEBUG GameApplicationServi - Initializing application scenes
14:55:15.128 [FXGL Background Thread 1 ] DEBUG GameWorld            - Game world initialized
14:55:15.200 [FXGL Background Thread 1 ] DEBUG PhysicsWorld         - Physics world initialized: appHeight=750, physics.ppm=50,0
14:55:15.200 [FXGL Background Thread 1 ] DEBUG PhysicsWorld         - Using strategy: BRUTE_FORCE
14:55:15.204 [FXGL Background Thread 1 ] DEBUG GameScene            - Game scene initialized: 550x750
14:55:15.225 [FXGL Background Thread 1 ] WARN  FXGL.DefaultMenu     - FXGLDefaultMenu is not designed for resolutions < 800x600
14:55:15.225 [FXGL Background Thread 1 ] DEBUG FXGL.DefaultMenu     - createMenuBodyGameMenu()
14:55:15.235 [FXGL Background Thread 1 ] DEBUG FXGL.DefaultMenu     - createOptionsMenu()
14:55:15.243 [FXGL Background Thread 1 ] DEBUG FXGLAssetLoaderServi - Loading from file system: jar:file:///C:/Users/valer/.m2/repository/com/github/almasb/fxgl/17/fxgl-17.jar!/fxglassets/textures/particles/smoke.png
14:55:15.353 [FXGL Background Thread 1 ] DEBUG FXGLAssetLoaderServi - Loading from file system: jar:file:///C:/Users/valer/.m2/repository/com/github/almasb/fxgl/17/fxgl-17.jar!/fxglassets/textures/particles/trace_horizontal.png
14:55:15.399 [FXGL Background Thread 1 ] DEBUG GameApplicationServi - Application scenes initialized
14:55:15.411 [FXGL Background Thread 1 ] DEBUG SystemBundleService  - Loading FXGL system data
14:55:15.418 [FXGL Background Thread 1 ] DEBUG FileSystemAccess     - Reading from: C:\Users\valer\OneDrive\Desktop\Projects\DinosaurGameCode\system\fxgl.bundle
14:55:15.424 [FXGL Background Thread 1 ] DEBUG SystemBundleService  - Bundle FXGL: {}
14:55:15.425 [FXGL Background Thread 1 ] DEBUG UpdaterService       - Checking for updates
14:55:15.429 [FXGL Background Thread 1 ] DEBUG FXGLApplication      - Loading default localization
14:55:15.429 [FXGL Background Thread 4 ] DEBUG FXGLApplication      - Loading fonts
14:55:15.430 [FXGL Background Thread 1 ] DEBUG FXGLAssetLoaderServi - Loading from file system: jar:file:///C:/Users/valer/.m2/repository/com/github/almasb/fxgl/17/fxgl-17.jar!/fxglassets/languages/english.lang
14:55:15.430 [FXGL Background Thread 4 ] DEBUG FXGLAssetLoaderServi - Loading from file system: jar:file:///C:/Users/valer/.m2/repository/com/github/almasb/fxgl/17/fxgl-17.jar!/fxglassets/ui/fonts/VarelaRound-Regular.ttf
14:55:15.446 [FXGL Background Thread 1 ] INFO  FXGLApplication      - FXGL initialization took: 0,463 sec
14:55:15.458 [JavaFX Application Thread] DEBUG Input                - Registered new binding: action0 - Up
14:55:15.459 [JavaFX Application Thread] DEBUG Input                - Registered new binding: action1 - Down
14:55:15.460 [JavaFX Application Thread] DEBUG Input                - Registered new binding: action2 - Left
14:55:15.460 [JavaFX Application Thread] DEBUG Input                - Registered new binding: action3 - Right
14:55:15.461 [JavaFX Application Thread] DEBUG Input                - Registered new binding: action4 - Space
14:55:15.462 [JavaFX Application Thread] DEBUG FXGLAssetLoaderServi - Loading from file system: file:/C:/Users/valer/OneDrive/Desktop/Projects/DinosaurGameCode/dinosaur-exploder/target/classes/assets/textures/icon.png
14:55:15.612 [FXGL Background Thread 4 ] DEBUG FXGLAssetLoaderServi - Loading from file system: jar:file:///C:/Users/valer/.m2/repository/com/github/almasb/fxgl/17/fxgl-17.jar!/fxglassets/ui/fonts/Abel-Regular.ttf
14:55:15.625 [FXGL Background Thread 4 ] DEBUG FXGLAssetLoaderServi - Loading from file system: jar:file:///C:/Users/valer/.m2/repository/com/github/almasb/fxgl/17/fxgl-17.jar!/fxglassets/ui/fonts/TerminalLandMono-Regular.otf
14:55:15.633 [FXGL Background Thread 4 ] DEBUG FXGLAssetLoaderServi - Loading from file system: jar:file:///C:/Users/valer/.m2/repository/com/github/almasb/fxgl/17/fxgl-17.jar!/fxglassets/ui/fonts/Courier-Prime.ttf
14:55:15.692 [JavaFX Application Thread] DEBUG FXGLAssetLoaderServi - Loading from file system: jar:file:///C:/Users/valer/.m2/repository/com/github/almasb/fxgl/17/fxgl-17.jar!/fxglassets/textures/fxgl_default_cursor.png
14:55:15.694 [JavaFX Application Thread] DEBUG Input                - Registered new binding: Screenshot - CTRL+8
14:55:15.694 [JavaFX Application Thread] DEBUG Input                - Registered new binding: System info dump - CTRL+9
14:55:15.695 [JavaFX Application Thread] DEBUG Input                - Registered new binding: Restart - CTRL+R
14:55:15.695 [JavaFX Application Thread] DEBUG Input                - Registered new binding: Toggle Debug Camera - CTRL+7
14:55:15.704 [JavaFX Application Thread] DEBUG LoopRunner           - Starting loop
14:55:15.705 [JavaFX Application Thread] DEBUG LoopRunner           - Initializing ScheduledExecutorLoop with fps: 60
14:55:15.709 [JavaFX Application Thread] DEBUG Input                - Clearing active input actions
14:55:15.718 [JavaFX Application Thread] DEBUG GameApplicationServi - Removing overlay from FXGLStartupScene and adding to FXGLMainMenuDummyScene
14:55:15.718 [JavaFX Application Thread] DEBUG PrimaryStageWindow   - FXGLStartupScene -> FXGLMainMenuDummyScene
14:55:15.718 [JavaFX Application Thread] DEBUG PrimaryStageWindow   - Push state: DinosaurMenu
14:55:15.719 [JavaFX Application Thread] DEBUG Input                - Clearing active input actions
14:55:15.727 [JavaFX Application Thread] DEBUG GameApplicationServi - Removing overlay from FXGLMainMenuDummyScene and adding to DinosaurMenu
14:55:15.727 [JavaFX Application Thread] DEBUG PrimaryStageWindow   - FXGLMainMenuDummyScene -> DinosaurMenu
14:55:15.728 [JavaFX Application Thread] DEBUG FXGLApplication      - Registering font factories with UI factory
14:55:15.918 [FXGL Background Thread 2 ] INFO  UpdaterService       - Your current version:  17
14:55:15.918 [FXGL Background Thread 2 ] INFO  UpdaterService       - Latest stable version: 17.1
14:55:16.974 [JavaFX Application Thread] DEBUG Menu                 - fireNewGame()
14:55:16.974 [JavaFX Application Thread] DEBUG GameApplicationServi - Starting new game
14:55:16.975 [JavaFX Application Thread] DEBUG PrimaryStageWindow   - Pop state: DinosaurMenu
14:55:16.975 [JavaFX Application Thread] DEBUG Input                - Clearing active input actions
14:55:16.975 [JavaFX Application Thread] DEBUG GameApplicationServi - Removing overlay from DinosaurMenu and adding to FXGLMainMenuDummyScene
14:55:16.975 [JavaFX Application Thread] DEBUG PrimaryStageWindow   - FXGLMainMenuDummyScene <- DinosaurMenu
14:55:16.976 [JavaFX Application Thread] DEBUG Input                - Clearing active input actions
14:55:16.983 [JavaFX Application Thread] DEBUG GameApplicationServi - Removing overlay from FXGLMainMenuDummyScene and adding to FXGLLoadingScene
14:55:16.983 [JavaFX Application Thread] DEBUG PrimaryStageWindow   - FXGLMainMenuDummyScene -> FXGLLoadingScene
14:55:16.983 [JavaFX Application Thread] DEBUG GameApplicationServi - Clearing previous game
14:55:16.983 [JavaFX Application Thread] DEBUG GameScene            - Clearing game scene
14:55:16.983 [JavaFX Application Thread] DEBUG GameWorld            - Clearing game world
14:55:16.984 [JavaFX Application Thread] DEBUG PhysicsWorld         - Clearing physics world
14:55:16.985 [FXGL Background Thread 2 ] DEBUG FXGLApplication      - Initializing game
14:55:17.218 [FXGL Background Thread 2 ] WARN  GameWorld            - Entity is already attached to world
14:55:17.219 [FXGL Background Thread 2 ] DEBUG FXGLAssetLoaderServi - Loading from file system: file:/C:/Users/valer/OneDrive/Desktop/Projects/DinosaurGameCode/dinosaur-exploder/target/classes/assets/textures/spaceship.png
14:55:17.232 [FXGL Background Thread 2 ] DEBUG FXGLAssetLoaderServi - Loading from file system: file:/C:/Users/valer/OneDrive/Desktop/Projects/DinosaurGameCode/dinosaur-exploder/target/classes/assets/sounds/engine.wav
14:55:17.330 [FXGL Background Thread 2 ] DEBUG FXGLAssetLoaderServi - Loading from file system: file:/C:/Users/valer/OneDrive/Desktop/Projects/DinosaurGameCode/dinosaur-exploder/target/classes/assets/textures/life.png
14:55:17.339 [FXGL Background Thread 2 ] INFO  FXGLApplication      - Game initialization took: 0,354 sec
14:55:17.345 [JavaFX Application Thread] DEBUG Input                - Clearing active input actions
14:55:17.352 [JavaFX Application Thread] DEBUG GameApplicationServi - Removing overlay from FXGLLoadingScene and adding to GameScene
14:55:17.353 [JavaFX Application Thread] DEBUG PrimaryStageWindow   - FXGLLoadingScene -> GameScene
14:55:18.092 [JavaFX Application Thread] DEBUG FXGLAssetLoaderServi - Loading from file system: file:/C:/Users/valer/OneDrive/Desktop/Projects/DinosaurGameCode/dinosaur-exploder/target/classes/assets/textures/greenDino.png
14:55:18.430 [FXGL Background Thread 3 ] DEBUG Engine               - Logging environment variables
14:55:18.432 [FXGL Background Thread 3 ] DEBUG Engine               - achievements: []
14:55:18.433 [FXGL Background Thread 3 ] DEBUG Engine               - actualHeight: 750.0
14:55:18.433 [FXGL Background Thread 3 ] DEBUG Engine               - actualHeightProperty: ReadOnlyDoubleProperty [value: 750.0]
14:55:18.434 [FXGL Background Thread 3 ] DEBUG Engine               - actualWidth: 550.0
14:55:18.434 [FXGL Background Thread 3 ] DEBUG Engine               - actualWidthProperty: ReadOnlyDoubleProperty [value: 550.0]
14:55:18.434 [FXGL Background Thread 3 ] DEBUG Engine               - appIcon: icon.png
14:55:18.434 [FXGL Background Thread 3 ] DEBUG Engine               - applicationMode: DEVELOPER
14:55:18.434 [FXGL Background Thread 3 ] DEBUG Engine               - cSSList: [fxgl_dark.css]
14:55:18.434 [FXGL Background Thread 3 ] DEBUG Engine               - collisionDetectionStrategy: BRUTE_FORCE
14:55:18.434 [FXGL Background Thread 3 ] DEBUG Engine               - configClass: Optional.empty
14:55:18.435 [FXGL Background Thread 3 ] DEBUG Engine               - credits: []
14:55:18.435 [FXGL Background Thread 3 ] DEBUG Engine               - defaultCursor: CursorInfo(imageName=fxgl_default_cursor.png, hotspotX=7.0, hotspotY=6.0)
14:55:18.435 [FXGL Background Thread 3 ] DEBUG Engine               - devBBoxColorProperty: ObjectProperty [value: 0xff0000ff]
14:55:18.435 [FXGL Background Thread 3 ] DEBUG Engine               - devEnableDebugCameraProperty: BooleanProperty [value: false]
14:55:18.435 [FXGL Background Thread 3 ] DEBUG Engine               - devSensorColorProperty: ObjectProperty [value: 0xffff00ff]
14:55:18.436 [FXGL Background Thread 3 ] DEBUG Engine               - devShowBBoxProperty: BooleanProperty [value: false]
14:55:18.436 [FXGL Background Thread 3 ] DEBUG Engine               - devShowPositionProperty: BooleanProperty [value: false]
14:55:18.436 [FXGL Background Thread 3 ] DEBUG Engine               - enabledMenuItems: []
14:55:18.436 [FXGL Background Thread 3 ] DEBUG Engine               - engineServices: [class com.almasb.fxgl.app.services.FXGLAssetLoaderService, class com.almasb.fxgl.app.FXGLApplication$GameApplicationService, class com.almasb.fxgl.app.services.FXGLDialogService, class com.almasb.fxgl.app.services.IOTaskExecutorService, class com.almasb.fxgl.io.FileSystemService, class com.almasb.fxgl.localization.LocalizationService, class com.almasb.fxgl.app.services.SystemBundleService, class com.almasb.fxgl.profile.SaveLoadService, class com.almasb.fxgl.ui.FXGLUIFactoryServiceProvider, class com.almasb.fxgl.ui.FXGLDialogFactoryServiceProvider, class com.almasb.fxgl.audio.AudioPlayer, class com.almasb.fxgl.notification.impl.NotificationServiceProvider, class com.almasb.fxgl.achievement.AchievementService, class com.almasb.fxgl.cutscene.CutsceneService, class com.almasb.fxgl.minigames.MiniGameService, class com.almasb.fxgl.net.NetService, class com.almasb.fxgl.app.services.UpdaterService, class com.almasb.fxgl.dev.DevService]
14:55:18.436 [FXGL Background Thread 3 ] DEBUG Engine               - fontGame: Abel-Regular.ttf
14:55:18.436 [FXGL Background Thread 3 ] DEBUG Engine               - fontMono: TerminalLandMono-Regular.otf
14:55:18.436 [FXGL Background Thread 3 ] DEBUG Engine               - fontText: Courier-Prime.ttf
14:55:18.436 [FXGL Background Thread 3 ] DEBUG Engine               - fontUI: VarelaRound-Regular.ttf
14:55:18.436 [FXGL Background Thread 3 ] DEBUG Engine               - fullScreen: BooleanProperty [value: false]
14:55:18.436 [FXGL Background Thread 3 ] DEBUG Engine               - gameDifficulty: MEDIUM
14:55:18.436 [FXGL Background Thread 3 ] DEBUG Engine               - gameDifficultyProperty: ObjectProperty [value: MEDIUM]
14:55:18.436 [FXGL Background Thread 3 ] DEBUG Engine               - globalMusicVolume: 0.5
14:55:18.436 [FXGL Background Thread 3 ] DEBUG Engine               - globalMusicVolumeProperty: DoubleProperty [value: 0.5]
14:55:18.437 [FXGL Background Thread 3 ] DEBUG Engine               - globalSoundVolume: 0.5
14:55:18.437 [FXGL Background Thread 3 ] DEBUG Engine               - globalSoundVolumeProperty: DoubleProperty [value: 0.5]
14:55:18.437 [FXGL Background Thread 3 ] DEBUG Engine               - height: 750
14:55:18.437 [FXGL Background Thread 3 ] DEBUG Engine               - is3D: false
14:55:18.437 [FXGL Background Thread 3 ] DEBUG Engine               - isAndroid: false
14:55:18.437 [FXGL Background Thread 3 ] DEBUG Engine               - isBrowser: false
14:55:18.437 [FXGL Background Thread 3 ] DEBUG Engine               - isClickFeedbackEnabled: false
14:55:18.437 [FXGL Background Thread 3 ] DEBUG Engine               - isCloseConfirmation: false
14:55:18.437 [FXGL Background Thread 3 ] DEBUG Engine               - isDesktop: true
14:55:18.438 [FXGL Background Thread 3 ] DEBUG Engine               - isDeveloperMenuEnabled: false
14:55:18.438 [FXGL Background Thread 3 ] DEBUG Engine               - isEmbedded: false
14:55:18.438 [FXGL Background Thread 3 ] DEBUG Engine               - isEntityPreloadEnabled: true
14:55:18.438 [FXGL Background Thread 3 ] DEBUG Engine               - isExperimentalTiledLargeMap: false
14:55:18.438 [FXGL Background Thread 3 ] DEBUG Engine               - isFileSystemWriteAllowed: true
14:55:18.438 [FXGL Background Thread 3 ] DEBUG Engine               - isFullScreenAllowed: false
14:55:18.439 [FXGL Background Thread 3 ] DEBUG Engine               - isFullScreenFromStart: false
14:55:18.439 [FXGL Background Thread 3 ] DEBUG Engine               - isGameMenuEnabled: true
14:55:18.439 [FXGL Background Thread 3 ] DEBUG Engine               - isIOS: false
14:55:18.439 [FXGL Background Thread 3 ] DEBUG Engine               - isIntroEnabled: false
14:55:18.439 [FXGL Background Thread 3 ] DEBUG Engine               - isLinux: false
14:55:18.439 [FXGL Background Thread 3 ] DEBUG Engine               - isMac: false
14:55:18.439 [FXGL Background Thread 3 ] DEBUG Engine               - isMainMenuEnabled: true
14:55:18.439 [FXGL Background Thread 3 ] DEBUG Engine               - isManualResizeEnabled: false
14:55:18.440 [FXGL Background Thread 3 ] DEBUG Engine               - isMobile: false
14:55:18.440 [FXGL Background Thread 3 ] DEBUG Engine               - isNative: false
14:55:18.440 [FXGL Background Thread 3 ] DEBUG Engine               - isPauseMusicWhenMinimized: true
14:55:18.440 [FXGL Background Thread 3 ] DEBUG Engine               - isPreserveResizeRatio: false
14:55:18.440 [FXGL Background Thread 3 ] DEBUG Engine               - isProfilingEnabled: false
14:55:18.440 [FXGL Background Thread 3 ] DEBUG Engine               - isScaleAffectedOnResize: true
14:55:18.440 [FXGL Background Thread 3 ] DEBUG Engine               - isSingleStep: false
14:55:18.440 [FXGL Background Thread 3 ] DEBUG Engine               - isUserProfileEnabled: false
14:55:18.441 [FXGL Background Thread 3 ] DEBUG Engine               - isWindows: true
14:55:18.441 [FXGL Background Thread 3 ] DEBUG Engine               - language: ObjectProperty [value: ENGLISH]
14:55:18.441 [FXGL Background Thread 3 ] DEBUG Engine               - menuKey: ESCAPE
14:55:18.441 [FXGL Background Thread 3 ] DEBUG Engine               - mouseSensitivity: 0.2
14:55:18.441 [FXGL Background Thread 3 ] DEBUG Engine               - notificationViewClass: class com.almasb.fxgl.notification.view.XboxNotificationView
14:55:18.441 [FXGL Background Thread 3 ] DEBUG Engine               - pixelsPerMeter: 50.0
14:55:18.442 [FXGL Background Thread 3 ] DEBUG Engine               - platform: WINDOWS
14:55:18.442 [FXGL Background Thread 3 ] DEBUG Engine               - prefHeightProperty: ReadOnlyDoubleProperty [value: 750.0]
14:55:18.442 [FXGL Background Thread 3 ] DEBUG Engine               - prefWidthProperty: ReadOnlyDoubleProperty [value: 550.0]
14:55:18.442 [FXGL Background Thread 3 ] DEBUG Engine               - profileDir: profiles/
14:55:18.442 [FXGL Background Thread 3 ] DEBUG Engine               - profileName: StringProperty [value: DEFAULT]
14:55:18.443 [FXGL Background Thread 3 ] DEBUG Engine               - randomSeed: -1
14:55:18.445 [FXGL Background Thread 3 ] DEBUG Engine               - runtimeInfo: RuntimeInfo(platform=WINDOWS, version=17, build=31.12.2021 18.16)
14:55:18.446 [FXGL Background Thread 3 ] DEBUG Engine               - saveFileExt: sav
14:55:18.446 [FXGL Background Thread 3 ] DEBUG Engine               - scaledHeightProp$fxgl: DoubleProperty [bound, value: 750.0]
14:55:18.447 [FXGL Background Thread 3 ] DEBUG Engine               - scaledWidthProp$fxgl: DoubleProperty [bound, value: 550.0]
14:55:18.447 [FXGL Background Thread 3 ] DEBUG Engine               - sceneFactory: com.dinosaur.dinosaurexploder.view.DinosaurGUI$1@111abefb
14:55:18.448 [FXGL Background Thread 3 ] DEBUG Engine               - secondsIn24h: 60
14:55:18.448 [FXGL Background Thread 3 ] DEBUG Engine               - soundMenuBack: menu/back.wav
14:55:18.449 [FXGL Background Thread 3 ] DEBUG Engine               - soundMenuPress: menu/press.wav
14:55:18.449 [FXGL Background Thread 3 ] DEBUG Engine               - soundMenuSelect: menu/select.wav
14:55:18.450 [FXGL Background Thread 3 ] DEBUG Engine               - soundNotification: core/notification.wav
14:55:18.451 [FXGL Background Thread 3 ] DEBUG Engine               - stageStyle: DECORATED
14:55:18.451 [FXGL Background Thread 3 ] DEBUG Engine               - supportedLanguages: [ENGLISH, FRENCH, GERMAN, HUNGARIAN, RUSSIAN]
14:55:18.451 [FXGL Background Thread 3 ] DEBUG Engine               - ticksPerSecond: 60
14:55:18.451 [FXGL Background Thread 3 ] DEBUG Engine               - title: Dinosaur Exploder
14:55:18.451 [FXGL Background Thread 3 ] DEBUG Engine               - urlGithub: https://github.com/AlmasB/FXGL
14:55:18.452 [FXGL Background Thread 3 ] DEBUG Engine               - urlLeaderboard: http://fxgl-top.herokuapp.com/
14:55:18.452 [FXGL Background Thread 3 ] DEBUG Engine               - urlPOM: https://raw.githubusercontent.com/AlmasB/FXGL/release/README.md
14:55:18.452 [FXGL Background Thread 3 ] DEBUG Engine               - userAppClass: class com.dinosaur.dinosaurexploder.DinosaurApp
14:55:18.452 [FXGL Background Thread 3 ] DEBUG Engine               - version: 1.0
14:55:18.452 [FXGL Background Thread 3 ] DEBUG Engine               - versionCheckDays: 7
14:55:18.453 [FXGL Background Thread 3 ] DEBUG Engine               - width: 550
14:55:18.453 [FXGL Background Thread 3 ] DEBUG Engine               - Logging services
14:55:18.453 [FXGL Background Thread 3 ] DEBUG Engine               - class com.almasb.fxgl.app.services.FXGLAssetLoaderService
14:55:18.453 [FXGL Background Thread 3 ] DEBUG Engine               - class com.almasb.fxgl.app.FXGLApplication$GameApplicationService
14:55:18.453 [FXGL Background Thread 3 ] DEBUG Engine               - class com.almasb.fxgl.app.services.FXGLDialogService
14:55:18.453 [FXGL Background Thread 3 ] DEBUG Engine               - class com.almasb.fxgl.app.services.IOTaskExecutorService
14:55:18.453 [FXGL Background Thread 3 ] DEBUG Engine               - class com.almasb.fxgl.io.FileSystemService
14:55:18.454 [FXGL Background Thread 3 ] DEBUG Engine               - class com.almasb.fxgl.localization.LocalizationService
14:55:18.454 [FXGL Background Thread 3 ] DEBUG Engine               - class com.almasb.fxgl.app.services.SystemBundleService
14:55:18.454 [FXGL Background Thread 3 ] DEBUG Engine               - class com.almasb.fxgl.profile.SaveLoadService
14:55:18.454 [FXGL Background Thread 3 ] DEBUG Engine               - class com.almasb.fxgl.ui.FXGLUIFactoryServiceProvider
14:55:18.454 [FXGL Background Thread 3 ] DEBUG Engine               - class com.almasb.fxgl.ui.FXGLDialogFactoryServiceProvider
14:55:18.454 [FXGL Background Thread 3 ] DEBUG Engine               - class com.almasb.fxgl.audio.AudioPlayer
14:55:18.454 [FXGL Background Thread 3 ] DEBUG Engine               - class com.almasb.fxgl.notification.impl.NotificationServiceProvider
14:55:18.454 [FXGL Background Thread 3 ] DEBUG Engine               - class com.almasb.fxgl.achievement.AchievementService
14:55:18.455 [FXGL Background Thread 3 ] DEBUG Engine               - class com.almasb.fxgl.cutscene.CutsceneService
14:55:18.455 [FXGL Background Thread 3 ] DEBUG Engine               - class com.almasb.fxgl.minigames.MiniGameService
14:55:18.455 [FXGL Background Thread 3 ] DEBUG Engine               - class com.almasb.fxgl.net.NetService
14:55:18.455 [FXGL Background Thread 3 ] DEBUG Engine               - class com.almasb.fxgl.app.services.UpdaterService
14:55:18.455 [FXGL Background Thread 3 ] DEBUG Engine               - class com.almasb.fxgl.dev.DevService
14:55:18.860 [JavaFX Application Thread] DEBUG FXGLAssetLoaderServi - Loading from file system: file:/C:/Users/valer/OneDrive/Desktop/Projects/DinosaurGameCode/dinosaur-exploder/target/classes/assets/sounds/enemyShoot.wav
14:55:18.871 [JavaFX Application Thread] DEBUG FXGLAssetLoaderServi - Loading from file system: file:/C:/Users/valer/OneDrive/Desktop/Projects/DinosaurGameCode/dinosaur-exploder/target/classes/assets/textures/enemyProjectile.png
14:55:20.491 [JavaFX Application Thread] DEBUG FXGLAssetLoaderServi - Loading from file system: file:/C:/Users/valer/OneDrive/Desktop/Projects/DinosaurGameCode/dinosaur-exploder/target/classes/assets/sounds/playerHit.wav
14:55:34.015 [JavaFX Application Thread] DEBUG FXGLApplication      - Exiting FXGL
14:55:34.015 [JavaFX Application Thread] DEBUG LoopRunner           - Stopping loop
14:55:34.016 [JavaFX Application Thread] DEBUG SystemBundleService  - Saving FXGL system data
14:55:34.021 [JavaFX Application Thread] DEBUG FileSystemAccess     - Writing to: C:\Users\valer\OneDrive\Desktop\Projects\DinosaurGameCode\system\fxgl.bundle
14:55:34.025 [JavaFX Application Thread] DEBUG Async                - Shutting down background threads
14:55:34.026 [JavaFX Application Thread] DEBUG PrimaryStageWindow   - Closing main window
14:55:34.043 [JavaFX Application Thread] DEBUG Logger               - Closing Logger
