17:24:12.989 [main                     ] DEBUG Logger               - Configured Logger
17:24:13.021 [main                     ] DEBUG GameApplication      - Logging settings
Title: Dinosaur Exploder
Version: 1.0
Width: 550
Height: 750
Fullscreen: false
Intro: false
Profiling: false
Single step:false
App Mode: DEVELOPER
Menu Key: ESCAPE
Stage Style: DECORATED
Scene Factory: class com.dinosaur.dinosaurexploder.view.DinosaurGUI$1

17:24:13.394 [JavaFX Application Thread] DEBUG FXGLApplication      - Initializing FXGL
17:24:13.404 [JavaFX Application Thread] INFO  Engine               - FXGL-17 (31.12.2021 18.16) on WINDOWS (J:17.0.3.1 FX:17.0.2-ea)
17:24:13.404 [JavaFX Application Thread] DEBUG Engine               - JRE Vendor Name: Oracle Corporation
17:24:13.405 [JavaFX Application Thread] DEBUG Engine               - Running on OS: Windows 10 version 10.0
17:24:13.405 [JavaFX Application Thread] DEBUG Engine               - Architecture: amd64
17:24:13.405 [JavaFX Application Thread] INFO  Engine               - Source code and latest versions at: https://github.com/AlmasB/FXGL
17:24:13.405 [JavaFX Application Thread] INFO  Engine               -       Ask questions and discuss at: https://github.com/AlmasB/FXGL/discussions
17:24:13.406 [JavaFX Application Thread] INFO  Engine               -              Join the FXGL chat at: https://gitter.im/AlmasB/FXGL
17:24:13.490 [JavaFX Application Thread] DEBUG PrimaryStageWindow   - Creating a JavaFX scene
17:24:13.535 [JavaFX Application Thread] DEBUG PrimaryStageWindow   - Target settings size: 550.0 x 750.0
17:24:13.535 [JavaFX Application Thread] DEBUG PrimaryStageWindow   - Scaled scene size:    550.0 x 750.0
17:24:13.535 [JavaFX Application Thread] DEBUG PrimaryStageWindow   - Scaled ratio: (1.0, 1.0)
17:24:13.536 [JavaFX Application Thread] DEBUG PrimaryStageWindow   - Set initial scene to FXGLStartupScene
17:24:13.543 [JavaFX Application Thread] DEBUG PrimaryStageWindow   - Opening main window
17:24:13.623 [JavaFX Application Thread] DEBUG PrimaryStageWindow   - Window border size: (14.79998779296875, 38.0)
17:24:13.625 [JavaFX Application Thread] DEBUG PrimaryStageWindow   - Scaled size: 550.0 x 750.0
17:24:13.625 [JavaFX Application Thread] DEBUG PrimaryStageWindow   - Scaled ratio: (1.0, 1.0)
17:24:13.625 [JavaFX Application Thread] DEBUG PrimaryStageWindow   - Scene size: 550.0 x 750.0
17:24:13.626 [JavaFX Application Thread] DEBUG PrimaryStageWindow   - Stage size: 564.7999877929688 x 788.0
17:24:13.637 [FXGL Background Thread 1 ] DEBUG Engine               - Initializing environment variables
17:24:13.675 [FXGL Background Thread 1 ] DEBUG FXGLAssetLoaderServi - User app class for loading assets: class com.dinosaur.dinosaurexploder.DinosaurApp
17:24:13.675 [FXGL Background Thread 1 ] DEBUG GameApplicationServi - Applying CSS: fxgl_dark.css
17:24:13.676 [FXGL Background Thread 1 ] DEBUG FXGLAssetLoaderServi - Loading from file system: jar:file:///C:/Users/valer/.m2/repository/com/github/almasb/fxgl/17/fxgl-17.jar!/fxglassets/ui/css/fxgl_dark.css
17:24:13.725 [FXGL Background Thread 1 ] DEBUG GameApplicationServi - Initializing application scenes
17:24:13.772 [FXGL Background Thread 1 ] DEBUG GameWorld            - Game world initialized
17:24:13.837 [FXGL Background Thread 1 ] DEBUG PhysicsWorld         - Physics world initialized: appHeight=750, physics.ppm=50,0
17:24:13.838 [FXGL Background Thread 1 ] DEBUG PhysicsWorld         - Using strategy: BRUTE_FORCE
17:24:13.842 [FXGL Background Thread 1 ] DEBUG GameScene            - Game scene initialized: 550x750
17:24:13.860 [FXGL Background Thread 1 ] WARN  FXGL.DefaultMenu     - FXGLDefaultMenu is not designed for resolutions < 800x600
17:24:13.860 [FXGL Background Thread 1 ] DEBUG FXGL.DefaultMenu     - createMenuBodyGameMenu()
17:24:13.871 [FXGL Background Thread 1 ] DEBUG FXGL.DefaultMenu     - createOptionsMenu()
17:24:13.879 [FXGL Background Thread 1 ] DEBUG FXGLAssetLoaderServi - Loading from file system: jar:file:///C:/Users/valer/.m2/repository/com/github/almasb/fxgl/17/fxgl-17.jar!/fxglassets/textures/particles/smoke.png
17:24:13.971 [FXGL Background Thread 1 ] DEBUG FXGLAssetLoaderServi - Loading from file system: jar:file:///C:/Users/valer/.m2/repository/com/github/almasb/fxgl/17/fxgl-17.jar!/fxglassets/textures/particles/trace_horizontal.png
17:24:14.002 [FXGL Background Thread 1 ] DEBUG GameApplicationServi - Application scenes initialized
17:24:14.012 [FXGL Background Thread 1 ] DEBUG SystemBundleService  - Loading FXGL system data
17:24:14.016 [FXGL Background Thread 1 ] WARN  SystemBundleService  - Failed to load: java.io.FileNotFoundException: C:\Users\valer\OneDrive\Desktop\Projects\DinosaurGameCode\system\fxgl.bundle (Das System kann die angegebene Datei nicht finden)
17:24:14.016 [FXGL Background Thread 1 ] DEBUG SystemBundleService  - Loading default FXGL system data
17:24:14.017 [FXGL Background Thread 1 ] DEBUG UpdaterService       - Checking for updates
17:24:14.020 [FXGL Background Thread 4 ] DEBUG FXGLApplication      - Loading fonts
17:24:14.022 [FXGL Background Thread 1 ] DEBUG FXGLApplication      - Loading default localization
17:24:14.022 [FXGL Background Thread 4 ] DEBUG FXGLAssetLoaderServi - Loading from file system: jar:file:///C:/Users/valer/.m2/repository/com/github/almasb/fxgl/17/fxgl-17.jar!/fxglassets/ui/fonts/VarelaRound-Regular.ttf
17:24:14.022 [FXGL Background Thread 1 ] DEBUG FXGLAssetLoaderServi - Loading from file system: jar:file:///C:/Users/valer/.m2/repository/com/github/almasb/fxgl/17/fxgl-17.jar!/fxglassets/languages/english.lang
17:24:14.040 [FXGL Background Thread 1 ] INFO  FXGLApplication      - FXGL initialization took: 0,402 sec
17:24:14.052 [JavaFX Application Thread] DEBUG Input                - Registered new binding: action0 - Up
17:24:14.053 [JavaFX Application Thread] DEBUG Input                - Registered new binding: action1 - Down
17:24:14.054 [JavaFX Application Thread] DEBUG Input                - Registered new binding: action2 - Left
17:24:14.054 [JavaFX Application Thread] DEBUG Input                - Registered new binding: action3 - Right
17:24:14.055 [JavaFX Application Thread] DEBUG Input                - Registered new binding: action4 - Space
17:24:14.056 [JavaFX Application Thread] DEBUG FXGLAssetLoaderServi - Loading from file system: file:/C:/Users/valer/OneDrive/Desktop/Projects/DinosaurGameCode/dinosaur-exploder/target/classes/assets/textures/icon.png
17:24:14.078 [FXGL Background Thread 4 ] DEBUG FXGLAssetLoaderServi - Loading from file system: jar:file:///C:/Users/valer/.m2/repository/com/github/almasb/fxgl/17/fxgl-17.jar!/fxglassets/ui/fonts/Abel-Regular.ttf
17:24:14.088 [FXGL Background Thread 4 ] DEBUG FXGLAssetLoaderServi - Loading from file system: jar:file:///C:/Users/valer/.m2/repository/com/github/almasb/fxgl/17/fxgl-17.jar!/fxglassets/ui/fonts/TerminalLandMono-Regular.otf
17:24:14.103 [FXGL Background Thread 4 ] DEBUG FXGLAssetLoaderServi - Loading from file system: jar:file:///C:/Users/valer/.m2/repository/com/github/almasb/fxgl/17/fxgl-17.jar!/fxglassets/ui/fonts/Courier-Prime.ttf
17:24:14.242 [JavaFX Application Thread] DEBUG FXGLAssetLoaderServi - Loading from file system: jar:file:///C:/Users/valer/.m2/repository/com/github/almasb/fxgl/17/fxgl-17.jar!/fxglassets/textures/fxgl_default_cursor.png
17:24:14.244 [JavaFX Application Thread] DEBUG Input                - Registered new binding: Screenshot - CTRL+8
17:24:14.245 [JavaFX Application Thread] DEBUG Input                - Registered new binding: System info dump - CTRL+9
17:24:14.245 [JavaFX Application Thread] DEBUG Input                - Registered new binding: Restart - CTRL+R
17:24:14.245 [JavaFX Application Thread] DEBUG Input                - Registered new binding: Toggle Debug Camera - CTRL+7
17:24:14.247 [JavaFX Application Thread] DEBUG LoopRunner           - Starting loop
17:24:14.248 [JavaFX Application Thread] DEBUG LoopRunner           - Initializing ScheduledExecutorLoop with fps: 60
17:24:14.250 [JavaFX Application Thread] DEBUG Input                - Clearing active input actions
17:24:14.258 [JavaFX Application Thread] DEBUG GameApplicationServi - Removing overlay from FXGLStartupScene and adding to FXGLMainMenuDummyScene
17:24:14.259 [JavaFX Application Thread] DEBUG PrimaryStageWindow   - FXGLStartupScene -> FXGLMainMenuDummyScene
17:24:14.259 [JavaFX Application Thread] DEBUG PrimaryStageWindow   - Push state: DinosaurMenu
17:24:14.260 [JavaFX Application Thread] DEBUG Input                - Clearing active input actions
17:24:14.266 [JavaFX Application Thread] DEBUG GameApplicationServi - Removing overlay from FXGLMainMenuDummyScene and adding to DinosaurMenu
17:24:14.267 [JavaFX Application Thread] DEBUG PrimaryStageWindow   - FXGLMainMenuDummyScene -> DinosaurMenu
17:24:14.269 [JavaFX Application Thread] DEBUG FXGLApplication      - Registering font factories with UI factory
17:24:14.775 [FXGL Background Thread 2 ] INFO  UpdaterService       - Your current version:  17
17:24:14.775 [FXGL Background Thread 2 ] INFO  UpdaterService       - Latest stable version: 17.1
17:24:15.007 [JavaFX Application Thread] DEBUG Menu                 - fireNewGame()
17:24:15.008 [JavaFX Application Thread] DEBUG GameApplicationServi - Starting new game
17:24:15.008 [JavaFX Application Thread] DEBUG PrimaryStageWindow   - Pop state: DinosaurMenu
17:24:15.008 [JavaFX Application Thread] DEBUG Input                - Clearing active input actions
17:24:15.009 [JavaFX Application Thread] DEBUG GameApplicationServi - Removing overlay from DinosaurMenu and adding to FXGLMainMenuDummyScene
17:24:15.010 [JavaFX Application Thread] DEBUG PrimaryStageWindow   - FXGLMainMenuDummyScene <- DinosaurMenu
17:24:15.011 [JavaFX Application Thread] DEBUG Input                - Clearing active input actions
17:24:15.026 [JavaFX Application Thread] DEBUG GameApplicationServi - Removing overlay from FXGLMainMenuDummyScene and adding to FXGLLoadingScene
17:24:15.027 [JavaFX Application Thread] DEBUG PrimaryStageWindow   - FXGLMainMenuDummyScene -> FXGLLoadingScene
17:24:15.027 [JavaFX Application Thread] DEBUG GameApplicationServi - Clearing previous game
17:24:15.027 [JavaFX Application Thread] DEBUG GameScene            - Clearing game scene
17:24:15.027 [JavaFX Application Thread] DEBUG GameWorld            - Clearing game world
17:24:15.027 [JavaFX Application Thread] DEBUG PhysicsWorld         - Clearing physics world
17:24:15.029 [FXGL Background Thread 2 ] DEBUG FXGLApplication      - Initializing game
17:24:15.255 [FXGL Background Thread 2 ] WARN  GameWorld            - Entity is already attached to world
17:24:15.256 [FXGL Background Thread 2 ] DEBUG FXGLAssetLoaderServi - Loading from file system: file:/C:/Users/valer/OneDrive/Desktop/Projects/DinosaurGameCode/dinosaur-exploder/target/classes/assets/textures/spaceship.png
17:24:15.272 [FXGL Background Thread 2 ] DEBUG FXGLAssetLoaderServi - Loading from file system: file:/C:/Users/valer/OneDrive/Desktop/Projects/DinosaurGameCode/dinosaur-exploder/target/classes/assets/sounds/engine.wav
17:24:15.372 [FXGL Background Thread 2 ] DEBUG FXGLAssetLoaderServi - Loading from file system: file:/C:/Users/valer/OneDrive/Desktop/Projects/DinosaurGameCode/dinosaur-exploder/target/classes/assets/textures/life.png
17:24:15.378 [FXGL Background Thread 2 ] INFO  FXGLApplication      - Game initialization took: 0,348 sec
17:24:15.383 [JavaFX Application Thread] DEBUG Input                - Clearing active input actions
17:24:15.390 [JavaFX Application Thread] DEBUG GameApplicationServi - Removing overlay from FXGLLoadingScene and adding to GameScene
17:24:15.391 [JavaFX Application Thread] DEBUG PrimaryStageWindow   - FXGLLoadingScene -> GameScene
17:24:16.119 [JavaFX Application Thread] DEBUG FXGLAssetLoaderServi - Loading from file system: file:/C:/Users/valer/OneDrive/Desktop/Projects/DinosaurGameCode/dinosaur-exploder/target/classes/assets/textures/greenDino.png
17:24:16.885 [JavaFX Application Thread] DEBUG FXGLAssetLoaderServi - Loading from file system: file:/C:/Users/valer/OneDrive/Desktop/Projects/DinosaurGameCode/dinosaur-exploder/target/classes/assets/sounds/enemyShoot.wav
17:24:16.897 [JavaFX Application Thread] DEBUG FXGLAssetLoaderServi - Loading from file system: file:/C:/Users/valer/OneDrive/Desktop/Projects/DinosaurGameCode/dinosaur-exploder/target/classes/assets/textures/enemyProjectile.png
17:24:17.021 [FXGL Background Thread 3 ] DEBUG Engine               - Logging environment variables
17:24:17.022 [FXGL Background Thread 3 ] DEBUG Engine               - achievements: []
17:24:17.022 [FXGL Background Thread 3 ] DEBUG Engine               - actualHeight: 750.0
17:24:17.023 [FXGL Background Thread 3 ] DEBUG Engine               - actualHeightProperty: ReadOnlyDoubleProperty [value: 750.0]
17:24:17.023 [FXGL Background Thread 3 ] DEBUG Engine               - actualWidth: 550.0
17:24:17.023 [FXGL Background Thread 3 ] DEBUG Engine               - actualWidthProperty: ReadOnlyDoubleProperty [value: 550.0]
17:24:17.024 [FXGL Background Thread 3 ] DEBUG Engine               - appIcon: icon.png
17:24:17.024 [FXGL Background Thread 3 ] DEBUG Engine               - applicationMode: DEVELOPER
17:24:17.024 [FXGL Background Thread 3 ] DEBUG Engine               - cSSList: [fxgl_dark.css]
17:24:17.025 [FXGL Background Thread 3 ] DEBUG Engine               - collisionDetectionStrategy: BRUTE_FORCE
17:24:17.025 [FXGL Background Thread 3 ] DEBUG Engine               - configClass: Optional.empty
17:24:17.025 [FXGL Background Thread 3 ] DEBUG Engine               - credits: []
17:24:17.026 [FXGL Background Thread 3 ] DEBUG Engine               - defaultCursor: CursorInfo(imageName=fxgl_default_cursor.png, hotspotX=7.0, hotspotY=6.0)
17:24:17.027 [FXGL Background Thread 3 ] DEBUG Engine               - devBBoxColorProperty: ObjectProperty [value: 0xff0000ff]
17:24:17.027 [FXGL Background Thread 3 ] DEBUG Engine               - devEnableDebugCameraProperty: BooleanProperty [value: false]
17:24:17.028 [FXGL Background Thread 3 ] DEBUG Engine               - devSensorColorProperty: ObjectProperty [value: 0xffff00ff]
17:24:17.028 [FXGL Background Thread 3 ] DEBUG Engine               - devShowBBoxProperty: BooleanProperty [value: false]
17:24:17.028 [FXGL Background Thread 3 ] DEBUG Engine               - devShowPositionProperty: BooleanProperty [value: false]
17:24:17.028 [FXGL Background Thread 3 ] DEBUG Engine               - enabledMenuItems: []
17:24:17.029 [FXGL Background Thread 3 ] DEBUG Engine               - engineServices: [class com.almasb.fxgl.app.services.FXGLAssetLoaderService, class com.almasb.fxgl.app.FXGLApplication$GameApplicationService, class com.almasb.fxgl.app.services.FXGLDialogService, class com.almasb.fxgl.app.services.IOTaskExecutorService, class com.almasb.fxgl.io.FileSystemService, class com.almasb.fxgl.localization.LocalizationService, class com.almasb.fxgl.app.services.SystemBundleService, class com.almasb.fxgl.profile.SaveLoadService, class com.almasb.fxgl.ui.FXGLUIFactoryServiceProvider, class com.almasb.fxgl.ui.FXGLDialogFactoryServiceProvider, class com.almasb.fxgl.audio.AudioPlayer, class com.almasb.fxgl.notification.impl.NotificationServiceProvider, class com.almasb.fxgl.achievement.AchievementService, class com.almasb.fxgl.cutscene.CutsceneService, class com.almasb.fxgl.minigames.MiniGameService, class com.almasb.fxgl.net.NetService, class com.almasb.fxgl.app.services.UpdaterService, class com.almasb.fxgl.dev.DevService]
17:24:17.029 [FXGL Background Thread 3 ] DEBUG Engine               - fontGame: Abel-Regular.ttf
17:24:17.029 [FXGL Background Thread 3 ] DEBUG Engine               - fontMono: TerminalLandMono-Regular.otf
17:24:17.029 [FXGL Background Thread 3 ] DEBUG Engine               - fontText: Courier-Prime.ttf
17:24:17.030 [FXGL Background Thread 3 ] DEBUG Engine               - fontUI: VarelaRound-Regular.ttf
17:24:17.030 [FXGL Background Thread 3 ] DEBUG Engine               - fullScreen: BooleanProperty [value: false]
17:24:17.031 [FXGL Background Thread 3 ] DEBUG Engine               - gameDifficulty: MEDIUM
17:24:17.031 [FXGL Background Thread 3 ] DEBUG Engine               - gameDifficultyProperty: ObjectProperty [value: MEDIUM]
17:24:17.031 [FXGL Background Thread 3 ] DEBUG Engine               - globalMusicVolume: 0.5
17:24:17.031 [FXGL Background Thread 3 ] DEBUG Engine               - globalMusicVolumeProperty: DoubleProperty [value: 0.5]
17:24:17.031 [FXGL Background Thread 3 ] DEBUG Engine               - globalSoundVolume: 0.5
17:24:17.032 [FXGL Background Thread 3 ] DEBUG Engine               - globalSoundVolumeProperty: DoubleProperty [value: 0.5]
17:24:17.032 [FXGL Background Thread 3 ] DEBUG Engine               - height: 750
17:24:17.032 [FXGL Background Thread 3 ] DEBUG Engine               - is3D: false
17:24:17.032 [FXGL Background Thread 3 ] DEBUG Engine               - isAndroid: false
17:24:17.032 [FXGL Background Thread 3 ] DEBUG Engine               - isBrowser: false
17:24:17.033 [FXGL Background Thread 3 ] DEBUG Engine               - isClickFeedbackEnabled: false
17:24:17.033 [FXGL Background Thread 3 ] DEBUG Engine               - isCloseConfirmation: false
17:24:17.033 [FXGL Background Thread 3 ] DEBUG Engine               - isDesktop: true
17:24:17.033 [FXGL Background Thread 3 ] DEBUG Engine               - isDeveloperMenuEnabled: false
17:24:17.033 [FXGL Background Thread 3 ] DEBUG Engine               - isEmbedded: false
17:24:17.033 [FXGL Background Thread 3 ] DEBUG Engine               - isEntityPreloadEnabled: true
17:24:17.034 [FXGL Background Thread 3 ] DEBUG Engine               - isExperimentalTiledLargeMap: false
17:24:17.034 [FXGL Background Thread 3 ] DEBUG Engine               - isFileSystemWriteAllowed: true
17:24:17.034 [FXGL Background Thread 3 ] DEBUG Engine               - isFullScreenAllowed: false
17:24:17.034 [FXGL Background Thread 3 ] DEBUG Engine               - isFullScreenFromStart: false
17:24:17.034 [FXGL Background Thread 3 ] DEBUG Engine               - isGameMenuEnabled: true
17:24:17.035 [FXGL Background Thread 3 ] DEBUG Engine               - isIOS: false
17:24:17.035 [FXGL Background Thread 3 ] DEBUG Engine               - isIntroEnabled: false
17:24:17.036 [FXGL Background Thread 3 ] DEBUG Engine               - isLinux: false
17:24:17.036 [FXGL Background Thread 3 ] DEBUG Engine               - isMac: false
17:24:17.036 [FXGL Background Thread 3 ] DEBUG Engine               - isMainMenuEnabled: true
17:24:17.036 [FXGL Background Thread 3 ] DEBUG Engine               - isManualResizeEnabled: false
17:24:17.036 [FXGL Background Thread 3 ] DEBUG Engine               - isMobile: false
17:24:17.036 [FXGL Background Thread 3 ] DEBUG Engine               - isNative: false
17:24:17.036 [FXGL Background Thread 3 ] DEBUG Engine               - isPauseMusicWhenMinimized: true
17:24:17.036 [FXGL Background Thread 3 ] DEBUG Engine               - isPreserveResizeRatio: false
17:24:17.037 [FXGL Background Thread 3 ] DEBUG Engine               - isProfilingEnabled: false
17:24:17.037 [FXGL Background Thread 3 ] DEBUG Engine               - isScaleAffectedOnResize: true
17:24:17.037 [FXGL Background Thread 3 ] DEBUG Engine               - isSingleStep: false
17:24:17.037 [FXGL Background Thread 3 ] DEBUG Engine               - isUserProfileEnabled: false
17:24:17.037 [FXGL Background Thread 3 ] DEBUG Engine               - isWindows: true
17:24:17.037 [FXGL Background Thread 3 ] DEBUG Engine               - language: ObjectProperty [value: ENGLISH]
17:24:17.037 [FXGL Background Thread 3 ] DEBUG Engine               - menuKey: ESCAPE
17:24:17.037 [FXGL Background Thread 3 ] DEBUG Engine               - mouseSensitivity: 0.2
17:24:17.037 [FXGL Background Thread 3 ] DEBUG Engine               - notificationViewClass: class com.almasb.fxgl.notification.view.XboxNotificationView
17:24:17.037 [FXGL Background Thread 3 ] DEBUG Engine               - pixelsPerMeter: 50.0
17:24:17.037 [FXGL Background Thread 3 ] DEBUG Engine               - platform: WINDOWS
17:24:17.037 [FXGL Background Thread 3 ] DEBUG Engine               - prefHeightProperty: ReadOnlyDoubleProperty [value: 750.0]
17:24:17.037 [FXGL Background Thread 3 ] DEBUG Engine               - prefWidthProperty: ReadOnlyDoubleProperty [value: 550.0]
17:24:17.037 [FXGL Background Thread 3 ] DEBUG Engine               - profileDir: profiles/
17:24:17.037 [FXGL Background Thread 3 ] DEBUG Engine               - profileName: StringProperty [value: DEFAULT]
17:24:17.038 [FXGL Background Thread 3 ] DEBUG Engine               - randomSeed: -1
17:24:17.038 [FXGL Background Thread 3 ] DEBUG Engine               - runtimeInfo: RuntimeInfo(platform=WINDOWS, version=17, build=31.12.2021 18.16)
17:24:17.038 [FXGL Background Thread 3 ] DEBUG Engine               - saveFileExt: sav
17:24:17.040 [FXGL Background Thread 3 ] DEBUG Engine               - scaledHeightProp$fxgl: DoubleProperty [bound, value: 750.0]
17:24:17.040 [FXGL Background Thread 3 ] DEBUG Engine               - scaledWidthProp$fxgl: DoubleProperty [bound, value: 550.0]
17:24:17.040 [FXGL Background Thread 3 ] DEBUG Engine               - sceneFactory: com.dinosaur.dinosaurexploder.view.DinosaurGUI$1@20217781
17:24:17.040 [FXGL Background Thread 3 ] DEBUG Engine               - secondsIn24h: 60
17:24:17.040 [FXGL Background Thread 3 ] DEBUG Engine               - soundMenuBack: menu/back.wav
17:24:17.040 [FXGL Background Thread 3 ] DEBUG Engine               - soundMenuPress: menu/press.wav
17:24:17.040 [FXGL Background Thread 3 ] DEBUG Engine               - soundMenuSelect: menu/select.wav
17:24:17.040 [FXGL Background Thread 3 ] DEBUG Engine               - soundNotification: core/notification.wav
17:24:17.040 [FXGL Background Thread 3 ] DEBUG Engine               - stageStyle: DECORATED
17:24:17.040 [FXGL Background Thread 3 ] DEBUG Engine               - supportedLanguages: [ENGLISH, FRENCH, GERMAN, HUNGARIAN, RUSSIAN]
17:24:17.040 [FXGL Background Thread 3 ] DEBUG Engine               - ticksPerSecond: 60
17:24:17.040 [FXGL Background Thread 3 ] DEBUG Engine               - title: Dinosaur Exploder
17:24:17.040 [FXGL Background Thread 3 ] DEBUG Engine               - urlGithub: https://github.com/AlmasB/FXGL
17:24:17.040 [FXGL Background Thread 3 ] DEBUG Engine               - urlLeaderboard: http://fxgl-top.herokuapp.com/
17:24:17.040 [FXGL Background Thread 3 ] DEBUG Engine               - urlPOM: https://raw.githubusercontent.com/AlmasB/FXGL/release/README.md
17:24:17.040 [FXGL Background Thread 3 ] DEBUG Engine               - userAppClass: class com.dinosaur.dinosaurexploder.DinosaurApp
17:24:17.040 [FXGL Background Thread 3 ] DEBUG Engine               - version: 1.0
17:24:17.042 [FXGL Background Thread 3 ] DEBUG Engine               - versionCheckDays: 7
17:24:17.042 [FXGL Background Thread 3 ] DEBUG Engine               - width: 550
17:24:17.042 [FXGL Background Thread 3 ] DEBUG Engine               - Logging services
17:24:17.042 [FXGL Background Thread 3 ] DEBUG Engine               - class com.almasb.fxgl.app.services.FXGLAssetLoaderService
17:24:17.042 [FXGL Background Thread 3 ] DEBUG Engine               - class com.almasb.fxgl.app.FXGLApplication$GameApplicationService
17:24:17.042 [FXGL Background Thread 3 ] DEBUG Engine               - class com.almasb.fxgl.app.services.FXGLDialogService
17:24:17.042 [FXGL Background Thread 3 ] DEBUG Engine               - class com.almasb.fxgl.app.services.IOTaskExecutorService
17:24:17.042 [FXGL Background Thread 3 ] DEBUG Engine               - class com.almasb.fxgl.io.FileSystemService
17:24:17.042 [FXGL Background Thread 3 ] DEBUG Engine               - class com.almasb.fxgl.localization.LocalizationService
17:24:17.043 [FXGL Background Thread 3 ] DEBUG Engine               - class com.almasb.fxgl.app.services.SystemBundleService
17:24:17.043 [FXGL Background Thread 3 ] DEBUG Engine               - class com.almasb.fxgl.profile.SaveLoadService
17:24:17.043 [FXGL Background Thread 3 ] DEBUG Engine               - class com.almasb.fxgl.ui.FXGLUIFactoryServiceProvider
17:24:17.043 [FXGL Background Thread 3 ] DEBUG Engine               - class com.almasb.fxgl.ui.FXGLDialogFactoryServiceProvider
17:24:17.043 [FXGL Background Thread 3 ] DEBUG Engine               - class com.almasb.fxgl.audio.AudioPlayer
17:24:17.043 [FXGL Background Thread 3 ] DEBUG Engine               - class com.almasb.fxgl.notification.impl.NotificationServiceProvider
17:24:17.043 [FXGL Background Thread 3 ] DEBUG Engine               - class com.almasb.fxgl.achievement.AchievementService
17:24:17.043 [FXGL Background Thread 3 ] DEBUG Engine               - class com.almasb.fxgl.cutscene.CutsceneService
17:24:17.043 [FXGL Background Thread 3 ] DEBUG Engine               - class com.almasb.fxgl.minigames.MiniGameService
17:24:17.044 [FXGL Background Thread 3 ] DEBUG Engine               - class com.almasb.fxgl.net.NetService
17:24:17.044 [FXGL Background Thread 3 ] DEBUG Engine               - class com.almasb.fxgl.app.services.UpdaterService
17:24:17.044 [FXGL Background Thread 3 ] DEBUG Engine               - class com.almasb.fxgl.dev.DevService
17:24:18.519 [JavaFX Application Thread] DEBUG FXGLAssetLoaderServi - Loading from file system: file:/C:/Users/valer/OneDrive/Desktop/Projects/DinosaurGameCode/dinosaur-exploder/target/classes/assets/sounds/playerHit.wav
17:24:18.527 [JavaFX Application Thread] DEBUG LoopRunner           - Stopping loop
17:24:18.530 [JavaFX Application Thread] FATAL FXGLApplication      - Uncaught Exception:
java.util.IllegalFormatConversionException: d != com.almasb.fxgl.dsl.components.HealthIntComponent
	at java.base/java.util.Formatter$FormatSpecifier.failConversion(Formatter.java:4442)
	at java.base/java.util.Formatter$FormatSpecifier.printInteger(Formatter.java:2963)
	at java.base/java.util.Formatter$FormatSpecifier.print(Formatter.java:2918)
	at java.base/java.util.Formatter.format(Formatter.java:2689)
	at java.base/java.io.PrintStream.format(PrintStream.java:1209)
	at java.base/java.io.PrintStream.printf(PrintStream.java:1105)
	at com.dinosaur.dinosaurexploder/com.dinosaur.dinosaurexploder.controller.DinosaurController.damagePlayer(DinosaurController.java:37)
	at com.dinosaur.dinosaurexploder/com.dinosaur.dinosaurexploder.controller.DinosaurController.lambda$initPhysics$8(DinosaurController.java:83)
	at com.almasb.fxgl.all@17/com.almasb.fxgl.dsl.FXGL$Companion$onCollisionBegin$1.onCollisionBegin(FXGL.kt:551)
	at com.almasb.fxgl.entity@17/com.almasb.fxgl.physics.CollisionPair.collisionBegin(CollisionPair.java:37)
	at com.almasb.fxgl.entity@17/com.almasb.fxgl.physics.PhysicsWorld.collisionBeginFor(PhysicsWorld.java:453)
	at com.almasb.fxgl.entity@17/com.almasb.fxgl.physics.PhysicsWorld.checkCollisionsInGroup(PhysicsWorld.java:405)
	at com.almasb.fxgl.entity@17/com.almasb.fxgl.physics.PhysicsWorld.checkCollisions(PhysicsWorld.java:373)
	at com.almasb.fxgl.entity@17/com.almasb.fxgl.physics.PhysicsWorld.onUpdate(PhysicsWorld.java:179)
	at com.almasb.fxgl.all@17/com.almasb.fxgl.app.scene.GameScene.step(GameScene.kt:225)
	at com.almasb.fxgl.all@17/com.almasb.fxgl.app.scene.GameScene.onUpdate(GameScene.kt:220)
	at com.almasb.fxgl.scene@17/com.almasb.fxgl.scene.Scene.update(Scene.kt:105)
	at com.almasb.fxgl.all@17/com.almasb.fxgl.app.MainWindow$update$1.invoke(MainWindow.kt:115)
	at com.almasb.fxgl.all@17/com.almasb.fxgl.app.MainWindow$update$1.invoke(MainWindow.kt:115)
	at com.almasb.fxgl.core@17/com.almasb.fxgl.core.fsm.StateMachine.runOnActiveStates(StateMachine.kt:69)
	at com.almasb.fxgl.all@17/com.almasb.fxgl.app.MainWindow.update(MainWindow.kt:115)
	at com.almasb.fxgl.all@17/com.almasb.fxgl.app.FXGLApplication$GameApplicationService.onUpdate(FXGLApplication.kt:426)
	at com.almasb.fxgl.all@17/com.almasb.fxgl.app.Engine.loop(Engine.kt:134)
	at com.almasb.fxgl.all@17/com.almasb.fxgl.app.Engine.access$loop(Engine.kt:24)
	at com.almasb.fxgl.all@17/com.almasb.fxgl.app.Engine$loop$1.invoke(Engine.kt:28)
	at com.almasb.fxgl.all@17/com.almasb.fxgl.app.Engine$loop$1.invoke(Engine.kt:28)
	at com.almasb.fxgl.all@17/com.almasb.fxgl.app.LoopRunner.frame(LoopRunner.kt:103)
	at com.almasb.fxgl.all@17/com.almasb.fxgl.app.LoopRunner.access$frame(LoopRunner.kt:23)
	at com.almasb.fxgl.all@17/com.almasb.fxgl.app.LoopRunner$impl$2$2.onTick(LoopRunner.kt:64)
	at com.almasb.fxgl.all@17/com.almasb.fxgl.app.ScheduledExecutorLoop.start$lambda-1$lambda-0(LoopRunner.kt:170)
	at javafx.graphics/com.sun.javafx.application.PlatformImpl.lambda$runLater$10(PlatformImpl.java:457)
	at java.base/java.security.AccessController.doPrivileged(AccessController.java:399)
	at javafx.graphics/com.sun.javafx.application.PlatformImpl.lambda$runLater$11(PlatformImpl.java:456)
	at javafx.graphics/com.sun.glass.ui.InvokeLaterDispatcher$Future.run(InvokeLaterDispatcher.java:96)
	at javafx.graphics/com.sun.glass.ui.win.WinApplication._runLoop(Native Method)
	at javafx.graphics/com.sun.glass.ui.win.WinApplication.lambda$runLoop$3(WinApplication.java:184)
	at java.base/java.lang.Thread.run(Thread.java:833)

17:24:18.530 [JavaFX Application Thread] FATAL FXGLApplication      - Application will now exit
17:24:18.555 [JavaFX Application Thread] DEBUG PrimaryStageWindow   - Push state: ErrorSubScene
17:24:18.555 [JavaFX Application Thread] DEBUG Input                - Clearing active input actions
17:24:18.557 [JavaFX Application Thread] DEBUG GameApplicationServi - Removing overlay from GameScene and adding to ErrorSubScene
17:24:18.558 [JavaFX Application Thread] DEBUG PrimaryStageWindow   - GameScene -> ErrorSubScene
17:24:21.810 [JavaFX Application Thread] DEBUG FXGLApplication      - Exiting FXGL
17:24:21.810 [JavaFX Application Thread] DEBUG Async                - Shutting down background threads
17:24:21.810 [JavaFX Application Thread] DEBUG PrimaryStageWindow   - Closing main window
17:24:21.823 [JavaFX Application Thread] DEBUG Logger               - Closing Logger
