14:56:19.155 [main                     ] DEBUG Logger               - Configured Logger
14:56:19.190 [main                     ] DEBUG GameApplication      - Logging settings
Title: Dinosaur Exploder
Version: 1.0
Width: 550
Height: 750
Fullscreen: false
Intro: false
Profiling: false
Single step:false
App Mode: DEVELOPER
Menu Key: ESCAPE
Stage Style: DECORATED
Scene Factory: class com.dinosaur.dinosaurexploder.view.DinosaurGUI$1

14:56:19.497 [JavaFX Application Thread] DEBUG FXGLApplication      - Initializing FXGL
14:56:19.504 [JavaFX Application Thread] INFO  Engine               - FXGL-17 (31.12.2021 18.16) on WINDOWS (J:17.0.3.1 FX:17.0.2-ea)
14:56:19.504 [JavaFX Application Thread] DEBUG Engine               - JRE Vendor Name: Oracle Corporation
14:56:19.504 [JavaFX Application Thread] DEBUG Engine               - Running on OS: Windows 10 version 10.0
14:56:19.504 [JavaFX Application Thread] DEBUG Engine               - Architecture: amd64
14:56:19.505 [JavaFX Application Thread] INFO  Engine               - Source code and latest versions at: https://github.com/AlmasB/FXGL
14:56:19.505 [JavaFX Application Thread] INFO  Engine               -       Ask questions and discuss at: https://github.com/AlmasB/FXGL/discussions
14:56:19.505 [JavaFX Application Thread] INFO  Engine               -              Join the FXGL chat at: https://gitter.im/AlmasB/FXGL
14:56:19.588 [JavaFX Application Thread] DEBUG PrimaryStageWindow   - Creating a JavaFX scene
14:56:19.631 [JavaFX Application Thread] DEBUG PrimaryStageWindow   - Target settings size: 550.0 x 750.0
14:56:19.631 [JavaFX Application Thread] DEBUG PrimaryStageWindow   - Scaled scene size:    550.0 x 750.0
14:56:19.631 [JavaFX Application Thread] DEBUG PrimaryStageWindow   - Scaled ratio: (1.0, 1.0)
14:56:19.632 [JavaFX Application Thread] DEBUG PrimaryStageWindow   - Set initial scene to FXGLStartupScene
14:56:19.638 [JavaFX Application Thread] DEBUG PrimaryStageWindow   - Opening main window
14:56:19.716 [JavaFX Application Thread] DEBUG PrimaryStageWindow   - Window border size: (14.79998779296875, 38.0)
14:56:19.716 [JavaFX Application Thread] DEBUG PrimaryStageWindow   - Scaled size: 550.0 x 750.0
14:56:19.716 [JavaFX Application Thread] DEBUG PrimaryStageWindow   - Scaled ratio: (1.0, 1.0)
14:56:19.716 [JavaFX Application Thread] DEBUG PrimaryStageWindow   - Scene size: 550.0 x 750.0
14:56:19.716 [JavaFX Application Thread] DEBUG PrimaryStageWindow   - Stage size: 564.7999877929688 x 788.0
14:56:19.728 [FXGL Background Thread 1 ] DEBUG Engine               - Initializing environment variables
14:56:19.769 [FXGL Background Thread 1 ] DEBUG FXGLAssetLoaderServi - User app class for loading assets: class com.dinosaur.dinosaurexploder.DinosaurApp
14:56:19.769 [FXGL Background Thread 1 ] DEBUG GameApplicationServi - Applying CSS: fxgl_dark.css
14:56:19.770 [FXGL Background Thread 1 ] DEBUG FXGLAssetLoaderServi - Loading from file system: jar:file:///C:/Users/valer/.m2/repository/com/github/almasb/fxgl/17/fxgl-17.jar!/fxglassets/ui/css/fxgl_dark.css
14:56:19.824 [FXGL Background Thread 1 ] DEBUG GameApplicationServi - Initializing application scenes
14:56:19.866 [FXGL Background Thread 1 ] DEBUG GameWorld            - Game world initialized
14:56:19.947 [FXGL Background Thread 1 ] DEBUG PhysicsWorld         - Physics world initialized: appHeight=750, physics.ppm=50,0
14:56:19.948 [FXGL Background Thread 1 ] DEBUG PhysicsWorld         - Using strategy: BRUTE_FORCE
14:56:19.953 [FXGL Background Thread 1 ] DEBUG GameScene            - Game scene initialized: 550x750
14:56:19.976 [FXGL Background Thread 1 ] WARN  FXGL.DefaultMenu     - FXGLDefaultMenu is not designed for resolutions < 800x600
14:56:19.976 [FXGL Background Thread 1 ] DEBUG FXGL.DefaultMenu     - createMenuBodyGameMenu()
14:56:19.991 [FXGL Background Thread 1 ] DEBUG FXGL.DefaultMenu     - createOptionsMenu()
14:56:20.008 [FXGL Background Thread 1 ] DEBUG FXGLAssetLoaderServi - Loading from file system: jar:file:///C:/Users/valer/.m2/repository/com/github/almasb/fxgl/17/fxgl-17.jar!/fxglassets/textures/particles/smoke.png
14:56:20.104 [FXGL Background Thread 1 ] DEBUG FXGLAssetLoaderServi - Loading from file system: jar:file:///C:/Users/valer/.m2/repository/com/github/almasb/fxgl/17/fxgl-17.jar!/fxglassets/textures/particles/trace_horizontal.png
14:56:20.134 [FXGL Background Thread 1 ] DEBUG GameApplicationServi - Application scenes initialized
14:56:20.145 [FXGL Background Thread 1 ] DEBUG SystemBundleService  - Loading FXGL system data
14:56:20.149 [FXGL Background Thread 1 ] DEBUG FileSystemAccess     - Reading from: C:\Users\valer\OneDrive\Desktop\Projects\DinosaurGameCode\system\fxgl.bundle
14:56:20.155 [FXGL Background Thread 1 ] DEBUG SystemBundleService  - Bundle FXGL: {}
14:56:20.155 [FXGL Background Thread 1 ] DEBUG UpdaterService       - Checking for updates
14:56:20.158 [FXGL Background Thread 4 ] DEBUG FXGLApplication      - Loading fonts
14:56:20.159 [FXGL Background Thread 1 ] DEBUG FXGLApplication      - Loading default localization
14:56:20.159 [FXGL Background Thread 4 ] DEBUG FXGLAssetLoaderServi - Loading from file system: jar:file:///C:/Users/valer/.m2/repository/com/github/almasb/fxgl/17/fxgl-17.jar!/fxglassets/ui/fonts/VarelaRound-Regular.ttf
14:56:20.159 [FXGL Background Thread 1 ] DEBUG FXGLAssetLoaderServi - Loading from file system: jar:file:///C:/Users/valer/.m2/repository/com/github/almasb/fxgl/17/fxgl-17.jar!/fxglassets/languages/english.lang
14:56:20.174 [FXGL Background Thread 1 ] INFO  FXGLApplication      - FXGL initialization took: 0,446 sec
14:56:20.186 [JavaFX Application Thread] DEBUG Input                - Registered new binding: action0 - Up
14:56:20.186 [JavaFX Application Thread] DEBUG Input                - Registered new binding: action1 - Down
14:56:20.187 [JavaFX Application Thread] DEBUG Input                - Registered new binding: action2 - Left
14:56:20.188 [JavaFX Application Thread] DEBUG Input                - Registered new binding: action3 - Right
14:56:20.189 [JavaFX Application Thread] DEBUG Input                - Registered new binding: action4 - Space
14:56:20.190 [JavaFX Application Thread] DEBUG FXGLAssetLoaderServi - Loading from file system: file:/C:/Users/valer/OneDrive/Desktop/Projects/DinosaurGameCode/dinosaur-exploder/target/classes/assets/textures/icon.png
14:56:20.231 [FXGL Background Thread 4 ] DEBUG FXGLAssetLoaderServi - Loading from file system: jar:file:///C:/Users/valer/.m2/repository/com/github/almasb/fxgl/17/fxgl-17.jar!/fxglassets/ui/fonts/Abel-Regular.ttf
14:56:20.239 [FXGL Background Thread 4 ] DEBUG FXGLAssetLoaderServi - Loading from file system: jar:file:///C:/Users/valer/.m2/repository/com/github/almasb/fxgl/17/fxgl-17.jar!/fxglassets/ui/fonts/TerminalLandMono-Regular.otf
14:56:20.247 [FXGL Background Thread 4 ] DEBUG FXGLAssetLoaderServi - Loading from file system: jar:file:///C:/Users/valer/.m2/repository/com/github/almasb/fxgl/17/fxgl-17.jar!/fxglassets/ui/fonts/Courier-Prime.ttf
14:56:20.409 [JavaFX Application Thread] DEBUG FXGLAssetLoaderServi - Loading from file system: jar:file:///C:/Users/valer/.m2/repository/com/github/almasb/fxgl/17/fxgl-17.jar!/fxglassets/textures/fxgl_default_cursor.png
14:56:20.411 [JavaFX Application Thread] DEBUG Input                - Registered new binding: Screenshot - CTRL+8
14:56:20.411 [JavaFX Application Thread] DEBUG Input                - Registered new binding: System info dump - CTRL+9
14:56:20.412 [JavaFX Application Thread] DEBUG Input                - Registered new binding: Restart - CTRL+R
14:56:20.412 [JavaFX Application Thread] DEBUG Input                - Registered new binding: Toggle Debug Camera - CTRL+7
14:56:20.414 [JavaFX Application Thread] DEBUG LoopRunner           - Starting loop
14:56:20.414 [JavaFX Application Thread] DEBUG LoopRunner           - Initializing ScheduledExecutorLoop with fps: 60
14:56:20.417 [JavaFX Application Thread] DEBUG Input                - Clearing active input actions
14:56:20.425 [JavaFX Application Thread] DEBUG GameApplicationServi - Removing overlay from FXGLStartupScene and adding to FXGLMainMenuDummyScene
14:56:20.426 [JavaFX Application Thread] DEBUG PrimaryStageWindow   - FXGLStartupScene -> FXGLMainMenuDummyScene
14:56:20.426 [JavaFX Application Thread] DEBUG PrimaryStageWindow   - Push state: DinosaurMenu
14:56:20.426 [JavaFX Application Thread] DEBUG Input                - Clearing active input actions
14:56:20.432 [JavaFX Application Thread] DEBUG GameApplicationServi - Removing overlay from FXGLMainMenuDummyScene and adding to DinosaurMenu
14:56:20.432 [JavaFX Application Thread] DEBUG PrimaryStageWindow   - FXGLMainMenuDummyScene -> DinosaurMenu
14:56:20.433 [JavaFX Application Thread] DEBUG FXGLApplication      - Registering font factories with UI factory
14:56:20.682 [FXGL Background Thread 2 ] INFO  UpdaterService       - Your current version:  17
14:56:20.682 [FXGL Background Thread 2 ] INFO  UpdaterService       - Latest stable version: 17.1
14:56:21.328 [JavaFX Application Thread] DEBUG Menu                 - fireNewGame()
14:56:21.328 [JavaFX Application Thread] DEBUG GameApplicationServi - Starting new game
14:56:21.329 [JavaFX Application Thread] DEBUG PrimaryStageWindow   - Pop state: DinosaurMenu
14:56:21.329 [JavaFX Application Thread] DEBUG Input                - Clearing active input actions
14:56:21.330 [JavaFX Application Thread] DEBUG GameApplicationServi - Removing overlay from DinosaurMenu and adding to FXGLMainMenuDummyScene
14:56:21.331 [JavaFX Application Thread] DEBUG PrimaryStageWindow   - FXGLMainMenuDummyScene <- DinosaurMenu
14:56:21.333 [JavaFX Application Thread] DEBUG Input                - Clearing active input actions
14:56:21.349 [JavaFX Application Thread] DEBUG GameApplicationServi - Removing overlay from FXGLMainMenuDummyScene and adding to FXGLLoadingScene
14:56:21.349 [JavaFX Application Thread] DEBUG PrimaryStageWindow   - FXGLMainMenuDummyScene -> FXGLLoadingScene
14:56:21.349 [JavaFX Application Thread] DEBUG GameApplicationServi - Clearing previous game
14:56:21.349 [JavaFX Application Thread] DEBUG GameScene            - Clearing game scene
14:56:21.349 [JavaFX Application Thread] DEBUG GameWorld            - Clearing game world
14:56:21.349 [JavaFX Application Thread] DEBUG PhysicsWorld         - Clearing physics world
14:56:21.351 [FXGL Background Thread 2 ] DEBUG FXGLApplication      - Initializing game
14:56:21.574 [FXGL Background Thread 2 ] WARN  GameWorld            - Entity is already attached to world
14:56:21.576 [FXGL Background Thread 2 ] DEBUG FXGLAssetLoaderServi - Loading from file system: file:/C:/Users/valer/OneDrive/Desktop/Projects/DinosaurGameCode/dinosaur-exploder/target/classes/assets/textures/spaceship.png
14:56:21.589 [FXGL Background Thread 2 ] DEBUG FXGLAssetLoaderServi - Loading from file system: file:/C:/Users/valer/OneDrive/Desktop/Projects/DinosaurGameCode/dinosaur-exploder/target/classes/assets/sounds/engine.wav
14:56:21.682 [FXGL Background Thread 2 ] DEBUG FXGLAssetLoaderServi - Loading from file system: file:/C:/Users/valer/OneDrive/Desktop/Projects/DinosaurGameCode/dinosaur-exploder/target/classes/assets/textures/life.png
14:56:21.690 [FXGL Background Thread 2 ] INFO  FXGLApplication      - Game initialization took: 0,339 sec
14:56:21.691 [JavaFX Application Thread] DEBUG Input                - Clearing active input actions
14:56:21.699 [JavaFX Application Thread] DEBUG GameApplicationServi - Removing overlay from FXGLLoadingScene and adding to GameScene
14:56:21.699 [JavaFX Application Thread] DEBUG PrimaryStageWindow   - FXGLLoadingScene -> GameScene
14:56:22.433 [JavaFX Application Thread] DEBUG FXGLAssetLoaderServi - Loading from file system: file:/C:/Users/valer/OneDrive/Desktop/Projects/DinosaurGameCode/dinosaur-exploder/target/classes/assets/textures/greenDino.png
14:56:23.158 [FXGL Background Thread 3 ] DEBUG Engine               - Logging environment variables
14:56:23.159 [FXGL Background Thread 3 ] DEBUG Engine               - achievements: []
14:56:23.159 [FXGL Background Thread 3 ] DEBUG Engine               - actualHeight: 750.0
14:56:23.159 [FXGL Background Thread 3 ] DEBUG Engine               - actualHeightProperty: ReadOnlyDoubleProperty [value: 750.0]
14:56:23.160 [FXGL Background Thread 3 ] DEBUG Engine               - actualWidth: 550.0
14:56:23.160 [FXGL Background Thread 3 ] DEBUG Engine               - actualWidthProperty: ReadOnlyDoubleProperty [value: 550.0]
14:56:23.160 [FXGL Background Thread 3 ] DEBUG Engine               - appIcon: icon.png
14:56:23.160 [FXGL Background Thread 3 ] DEBUG Engine               - applicationMode: DEVELOPER
14:56:23.160 [FXGL Background Thread 3 ] DEBUG Engine               - cSSList: [fxgl_dark.css]
14:56:23.161 [FXGL Background Thread 3 ] DEBUG Engine               - collisionDetectionStrategy: BRUTE_FORCE
14:56:23.161 [FXGL Background Thread 3 ] DEBUG Engine               - configClass: Optional.empty
14:56:23.161 [FXGL Background Thread 3 ] DEBUG Engine               - credits: []
14:56:23.162 [FXGL Background Thread 3 ] DEBUG Engine               - defaultCursor: CursorInfo(imageName=fxgl_default_cursor.png, hotspotX=7.0, hotspotY=6.0)
14:56:23.163 [FXGL Background Thread 3 ] DEBUG Engine               - devBBoxColorProperty: ObjectProperty [value: 0xff0000ff]
14:56:23.163 [FXGL Background Thread 3 ] DEBUG Engine               - devEnableDebugCameraProperty: BooleanProperty [value: false]
14:56:23.163 [FXGL Background Thread 3 ] DEBUG Engine               - devSensorColorProperty: ObjectProperty [value: 0xffff00ff]
14:56:23.163 [FXGL Background Thread 3 ] DEBUG Engine               - devShowBBoxProperty: BooleanProperty [value: false]
14:56:23.164 [FXGL Background Thread 3 ] DEBUG Engine               - devShowPositionProperty: BooleanProperty [value: false]
14:56:23.164 [FXGL Background Thread 3 ] DEBUG Engine               - enabledMenuItems: []
14:56:23.164 [FXGL Background Thread 3 ] DEBUG Engine               - engineServices: [class com.almasb.fxgl.app.services.FXGLAssetLoaderService, class com.almasb.fxgl.app.FXGLApplication$GameApplicationService, class com.almasb.fxgl.app.services.FXGLDialogService, class com.almasb.fxgl.app.services.IOTaskExecutorService, class com.almasb.fxgl.io.FileSystemService, class com.almasb.fxgl.localization.LocalizationService, class com.almasb.fxgl.app.services.SystemBundleService, class com.almasb.fxgl.profile.SaveLoadService, class com.almasb.fxgl.ui.FXGLUIFactoryServiceProvider, class com.almasb.fxgl.ui.FXGLDialogFactoryServiceProvider, class com.almasb.fxgl.audio.AudioPlayer, class com.almasb.fxgl.notification.impl.NotificationServiceProvider, class com.almasb.fxgl.achievement.AchievementService, class com.almasb.fxgl.cutscene.CutsceneService, class com.almasb.fxgl.minigames.MiniGameService, class com.almasb.fxgl.net.NetService, class com.almasb.fxgl.app.services.UpdaterService, class com.almasb.fxgl.dev.DevService]
14:56:23.164 [FXGL Background Thread 3 ] DEBUG Engine               - fontGame: Abel-Regular.ttf
14:56:23.164 [FXGL Background Thread 3 ] DEBUG Engine               - fontMono: TerminalLandMono-Regular.otf
14:56:23.164 [FXGL Background Thread 3 ] DEBUG Engine               - fontText: Courier-Prime.ttf
14:56:23.164 [FXGL Background Thread 3 ] DEBUG Engine               - fontUI: VarelaRound-Regular.ttf
14:56:23.165 [FXGL Background Thread 3 ] DEBUG Engine               - fullScreen: BooleanProperty [value: false]
14:56:23.165 [FXGL Background Thread 3 ] DEBUG Engine               - gameDifficulty: MEDIUM
14:56:23.165 [FXGL Background Thread 3 ] DEBUG Engine               - gameDifficultyProperty: ObjectProperty [value: MEDIUM]
14:56:23.165 [FXGL Background Thread 3 ] DEBUG Engine               - globalMusicVolume: 0.5
14:56:23.165 [FXGL Background Thread 3 ] DEBUG Engine               - globalMusicVolumeProperty: DoubleProperty [value: 0.5]
14:56:23.165 [FXGL Background Thread 3 ] DEBUG Engine               - globalSoundVolume: 0.5
14:56:23.165 [FXGL Background Thread 3 ] DEBUG Engine               - globalSoundVolumeProperty: DoubleProperty [value: 0.5]
14:56:23.166 [FXGL Background Thread 3 ] DEBUG Engine               - height: 750
14:56:23.166 [FXGL Background Thread 3 ] DEBUG Engine               - is3D: false
14:56:23.166 [FXGL Background Thread 3 ] DEBUG Engine               - isAndroid: false
14:56:23.166 [FXGL Background Thread 3 ] DEBUG Engine               - isBrowser: false
14:56:23.166 [FXGL Background Thread 3 ] DEBUG Engine               - isClickFeedbackEnabled: false
14:56:23.166 [FXGL Background Thread 3 ] DEBUG Engine               - isCloseConfirmation: false
14:56:23.166 [FXGL Background Thread 3 ] DEBUG Engine               - isDesktop: true
14:56:23.167 [FXGL Background Thread 3 ] DEBUG Engine               - isDeveloperMenuEnabled: false
14:56:23.167 [FXGL Background Thread 3 ] DEBUG Engine               - isEmbedded: false
14:56:23.167 [FXGL Background Thread 3 ] DEBUG Engine               - isEntityPreloadEnabled: true
14:56:23.167 [FXGL Background Thread 3 ] DEBUG Engine               - isExperimentalTiledLargeMap: false
14:56:23.167 [FXGL Background Thread 3 ] DEBUG Engine               - isFileSystemWriteAllowed: true
14:56:23.167 [FXGL Background Thread 3 ] DEBUG Engine               - isFullScreenAllowed: false
14:56:23.167 [FXGL Background Thread 3 ] DEBUG Engine               - isFullScreenFromStart: false
14:56:23.167 [FXGL Background Thread 3 ] DEBUG Engine               - isGameMenuEnabled: true
14:56:23.167 [FXGL Background Thread 3 ] DEBUG Engine               - isIOS: false
14:56:23.167 [FXGL Background Thread 3 ] DEBUG Engine               - isIntroEnabled: false
14:56:23.167 [FXGL Background Thread 3 ] DEBUG Engine               - isLinux: false
14:56:23.167 [FXGL Background Thread 3 ] DEBUG Engine               - isMac: false
14:56:23.167 [FXGL Background Thread 3 ] DEBUG Engine               - isMainMenuEnabled: true
14:56:23.167 [FXGL Background Thread 3 ] DEBUG Engine               - isManualResizeEnabled: false
14:56:23.167 [FXGL Background Thread 3 ] DEBUG Engine               - isMobile: false
14:56:23.168 [FXGL Background Thread 3 ] DEBUG Engine               - isNative: false
14:56:23.168 [FXGL Background Thread 3 ] DEBUG Engine               - isPauseMusicWhenMinimized: true
14:56:23.168 [FXGL Background Thread 3 ] DEBUG Engine               - isPreserveResizeRatio: false
14:56:23.168 [FXGL Background Thread 3 ] DEBUG Engine               - isProfilingEnabled: false
14:56:23.168 [FXGL Background Thread 3 ] DEBUG Engine               - isScaleAffectedOnResize: true
14:56:23.168 [FXGL Background Thread 3 ] DEBUG Engine               - isSingleStep: false
14:56:23.169 [FXGL Background Thread 3 ] DEBUG Engine               - isUserProfileEnabled: false
14:56:23.169 [FXGL Background Thread 3 ] DEBUG Engine               - isWindows: true
14:56:23.169 [FXGL Background Thread 3 ] DEBUG Engine               - language: ObjectProperty [value: ENGLISH]
14:56:23.169 [FXGL Background Thread 3 ] DEBUG Engine               - menuKey: ESCAPE
14:56:23.169 [FXGL Background Thread 3 ] DEBUG Engine               - mouseSensitivity: 0.2
14:56:23.169 [FXGL Background Thread 3 ] DEBUG Engine               - notificationViewClass: class com.almasb.fxgl.notification.view.XboxNotificationView
14:56:23.169 [FXGL Background Thread 3 ] DEBUG Engine               - pixelsPerMeter: 50.0
14:56:23.169 [FXGL Background Thread 3 ] DEBUG Engine               - platform: WINDOWS
14:56:23.169 [FXGL Background Thread 3 ] DEBUG Engine               - prefHeightProperty: ReadOnlyDoubleProperty [value: 750.0]
14:56:23.169 [FXGL Background Thread 3 ] DEBUG Engine               - prefWidthProperty: ReadOnlyDoubleProperty [value: 550.0]
14:56:23.169 [FXGL Background Thread 3 ] DEBUG Engine               - profileDir: profiles/
14:56:23.170 [FXGL Background Thread 3 ] DEBUG Engine               - profileName: StringProperty [value: DEFAULT]
14:56:23.170 [FXGL Background Thread 3 ] DEBUG Engine               - randomSeed: -1
14:56:23.170 [FXGL Background Thread 3 ] DEBUG Engine               - runtimeInfo: RuntimeInfo(platform=WINDOWS, version=17, build=31.12.2021 18.16)
14:56:23.171 [FXGL Background Thread 3 ] DEBUG Engine               - saveFileExt: sav
14:56:23.171 [FXGL Background Thread 3 ] DEBUG Engine               - scaledHeightProp$fxgl: DoubleProperty [bound, value: 750.0]
14:56:23.171 [FXGL Background Thread 3 ] DEBUG Engine               - scaledWidthProp$fxgl: DoubleProperty [bound, value: 550.0]
14:56:23.171 [FXGL Background Thread 3 ] DEBUG Engine               - sceneFactory: com.dinosaur.dinosaurexploder.view.DinosaurGUI$1@441f4d38
14:56:23.171 [FXGL Background Thread 3 ] DEBUG Engine               - secondsIn24h: 60
14:56:23.171 [FXGL Background Thread 3 ] DEBUG Engine               - soundMenuBack: menu/back.wav
14:56:23.172 [FXGL Background Thread 3 ] DEBUG Engine               - soundMenuPress: menu/press.wav
14:56:23.172 [FXGL Background Thread 3 ] DEBUG Engine               - soundMenuSelect: menu/select.wav
14:56:23.172 [FXGL Background Thread 3 ] DEBUG Engine               - soundNotification: core/notification.wav
14:56:23.172 [FXGL Background Thread 3 ] DEBUG Engine               - stageStyle: DECORATED
14:56:23.172 [FXGL Background Thread 3 ] DEBUG Engine               - supportedLanguages: [ENGLISH, FRENCH, GERMAN, HUNGARIAN, RUSSIAN]
14:56:23.172 [FXGL Background Thread 3 ] DEBUG Engine               - ticksPerSecond: 60
14:56:23.173 [FXGL Background Thread 3 ] DEBUG Engine               - title: Dinosaur Exploder
14:56:23.173 [FXGL Background Thread 3 ] DEBUG Engine               - urlGithub: https://github.com/AlmasB/FXGL
14:56:23.173 [FXGL Background Thread 3 ] DEBUG Engine               - urlLeaderboard: http://fxgl-top.herokuapp.com/
14:56:23.173 [FXGL Background Thread 3 ] DEBUG Engine               - urlPOM: https://raw.githubusercontent.com/AlmasB/FXGL/release/README.md
14:56:23.174 [FXGL Background Thread 3 ] DEBUG Engine               - userAppClass: class com.dinosaur.dinosaurexploder.DinosaurApp
14:56:23.174 [FXGL Background Thread 3 ] DEBUG Engine               - version: 1.0
14:56:23.174 [FXGL Background Thread 3 ] DEBUG Engine               - versionCheckDays: 7
14:56:23.174 [FXGL Background Thread 3 ] DEBUG Engine               - width: 550
14:56:23.174 [FXGL Background Thread 3 ] DEBUG Engine               - Logging services
14:56:23.174 [FXGL Background Thread 3 ] DEBUG Engine               - class com.almasb.fxgl.app.services.FXGLAssetLoaderService
14:56:23.174 [FXGL Background Thread 3 ] DEBUG Engine               - class com.almasb.fxgl.app.FXGLApplication$GameApplicationService
14:56:23.174 [FXGL Background Thread 3 ] DEBUG Engine               - class com.almasb.fxgl.app.services.FXGLDialogService
14:56:23.174 [FXGL Background Thread 3 ] DEBUG Engine               - class com.almasb.fxgl.app.services.IOTaskExecutorService
14:56:23.175 [FXGL Background Thread 3 ] DEBUG Engine               - class com.almasb.fxgl.io.FileSystemService
14:56:23.175 [FXGL Background Thread 3 ] DEBUG Engine               - class com.almasb.fxgl.localization.LocalizationService
14:56:23.175 [FXGL Background Thread 3 ] DEBUG Engine               - class com.almasb.fxgl.app.services.SystemBundleService
14:56:23.175 [FXGL Background Thread 3 ] DEBUG Engine               - class com.almasb.fxgl.profile.SaveLoadService
14:56:23.175 [FXGL Background Thread 3 ] DEBUG Engine               - class com.almasb.fxgl.ui.FXGLUIFactoryServiceProvider
14:56:23.175 [FXGL Background Thread 3 ] DEBUG Engine               - class com.almasb.fxgl.ui.FXGLDialogFactoryServiceProvider
14:56:23.175 [FXGL Background Thread 3 ] DEBUG Engine               - class com.almasb.fxgl.audio.AudioPlayer
14:56:23.175 [FXGL Background Thread 3 ] DEBUG Engine               - class com.almasb.fxgl.notification.impl.NotificationServiceProvider
14:56:23.175 [FXGL Background Thread 3 ] DEBUG Engine               - class com.almasb.fxgl.achievement.AchievementService
14:56:23.176 [FXGL Background Thread 3 ] DEBUG Engine               - class com.almasb.fxgl.cutscene.CutsceneService
14:56:23.176 [FXGL Background Thread 3 ] DEBUG Engine               - class com.almasb.fxgl.minigames.MiniGameService
14:56:23.176 [FXGL Background Thread 3 ] DEBUG Engine               - class com.almasb.fxgl.net.NetService
14:56:23.176 [FXGL Background Thread 3 ] DEBUG Engine               - class com.almasb.fxgl.app.services.UpdaterService
14:56:23.176 [FXGL Background Thread 3 ] DEBUG Engine               - class com.almasb.fxgl.dev.DevService
14:56:23.236 [JavaFX Application Thread] DEBUG FXGLAssetLoaderServi - Loading from file system: file:/C:/Users/valer/OneDrive/Desktop/Projects/DinosaurGameCode/dinosaur-exploder/target/classes/assets/sounds/enemyShoot.wav
14:56:23.244 [JavaFX Application Thread] DEBUG FXGLAssetLoaderServi - Loading from file system: file:/C:/Users/valer/OneDrive/Desktop/Projects/DinosaurGameCode/dinosaur-exploder/target/classes/assets/textures/enemyProjectile.png
14:56:24.902 [JavaFX Application Thread] DEBUG FXGLAssetLoaderServi - Loading from file system: file:/C:/Users/valer/OneDrive/Desktop/Projects/DinosaurGameCode/dinosaur-exploder/target/classes/assets/sounds/playerHit.wav
14:56:32.952 [JavaFX Application Thread] DEBUG FXGLApplication      - Exiting FXGL
14:56:32.952 [JavaFX Application Thread] DEBUG LoopRunner           - Stopping loop
14:56:32.952 [JavaFX Application Thread] DEBUG SystemBundleService  - Saving FXGL system data
14:56:32.955 [JavaFX Application Thread] DEBUG FileSystemAccess     - Writing to: C:\Users\valer\OneDrive\Desktop\Projects\DinosaurGameCode\system\fxgl.bundle
14:56:32.959 [JavaFX Application Thread] DEBUG Async                - Shutting down background threads
14:56:32.959 [JavaFX Application Thread] DEBUG PrimaryStageWindow   - Closing main window
14:56:32.969 [JavaFX Application Thread] DEBUG Logger               - Closing Logger
