16:34:59.251 [main                     ] DEBUG Logger               - Configured Logger
16:34:59.289 [main                     ] DEBUG GameApplication      - Logging settings
Title: Dinosaur Exploder
Version: 1.0
Width: 550
Height: 750
Fullscreen: false
Intro: false
Profiling: false
Single step:false
App Mode: DEVELOPER
Menu Key: ESCAPE
Stage Style: DECORATED
Scene Factory: class com.dinosaur.dinosaurexploder.view.DinosaurGUI$1

16:34:59.640 [JavaFX Application Thread] DEBUG FXGLApplication      - Initializing FXGL
16:34:59.647 [JavaFX Application Thread] INFO  Engine               - FXGL-17 (31.12.2021 18.16) on WINDOWS (J:17.0.3.1 FX:17.0.2-ea)
16:34:59.648 [JavaFX Application Thread] DEBUG Engine               - JRE Vendor Name: Oracle Corporation
16:34:59.648 [JavaFX Application Thread] DEBUG Engine               - Running on OS: Windows 10 version 10.0
16:34:59.648 [JavaFX Application Thread] DEBUG Engine               - Architecture: amd64
16:34:59.648 [JavaFX Application Thread] INFO  Engine               - Source code and latest versions at: https://github.com/AlmasB/FXGL
16:34:59.648 [JavaFX Application Thread] INFO  Engine               -       Ask questions and discuss at: https://github.com/AlmasB/FXGL/discussions
16:34:59.649 [JavaFX Application Thread] INFO  Engine               -              Join the FXGL chat at: https://gitter.im/AlmasB/FXGL
16:34:59.745 [JavaFX Application Thread] DEBUG PrimaryStageWindow   - Creating a JavaFX scene
16:34:59.796 [JavaFX Application Thread] DEBUG PrimaryStageWindow   - Target settings size: 550.0 x 750.0
16:34:59.796 [JavaFX Application Thread] DEBUG PrimaryStageWindow   - Scaled scene size:    550.0 x 750.0
16:34:59.797 [JavaFX Application Thread] DEBUG PrimaryStageWindow   - Scaled ratio: (1.0, 1.0)
16:34:59.798 [JavaFX Application Thread] DEBUG PrimaryStageWindow   - Set initial scene to FXGLStartupScene
16:34:59.807 [JavaFX Application Thread] DEBUG PrimaryStageWindow   - Opening main window
16:34:59.889 [JavaFX Application Thread] DEBUG PrimaryStageWindow   - Window border size: (14.79998779296875, 38.0)
16:34:59.890 [JavaFX Application Thread] DEBUG PrimaryStageWindow   - Scaled size: 550.0 x 750.0
16:34:59.890 [JavaFX Application Thread] DEBUG PrimaryStageWindow   - Scaled ratio: (1.0, 1.0)
16:34:59.891 [JavaFX Application Thread] DEBUG PrimaryStageWindow   - Scene size: 550.0 x 750.0
16:34:59.891 [JavaFX Application Thread] DEBUG PrimaryStageWindow   - Stage size: 564.7999877929688 x 788.0
16:34:59.901 [FXGL Background Thread 1 ] DEBUG Engine               - Initializing environment variables
16:34:59.945 [FXGL Background Thread 1 ] DEBUG FXGLAssetLoaderServi - User app class for loading assets: class com.dinosaur.dinosaurexploder.DinosaurApp
16:34:59.945 [FXGL Background Thread 1 ] DEBUG GameApplicationServi - Applying CSS: fxgl_dark.css
16:34:59.947 [FXGL Background Thread 1 ] DEBUG FXGLAssetLoaderServi - Loading from file system: jar:file:///C:/Users/valer/.m2/repository/com/github/almasb/fxgl/17/fxgl-17.jar!/fxglassets/ui/css/fxgl_dark.css
16:35:00.004 [FXGL Background Thread 1 ] DEBUG GameApplicationServi - Initializing application scenes
16:35:00.078 [FXGL Background Thread 1 ] DEBUG GameWorld            - Game world initialized
16:35:00.165 [FXGL Background Thread 1 ] DEBUG PhysicsWorld         - Physics world initialized: appHeight=750, physics.ppm=50,0
16:35:00.165 [FXGL Background Thread 1 ] DEBUG PhysicsWorld         - Using strategy: BRUTE_FORCE
16:35:00.172 [FXGL Background Thread 1 ] DEBUG GameScene            - Game scene initialized: 550x750
16:35:00.189 [FXGL Background Thread 1 ] WARN  FXGL.DefaultMenu     - FXGLDefaultMenu is not designed for resolutions < 800x600
16:35:00.190 [FXGL Background Thread 1 ] DEBUG FXGL.DefaultMenu     - createMenuBodyGameMenu()
16:35:00.200 [FXGL Background Thread 1 ] DEBUG FXGL.DefaultMenu     - createOptionsMenu()
16:35:00.212 [FXGL Background Thread 1 ] DEBUG FXGLAssetLoaderServi - Loading from file system: jar:file:///C:/Users/valer/.m2/repository/com/github/almasb/fxgl/17/fxgl-17.jar!/fxglassets/textures/particles/smoke.png
16:35:00.325 [FXGL Background Thread 1 ] DEBUG FXGLAssetLoaderServi - Loading from file system: jar:file:///C:/Users/valer/.m2/repository/com/github/almasb/fxgl/17/fxgl-17.jar!/fxglassets/textures/particles/trace_horizontal.png
16:35:00.361 [FXGL Background Thread 1 ] DEBUG GameApplicationServi - Application scenes initialized
16:35:00.374 [FXGL Background Thread 1 ] DEBUG SystemBundleService  - Loading FXGL system data
16:35:00.379 [FXGL Background Thread 1 ] DEBUG FileSystemAccess     - Reading from: C:\Users\valer\OneDrive\Desktop\Projects\DinosaurGameCode\system\fxgl.bundle
16:35:00.388 [FXGL Background Thread 1 ] DEBUG SystemBundleService  - Bundle FXGL: {}
16:35:00.388 [FXGL Background Thread 1 ] DEBUG UpdaterService       - Checking for updates
16:35:00.393 [FXGL Background Thread 4 ] DEBUG FXGLApplication      - Loading fonts
16:35:00.393 [FXGL Background Thread 1 ] DEBUG FXGLApplication      - Loading default localization
16:35:00.393 [FXGL Background Thread 4 ] DEBUG FXGLAssetLoaderServi - Loading from file system: jar:file:///C:/Users/valer/.m2/repository/com/github/almasb/fxgl/17/fxgl-17.jar!/fxglassets/ui/fonts/VarelaRound-Regular.ttf
16:35:00.394 [FXGL Background Thread 1 ] DEBUG FXGLAssetLoaderServi - Loading from file system: jar:file:///C:/Users/valer/.m2/repository/com/github/almasb/fxgl/17/fxgl-17.jar!/fxglassets/languages/english.lang
16:35:00.412 [FXGL Background Thread 1 ] INFO  FXGLApplication      - FXGL initialization took: 0,510 sec
16:35:00.425 [JavaFX Application Thread] DEBUG Input                - Registered new binding: action0 - Up
16:35:00.426 [JavaFX Application Thread] DEBUG Input                - Registered new binding: action1 - Down
16:35:00.427 [JavaFX Application Thread] DEBUG Input                - Registered new binding: action2 - Left
16:35:00.427 [JavaFX Application Thread] DEBUG Input                - Registered new binding: action3 - Right
16:35:00.428 [JavaFX Application Thread] DEBUG Input                - Registered new binding: action4 - Space
16:35:00.429 [JavaFX Application Thread] DEBUG FXGLAssetLoaderServi - Loading from file system: file:/C:/Users/valer/OneDrive/Desktop/Projects/DinosaurGameCode/dinosaur-exploder/target/classes/assets/textures/icon.png
16:35:00.473 [FXGL Background Thread 4 ] DEBUG FXGLAssetLoaderServi - Loading from file system: jar:file:///C:/Users/valer/.m2/repository/com/github/almasb/fxgl/17/fxgl-17.jar!/fxglassets/ui/fonts/Abel-Regular.ttf
16:35:00.488 [FXGL Background Thread 4 ] DEBUG FXGLAssetLoaderServi - Loading from file system: jar:file:///C:/Users/valer/.m2/repository/com/github/almasb/fxgl/17/fxgl-17.jar!/fxglassets/ui/fonts/TerminalLandMono-Regular.otf
16:35:00.495 [FXGL Background Thread 4 ] DEBUG FXGLAssetLoaderServi - Loading from file system: jar:file:///C:/Users/valer/.m2/repository/com/github/almasb/fxgl/17/fxgl-17.jar!/fxglassets/ui/fonts/Courier-Prime.ttf
16:35:00.653 [JavaFX Application Thread] DEBUG FXGLAssetLoaderServi - Loading from file system: jar:file:///C:/Users/valer/.m2/repository/com/github/almasb/fxgl/17/fxgl-17.jar!/fxglassets/textures/fxgl_default_cursor.png
16:35:00.655 [JavaFX Application Thread] DEBUG Input                - Registered new binding: Screenshot - CTRL+8
16:35:00.655 [JavaFX Application Thread] DEBUG Input                - Registered new binding: System info dump - CTRL+9
16:35:00.655 [JavaFX Application Thread] DEBUG Input                - Registered new binding: Restart - CTRL+R
16:35:00.656 [JavaFX Application Thread] DEBUG Input                - Registered new binding: Toggle Debug Camera - CTRL+7
16:35:00.659 [JavaFX Application Thread] DEBUG LoopRunner           - Starting loop
16:35:00.659 [JavaFX Application Thread] DEBUG LoopRunner           - Initializing ScheduledExecutorLoop with fps: 60
16:35:00.663 [JavaFX Application Thread] DEBUG Input                - Clearing active input actions
16:35:00.672 [JavaFX Application Thread] DEBUG GameApplicationServi - Removing overlay from FXGLStartupScene and adding to FXGLMainMenuDummyScene
16:35:00.672 [JavaFX Application Thread] DEBUG PrimaryStageWindow   - FXGLStartupScene -> FXGLMainMenuDummyScene
16:35:00.673 [JavaFX Application Thread] DEBUG PrimaryStageWindow   - Push state: DinosaurMenu
16:35:00.673 [JavaFX Application Thread] DEBUG Input                - Clearing active input actions
16:35:00.679 [JavaFX Application Thread] DEBUG GameApplicationServi - Removing overlay from FXGLMainMenuDummyScene and adding to DinosaurMenu
16:35:00.680 [JavaFX Application Thread] DEBUG PrimaryStageWindow   - FXGLMainMenuDummyScene -> DinosaurMenu
16:35:00.683 [JavaFX Application Thread] DEBUG FXGLApplication      - Registering font factories with UI factory
16:35:01.354 [FXGL Background Thread 2 ] INFO  UpdaterService       - Your current version:  17
16:35:01.354 [FXGL Background Thread 2 ] INFO  UpdaterService       - Latest stable version: 17.1
16:35:01.528 [JavaFX Application Thread] DEBUG Menu                 - fireNewGame()
16:35:01.528 [JavaFX Application Thread] DEBUG GameApplicationServi - Starting new game
16:35:01.528 [JavaFX Application Thread] DEBUG PrimaryStageWindow   - Pop state: DinosaurMenu
16:35:01.530 [JavaFX Application Thread] DEBUG Input                - Clearing active input actions
16:35:01.531 [JavaFX Application Thread] DEBUG GameApplicationServi - Removing overlay from DinosaurMenu and adding to FXGLMainMenuDummyScene
16:35:01.532 [JavaFX Application Thread] DEBUG PrimaryStageWindow   - FXGLMainMenuDummyScene <- DinosaurMenu
16:35:01.532 [JavaFX Application Thread] DEBUG Input                - Clearing active input actions
16:35:01.545 [JavaFX Application Thread] DEBUG GameApplicationServi - Removing overlay from FXGLMainMenuDummyScene and adding to FXGLLoadingScene
16:35:01.546 [JavaFX Application Thread] DEBUG PrimaryStageWindow   - FXGLMainMenuDummyScene -> FXGLLoadingScene
16:35:01.546 [JavaFX Application Thread] DEBUG GameApplicationServi - Clearing previous game
16:35:01.546 [JavaFX Application Thread] DEBUG GameScene            - Clearing game scene
16:35:01.546 [JavaFX Application Thread] DEBUG GameWorld            - Clearing game world
16:35:01.546 [JavaFX Application Thread] DEBUG PhysicsWorld         - Clearing physics world
16:35:01.549 [FXGL Background Thread 2 ] DEBUG FXGLApplication      - Initializing game
16:35:01.745 [FXGL Background Thread 2 ] WARN  GameWorld            - Entity is already attached to world
16:35:01.746 [FXGL Background Thread 2 ] DEBUG FXGLAssetLoaderServi - Loading from file system: file:/C:/Users/valer/OneDrive/Desktop/Projects/DinosaurGameCode/dinosaur-exploder/target/classes/assets/textures/spaceship.png
16:35:01.758 [FXGL Background Thread 2 ] DEBUG FXGLAssetLoaderServi - Loading from file system: file:/C:/Users/valer/OneDrive/Desktop/Projects/DinosaurGameCode/dinosaur-exploder/target/classes/assets/sounds/engine.wav
16:35:01.860 [FXGL Background Thread 2 ] DEBUG FXGLAssetLoaderServi - Loading from file system: file:/C:/Users/valer/OneDrive/Desktop/Projects/DinosaurGameCode/dinosaur-exploder/target/classes/assets/textures/life.png
16:35:01.869 [FXGL Background Thread 2 ] INFO  FXGLApplication      - Game initialization took: 0,320 sec
16:35:01.883 [JavaFX Application Thread] DEBUG Input                - Clearing active input actions
16:35:01.891 [JavaFX Application Thread] DEBUG GameApplicationServi - Removing overlay from FXGLLoadingScene and adding to GameScene
16:35:01.891 [JavaFX Application Thread] DEBUG PrimaryStageWindow   - FXGLLoadingScene -> GameScene
16:35:02.613 [JavaFX Application Thread] DEBUG FXGLAssetLoaderServi - Loading from file system: file:/C:/Users/valer/OneDrive/Desktop/Projects/DinosaurGameCode/dinosaur-exploder/target/classes/assets/textures/greenDino.png
16:35:03.382 [JavaFX Application Thread] DEBUG FXGLAssetLoaderServi - Loading from file system: file:/C:/Users/valer/OneDrive/Desktop/Projects/DinosaurGameCode/dinosaur-exploder/target/classes/assets/sounds/enemyShoot.wav
16:35:03.393 [FXGL Background Thread 3 ] DEBUG Engine               - Logging environment variables
16:35:03.394 [JavaFX Application Thread] DEBUG FXGLAssetLoaderServi - Loading from file system: file:/C:/Users/valer/OneDrive/Desktop/Projects/DinosaurGameCode/dinosaur-exploder/target/classes/assets/textures/enemyProjectile.png
16:35:03.395 [FXGL Background Thread 3 ] DEBUG Engine               - achievements: []
16:35:03.395 [FXGL Background Thread 3 ] DEBUG Engine               - actualHeight: 750.0
16:35:03.395 [FXGL Background Thread 3 ] DEBUG Engine               - actualHeightProperty: ReadOnlyDoubleProperty [value: 750.0]
16:35:03.396 [FXGL Background Thread 3 ] DEBUG Engine               - actualWidth: 550.0
16:35:03.396 [FXGL Background Thread 3 ] DEBUG Engine               - actualWidthProperty: ReadOnlyDoubleProperty [value: 550.0]
16:35:03.396 [FXGL Background Thread 3 ] DEBUG Engine               - appIcon: icon.png
16:35:03.397 [FXGL Background Thread 3 ] DEBUG Engine               - applicationMode: DEVELOPER
16:35:03.397 [FXGL Background Thread 3 ] DEBUG Engine               - cSSList: [fxgl_dark.css]
16:35:03.397 [FXGL Background Thread 3 ] DEBUG Engine               - collisionDetectionStrategy: BRUTE_FORCE
16:35:03.398 [FXGL Background Thread 3 ] DEBUG Engine               - configClass: Optional.empty
16:35:03.398 [FXGL Background Thread 3 ] DEBUG Engine               - credits: []
16:35:03.399 [FXGL Background Thread 3 ] DEBUG Engine               - defaultCursor: CursorInfo(imageName=fxgl_default_cursor.png, hotspotX=7.0, hotspotY=6.0)
16:35:03.400 [FXGL Background Thread 3 ] DEBUG Engine               - devBBoxColorProperty: ObjectProperty [value: 0xff0000ff]
16:35:03.400 [FXGL Background Thread 3 ] DEBUG Engine               - devEnableDebugCameraProperty: BooleanProperty [value: false]
16:35:03.401 [FXGL Background Thread 3 ] DEBUG Engine               - devSensorColorProperty: ObjectProperty [value: 0xffff00ff]
16:35:03.401 [FXGL Background Thread 3 ] DEBUG Engine               - devShowBBoxProperty: BooleanProperty [value: false]
16:35:03.402 [FXGL Background Thread 3 ] DEBUG Engine               - devShowPositionProperty: BooleanProperty [value: false]
16:35:03.402 [FXGL Background Thread 3 ] DEBUG Engine               - enabledMenuItems: []
16:35:03.402 [FXGL Background Thread 3 ] DEBUG Engine               - engineServices: [class com.almasb.fxgl.app.services.FXGLAssetLoaderService, class com.almasb.fxgl.app.FXGLApplication$GameApplicationService, class com.almasb.fxgl.app.services.FXGLDialogService, class com.almasb.fxgl.app.services.IOTaskExecutorService, class com.almasb.fxgl.io.FileSystemService, class com.almasb.fxgl.localization.LocalizationService, class com.almasb.fxgl.app.services.SystemBundleService, class com.almasb.fxgl.profile.SaveLoadService, class com.almasb.fxgl.ui.FXGLUIFactoryServiceProvider, class com.almasb.fxgl.ui.FXGLDialogFactoryServiceProvider, class com.almasb.fxgl.audio.AudioPlayer, class com.almasb.fxgl.notification.impl.NotificationServiceProvider, class com.almasb.fxgl.achievement.AchievementService, class com.almasb.fxgl.cutscene.CutsceneService, class com.almasb.fxgl.minigames.MiniGameService, class com.almasb.fxgl.net.NetService, class com.almasb.fxgl.app.services.UpdaterService, class com.almasb.fxgl.dev.DevService]
16:35:03.402 [FXGL Background Thread 3 ] DEBUG Engine               - fontGame: Abel-Regular.ttf
16:35:03.403 [FXGL Background Thread 3 ] DEBUG Engine               - fontMono: TerminalLandMono-Regular.otf
16:35:03.403 [FXGL Background Thread 3 ] DEBUG Engine               - fontText: Courier-Prime.ttf
16:35:03.403 [FXGL Background Thread 3 ] DEBUG Engine               - fontUI: VarelaRound-Regular.ttf
16:35:03.404 [FXGL Background Thread 3 ] DEBUG Engine               - fullScreen: BooleanProperty [value: false]
16:35:03.405 [FXGL Background Thread 3 ] DEBUG Engine               - gameDifficulty: MEDIUM
16:35:03.405 [FXGL Background Thread 3 ] DEBUG Engine               - gameDifficultyProperty: ObjectProperty [value: MEDIUM]
16:35:03.406 [FXGL Background Thread 3 ] DEBUG Engine               - globalMusicVolume: 0.5
16:35:03.406 [FXGL Background Thread 3 ] DEBUG Engine               - globalMusicVolumeProperty: DoubleProperty [value: 0.5]
16:35:03.407 [FXGL Background Thread 3 ] DEBUG Engine               - globalSoundVolume: 0.5
16:35:03.407 [FXGL Background Thread 3 ] DEBUG Engine               - globalSoundVolumeProperty: DoubleProperty [value: 0.5]
16:35:03.407 [FXGL Background Thread 3 ] DEBUG Engine               - height: 750
16:35:03.408 [FXGL Background Thread 3 ] DEBUG Engine               - is3D: false
16:35:03.408 [FXGL Background Thread 3 ] DEBUG Engine               - isAndroid: false
16:35:03.409 [FXGL Background Thread 3 ] DEBUG Engine               - isBrowser: false
16:35:03.409 [FXGL Background Thread 3 ] DEBUG Engine               - isClickFeedbackEnabled: false
16:35:03.410 [FXGL Background Thread 3 ] DEBUG Engine               - isCloseConfirmation: false
16:35:03.410 [FXGL Background Thread 3 ] DEBUG Engine               - isDesktop: true
16:35:03.411 [FXGL Background Thread 3 ] DEBUG Engine               - isDeveloperMenuEnabled: false
16:35:03.411 [FXGL Background Thread 3 ] DEBUG Engine               - isEmbedded: false
16:35:03.412 [FXGL Background Thread 3 ] DEBUG Engine               - isEntityPreloadEnabled: true
16:35:03.412 [FXGL Background Thread 3 ] DEBUG Engine               - isExperimentalTiledLargeMap: false
16:35:03.413 [FXGL Background Thread 3 ] DEBUG Engine               - isFileSystemWriteAllowed: true
16:35:03.414 [FXGL Background Thread 3 ] DEBUG Engine               - isFullScreenAllowed: false
16:35:03.414 [FXGL Background Thread 3 ] DEBUG Engine               - isFullScreenFromStart: false
16:35:03.414 [FXGL Background Thread 3 ] DEBUG Engine               - isGameMenuEnabled: true
16:35:03.415 [FXGL Background Thread 3 ] DEBUG Engine               - isIOS: false
16:35:03.415 [FXGL Background Thread 3 ] DEBUG Engine               - isIntroEnabled: false
16:35:03.416 [FXGL Background Thread 3 ] DEBUG Engine               - isLinux: false
16:35:03.416 [FXGL Background Thread 3 ] DEBUG Engine               - isMac: false
16:35:03.416 [FXGL Background Thread 3 ] DEBUG Engine               - isMainMenuEnabled: true
16:35:03.416 [FXGL Background Thread 3 ] DEBUG Engine               - isManualResizeEnabled: false
16:35:03.418 [FXGL Background Thread 3 ] DEBUG Engine               - isMobile: false
16:35:03.418 [FXGL Background Thread 3 ] DEBUG Engine               - isNative: false
16:35:03.418 [FXGL Background Thread 3 ] DEBUG Engine               - isPauseMusicWhenMinimized: true
16:35:03.419 [FXGL Background Thread 3 ] DEBUG Engine               - isPreserveResizeRatio: false
16:35:03.419 [FXGL Background Thread 3 ] DEBUG Engine               - isProfilingEnabled: false
16:35:03.419 [FXGL Background Thread 3 ] DEBUG Engine               - isScaleAffectedOnResize: true
16:35:03.419 [FXGL Background Thread 3 ] DEBUG Engine               - isSingleStep: false
16:35:03.420 [FXGL Background Thread 3 ] DEBUG Engine               - isUserProfileEnabled: false
16:35:03.420 [FXGL Background Thread 3 ] DEBUG Engine               - isWindows: true
16:35:03.420 [FXGL Background Thread 3 ] DEBUG Engine               - language: ObjectProperty [value: ENGLISH]
16:35:03.420 [FXGL Background Thread 3 ] DEBUG Engine               - menuKey: ESCAPE
16:35:03.420 [FXGL Background Thread 3 ] DEBUG Engine               - mouseSensitivity: 0.2
16:35:03.421 [FXGL Background Thread 3 ] DEBUG Engine               - notificationViewClass: class com.almasb.fxgl.notification.view.XboxNotificationView
16:35:03.421 [FXGL Background Thread 3 ] DEBUG Engine               - pixelsPerMeter: 50.0
16:35:03.421 [FXGL Background Thread 3 ] DEBUG Engine               - platform: WINDOWS
16:35:03.421 [FXGL Background Thread 3 ] DEBUG Engine               - prefHeightProperty: ReadOnlyDoubleProperty [value: 750.0]
16:35:03.422 [FXGL Background Thread 3 ] DEBUG Engine               - prefWidthProperty: ReadOnlyDoubleProperty [value: 550.0]
16:35:03.422 [FXGL Background Thread 3 ] DEBUG Engine               - profileDir: profiles/
16:35:03.423 [FXGL Background Thread 3 ] DEBUG Engine               - profileName: StringProperty [value: DEFAULT]
16:35:03.423 [FXGL Background Thread 3 ] DEBUG Engine               - randomSeed: -1
16:35:03.423 [FXGL Background Thread 3 ] DEBUG Engine               - runtimeInfo: RuntimeInfo(platform=WINDOWS, version=17, build=31.12.2021 18.16)
16:35:03.424 [FXGL Background Thread 3 ] DEBUG Engine               - saveFileExt: sav
16:35:03.424 [FXGL Background Thread 3 ] DEBUG Engine               - scaledHeightProp$fxgl: DoubleProperty [bound, value: 750.0]
16:35:03.424 [FXGL Background Thread 3 ] DEBUG Engine               - scaledWidthProp$fxgl: DoubleProperty [bound, value: 550.0]
16:35:03.425 [FXGL Background Thread 3 ] DEBUG Engine               - sceneFactory: com.dinosaur.dinosaurexploder.view.DinosaurGUI$1@3dc04ffc
16:35:03.425 [FXGL Background Thread 3 ] DEBUG Engine               - secondsIn24h: 60
16:35:03.425 [FXGL Background Thread 3 ] DEBUG Engine               - soundMenuBack: menu/back.wav
16:35:03.425 [FXGL Background Thread 3 ] DEBUG Engine               - soundMenuPress: menu/press.wav
16:35:03.426 [FXGL Background Thread 3 ] DEBUG Engine               - soundMenuSelect: menu/select.wav
16:35:03.426 [FXGL Background Thread 3 ] DEBUG Engine               - soundNotification: core/notification.wav
16:35:03.426 [FXGL Background Thread 3 ] DEBUG Engine               - stageStyle: DECORATED
16:35:03.426 [FXGL Background Thread 3 ] DEBUG Engine               - supportedLanguages: [ENGLISH, FRENCH, GERMAN, HUNGARIAN, RUSSIAN]
16:35:03.426 [FXGL Background Thread 3 ] DEBUG Engine               - ticksPerSecond: 60
16:35:03.427 [FXGL Background Thread 3 ] DEBUG Engine               - title: Dinosaur Exploder
16:35:03.427 [FXGL Background Thread 3 ] DEBUG Engine               - urlGithub: https://github.com/AlmasB/FXGL
16:35:03.427 [FXGL Background Thread 3 ] DEBUG Engine               - urlLeaderboard: http://fxgl-top.herokuapp.com/
16:35:03.427 [FXGL Background Thread 3 ] DEBUG Engine               - urlPOM: https://raw.githubusercontent.com/AlmasB/FXGL/release/README.md
16:35:03.427 [FXGL Background Thread 3 ] DEBUG Engine               - userAppClass: class com.dinosaur.dinosaurexploder.DinosaurApp
16:35:03.428 [FXGL Background Thread 3 ] DEBUG Engine               - version: 1.0
16:35:03.428 [FXGL Background Thread 3 ] DEBUG Engine               - versionCheckDays: 7
16:35:03.428 [FXGL Background Thread 3 ] DEBUG Engine               - width: 550
16:35:03.428 [FXGL Background Thread 3 ] DEBUG Engine               - Logging services
16:35:03.428 [FXGL Background Thread 3 ] DEBUG Engine               - class com.almasb.fxgl.app.services.FXGLAssetLoaderService
16:35:03.429 [FXGL Background Thread 3 ] DEBUG Engine               - class com.almasb.fxgl.app.FXGLApplication$GameApplicationService
16:35:03.429 [FXGL Background Thread 3 ] DEBUG Engine               - class com.almasb.fxgl.app.services.FXGLDialogService
16:35:03.429 [FXGL Background Thread 3 ] DEBUG Engine               - class com.almasb.fxgl.app.services.IOTaskExecutorService
16:35:03.429 [FXGL Background Thread 3 ] DEBUG Engine               - class com.almasb.fxgl.io.FileSystemService
16:35:03.429 [FXGL Background Thread 3 ] DEBUG Engine               - class com.almasb.fxgl.localization.LocalizationService
16:35:03.429 [FXGL Background Thread 3 ] DEBUG Engine               - class com.almasb.fxgl.app.services.SystemBundleService
16:35:03.430 [FXGL Background Thread 3 ] DEBUG Engine               - class com.almasb.fxgl.profile.SaveLoadService
16:35:03.430 [FXGL Background Thread 3 ] DEBUG Engine               - class com.almasb.fxgl.ui.FXGLUIFactoryServiceProvider
16:35:03.430 [FXGL Background Thread 3 ] DEBUG Engine               - class com.almasb.fxgl.ui.FXGLDialogFactoryServiceProvider
16:35:03.430 [FXGL Background Thread 3 ] DEBUG Engine               - class com.almasb.fxgl.audio.AudioPlayer
16:35:03.431 [FXGL Background Thread 3 ] DEBUG Engine               - class com.almasb.fxgl.notification.impl.NotificationServiceProvider
16:35:03.432 [FXGL Background Thread 3 ] DEBUG Engine               - class com.almasb.fxgl.achievement.AchievementService
16:35:03.432 [FXGL Background Thread 3 ] DEBUG Engine               - class com.almasb.fxgl.cutscene.CutsceneService
16:35:03.433 [FXGL Background Thread 3 ] DEBUG Engine               - class com.almasb.fxgl.minigames.MiniGameService
16:35:03.434 [FXGL Background Thread 3 ] DEBUG Engine               - class com.almasb.fxgl.net.NetService
16:35:03.434 [FXGL Background Thread 3 ] DEBUG Engine               - class com.almasb.fxgl.app.services.UpdaterService
16:35:03.434 [FXGL Background Thread 3 ] DEBUG Engine               - class com.almasb.fxgl.dev.DevService
16:35:05.018 [JavaFX Application Thread] DEBUG FXGLAssetLoaderServi - Loading from file system: file:/C:/Users/valer/OneDrive/Desktop/Projects/DinosaurGameCode/dinosaur-exploder/target/classes/assets/sounds/playerHit.wav
16:35:05.634 [JavaFX Application Thread] DEBUG LoopRunner           - Stopping loop
16:35:05.640 [JavaFX Application Thread] FATAL FXGLApplication      - Uncaught Exception:
java.lang.IllegalArgumentException: Component LifeComponent not found!
	at com.almasb.fxgl.entity@17/com.almasb.fxgl.entity.Entity.getComponent(Entity.java:366)
	at com.dinosaur.dinosaurexploder/com.dinosaur.dinosaurexploder.controller.DinosaurController.damagePlayer(DinosaurController.java:25)
	at com.dinosaur.dinosaurexploder/com.dinosaur.dinosaurexploder.controller.DinosaurController.lambda$initPhysics$8(DinosaurController.java:95)
	at com.almasb.fxgl.all@17/com.almasb.fxgl.dsl.FXGL$Companion$onCollisionBegin$1.onCollisionBegin(FXGL.kt:551)
	at com.almasb.fxgl.entity@17/com.almasb.fxgl.physics.CollisionPair.collisionBegin(CollisionPair.java:37)
	at com.almasb.fxgl.entity@17/com.almasb.fxgl.physics.PhysicsWorld.collisionBeginFor(PhysicsWorld.java:453)
	at com.almasb.fxgl.entity@17/com.almasb.fxgl.physics.PhysicsWorld.checkCollisionsInGroup(PhysicsWorld.java:405)
	at com.almasb.fxgl.entity@17/com.almasb.fxgl.physics.PhysicsWorld.checkCollisions(PhysicsWorld.java:373)
	at com.almasb.fxgl.entity@17/com.almasb.fxgl.physics.PhysicsWorld.onUpdate(PhysicsWorld.java:179)
	at com.almasb.fxgl.all@17/com.almasb.fxgl.app.scene.GameScene.step(GameScene.kt:225)
	at com.almasb.fxgl.all@17/com.almasb.fxgl.app.scene.GameScene.onUpdate(GameScene.kt:220)
	at com.almasb.fxgl.scene@17/com.almasb.fxgl.scene.Scene.update(Scene.kt:105)
	at com.almasb.fxgl.all@17/com.almasb.fxgl.app.MainWindow$update$1.invoke(MainWindow.kt:115)
	at com.almasb.fxgl.all@17/com.almasb.fxgl.app.MainWindow$update$1.invoke(MainWindow.kt:115)
	at com.almasb.fxgl.core@17/com.almasb.fxgl.core.fsm.StateMachine.runOnActiveStates(StateMachine.kt:69)
	at com.almasb.fxgl.all@17/com.almasb.fxgl.app.MainWindow.update(MainWindow.kt:115)
	at com.almasb.fxgl.all@17/com.almasb.fxgl.app.FXGLApplication$GameApplicationService.onUpdate(FXGLApplication.kt:426)
	at com.almasb.fxgl.all@17/com.almasb.fxgl.app.Engine.loop(Engine.kt:134)
	at com.almasb.fxgl.all@17/com.almasb.fxgl.app.Engine.access$loop(Engine.kt:24)
	at com.almasb.fxgl.all@17/com.almasb.fxgl.app.Engine$loop$1.invoke(Engine.kt:28)
	at com.almasb.fxgl.all@17/com.almasb.fxgl.app.Engine$loop$1.invoke(Engine.kt:28)
	at com.almasb.fxgl.all@17/com.almasb.fxgl.app.LoopRunner.frame(LoopRunner.kt:103)
	at com.almasb.fxgl.all@17/com.almasb.fxgl.app.LoopRunner.access$frame(LoopRunner.kt:23)
	at com.almasb.fxgl.all@17/com.almasb.fxgl.app.LoopRunner$impl$2$2.onTick(LoopRunner.kt:64)
	at com.almasb.fxgl.all@17/com.almasb.fxgl.app.ScheduledExecutorLoop.start$lambda-1$lambda-0(LoopRunner.kt:170)
	at javafx.graphics/com.sun.javafx.application.PlatformImpl.lambda$runLater$10(PlatformImpl.java:457)
	at java.base/java.security.AccessController.doPrivileged(AccessController.java:399)
	at javafx.graphics/com.sun.javafx.application.PlatformImpl.lambda$runLater$11(PlatformImpl.java:456)
	at javafx.graphics/com.sun.glass.ui.InvokeLaterDispatcher$Future.run(InvokeLaterDispatcher.java:96)
	at javafx.graphics/com.sun.glass.ui.win.WinApplication._runLoop(Native Method)
	at javafx.graphics/com.sun.glass.ui.win.WinApplication.lambda$runLoop$3(WinApplication.java:184)
	at java.base/java.lang.Thread.run(Thread.java:833)

16:35:05.641 [JavaFX Application Thread] FATAL FXGLApplication      - Application will now exit
16:35:05.676 [JavaFX Application Thread] DEBUG PrimaryStageWindow   - Push state: ErrorSubScene
16:35:05.676 [JavaFX Application Thread] DEBUG Input                - Clearing active input actions
16:35:05.679 [JavaFX Application Thread] DEBUG GameApplicationServi - Removing overlay from GameScene and adding to ErrorSubScene
16:35:05.680 [JavaFX Application Thread] DEBUG PrimaryStageWindow   - GameScene -> ErrorSubScene
16:40:04.882 [JavaFX Application Thread] DEBUG FXGLApplication      - Exiting FXGL
16:40:04.882 [JavaFX Application Thread] DEBUG Async                - Shutting down background threads
16:40:04.882 [JavaFX Application Thread] DEBUG PrimaryStageWindow   - Closing main window
16:40:04.891 [JavaFX Application Thread] DEBUG Logger               - Closing Logger
