16:16:16.612 [main                     ] DEBUG Logger               - Configured Logger
16:16:16.649 [main                     ] DEBUG GameApplication      - Logging settings
Title: Dinosaur Exploder
Version: 1.0
Width: 550
Height: 750
Fullscreen: false
Intro: false
Profiling: false
Single step:false
App Mode: DEVELOPER
Menu Key: ESCAPE
Stage Style: DECORATED
Scene Factory: class com.dinosaur.dinosaurexploder.view.DinosaurGUI$1

16:16:16.962 [JavaFX Application Thread] DEBUG FXGLApplication      - Initializing FXGL
16:16:16.969 [JavaFX Application Thread] INFO  Engine               - FXGL-17 (31.12.2021 18.16) on WINDOWS (J:17.0.3.1 FX:17.0.2-ea)
16:16:16.969 [JavaFX Application Thread] DEBUG Engine               - JRE Vendor Name: Oracle Corporation
16:16:16.969 [JavaFX Application Thread] DEBUG Engine               - Running on OS: Windows 10 version 10.0
16:16:16.970 [JavaFX Application Thread] DEBUG Engine               - Architecture: amd64
16:16:16.970 [JavaFX Application Thread] INFO  Engine               - Source code and latest versions at: https://github.com/AlmasB/FXGL
16:16:16.970 [JavaFX Application Thread] INFO  Engine               -       Ask questions and discuss at: https://github.com/AlmasB/FXGL/discussions
16:16:16.971 [JavaFX Application Thread] INFO  Engine               -              Join the FXGL chat at: https://gitter.im/AlmasB/FXGL
16:16:17.056 [JavaFX Application Thread] DEBUG PrimaryStageWindow   - Creating a JavaFX scene
16:16:17.097 [JavaFX Application Thread] DEBUG PrimaryStageWindow   - Target settings size: 550.0 x 750.0
16:16:17.097 [JavaFX Application Thread] DEBUG PrimaryStageWindow   - Scaled scene size:    550.0 x 750.0
16:16:17.097 [JavaFX Application Thread] DEBUG PrimaryStageWindow   - Scaled ratio: (1.0, 1.0)
16:16:17.099 [JavaFX Application Thread] DEBUG PrimaryStageWindow   - Set initial scene to FXGLStartupScene
16:16:17.109 [JavaFX Application Thread] DEBUG PrimaryStageWindow   - Opening main window
16:16:17.189 [JavaFX Application Thread] DEBUG PrimaryStageWindow   - Window border size: (14.79998779296875, 38.0)
16:16:17.189 [JavaFX Application Thread] DEBUG PrimaryStageWindow   - Scaled size: 550.0 x 750.0
16:16:17.189 [JavaFX Application Thread] DEBUG PrimaryStageWindow   - Scaled ratio: (1.0, 1.0)
16:16:17.191 [JavaFX Application Thread] DEBUG PrimaryStageWindow   - Scene size: 550.0 x 750.0
16:16:17.192 [JavaFX Application Thread] DEBUG PrimaryStageWindow   - Stage size: 564.7999877929688 x 788.0
16:16:17.201 [FXGL Background Thread 1 ] DEBUG Engine               - Initializing environment variables
16:16:17.241 [FXGL Background Thread 1 ] DEBUG FXGLAssetLoaderServi - User app class for loading assets: class com.dinosaur.dinosaurexploder.DinosaurApp
16:16:17.241 [FXGL Background Thread 1 ] DEBUG GameApplicationServi - Applying CSS: fxgl_dark.css
16:16:17.243 [FXGL Background Thread 1 ] DEBUG FXGLAssetLoaderServi - Loading from file system: jar:file:///C:/Users/valer/.m2/repository/com/github/almasb/fxgl/17/fxgl-17.jar!/fxglassets/ui/css/fxgl_dark.css
16:16:17.299 [FXGL Background Thread 1 ] DEBUG GameApplicationServi - Initializing application scenes
16:16:17.370 [FXGL Background Thread 1 ] DEBUG GameWorld            - Game world initialized
16:16:17.448 [FXGL Background Thread 1 ] DEBUG PhysicsWorld         - Physics world initialized: appHeight=750, physics.ppm=50,0
16:16:17.449 [FXGL Background Thread 1 ] DEBUG PhysicsWorld         - Using strategy: BRUTE_FORCE
16:16:17.455 [FXGL Background Thread 1 ] DEBUG GameScene            - Game scene initialized: 550x750
16:16:17.478 [FXGL Background Thread 1 ] WARN  FXGL.DefaultMenu     - FXGLDefaultMenu is not designed for resolutions < 800x600
16:16:17.478 [FXGL Background Thread 1 ] DEBUG FXGL.DefaultMenu     - createMenuBodyGameMenu()
16:16:17.493 [FXGL Background Thread 1 ] DEBUG FXGL.DefaultMenu     - createOptionsMenu()
16:16:17.508 [FXGL Background Thread 1 ] DEBUG FXGLAssetLoaderServi - Loading from file system: jar:file:///C:/Users/valer/.m2/repository/com/github/almasb/fxgl/17/fxgl-17.jar!/fxglassets/textures/particles/smoke.png
16:16:17.621 [FXGL Background Thread 1 ] DEBUG FXGLAssetLoaderServi - Loading from file system: jar:file:///C:/Users/valer/.m2/repository/com/github/almasb/fxgl/17/fxgl-17.jar!/fxglassets/textures/particles/trace_horizontal.png
16:16:17.666 [FXGL Background Thread 1 ] DEBUG GameApplicationServi - Application scenes initialized
16:16:17.681 [FXGL Background Thread 1 ] DEBUG SystemBundleService  - Loading FXGL system data
16:16:17.686 [FXGL Background Thread 1 ] WARN  SystemBundleService  - Failed to load: java.io.FileNotFoundException: C:\Users\valer\OneDrive\Desktop\Projects\DinosaurGameCode\system\fxgl.bundle (Das System kann die angegebene Datei nicht finden)
16:16:17.686 [FXGL Background Thread 1 ] DEBUG SystemBundleService  - Loading default FXGL system data
16:16:17.687 [FXGL Background Thread 1 ] DEBUG UpdaterService       - Checking for updates
16:16:17.692 [FXGL Background Thread 4 ] DEBUG FXGLApplication      - Loading fonts
16:16:17.693 [FXGL Background Thread 1 ] DEBUG FXGLApplication      - Loading default localization
16:16:17.693 [FXGL Background Thread 4 ] DEBUG FXGLAssetLoaderServi - Loading from file system: jar:file:///C:/Users/valer/.m2/repository/com/github/almasb/fxgl/17/fxgl-17.jar!/fxglassets/ui/fonts/VarelaRound-Regular.ttf
16:16:17.693 [FXGL Background Thread 1 ] DEBUG FXGLAssetLoaderServi - Loading from file system: jar:file:///C:/Users/valer/.m2/repository/com/github/almasb/fxgl/17/fxgl-17.jar!/fxglassets/languages/english.lang
16:16:17.712 [FXGL Background Thread 1 ] INFO  FXGLApplication      - FXGL initialization took: 0,510 sec
16:16:17.725 [JavaFX Application Thread] DEBUG Input                - Registered new binding: action0 - Up
16:16:17.726 [JavaFX Application Thread] DEBUG Input                - Registered new binding: action1 - Down
16:16:17.726 [JavaFX Application Thread] DEBUG Input                - Registered new binding: action2 - Left
16:16:17.727 [JavaFX Application Thread] DEBUG Input                - Registered new binding: action3 - Right
16:16:17.728 [JavaFX Application Thread] DEBUG Input                - Registered new binding: action4 - Space
16:16:17.728 [JavaFX Application Thread] DEBUG FXGLAssetLoaderServi - Loading from file system: file:/C:/Users/valer/OneDrive/Desktop/Projects/DinosaurGameCode/dinosaur-exploder/target/classes/assets/textures/icon.png
16:16:17.759 [FXGL Background Thread 4 ] DEBUG FXGLAssetLoaderServi - Loading from file system: jar:file:///C:/Users/valer/.m2/repository/com/github/almasb/fxgl/17/fxgl-17.jar!/fxglassets/ui/fonts/Abel-Regular.ttf
16:16:17.769 [FXGL Background Thread 4 ] DEBUG FXGLAssetLoaderServi - Loading from file system: jar:file:///C:/Users/valer/.m2/repository/com/github/almasb/fxgl/17/fxgl-17.jar!/fxglassets/ui/fonts/TerminalLandMono-Regular.otf
16:16:17.776 [FXGL Background Thread 4 ] DEBUG FXGLAssetLoaderServi - Loading from file system: jar:file:///C:/Users/valer/.m2/repository/com/github/almasb/fxgl/17/fxgl-17.jar!/fxglassets/ui/fonts/Courier-Prime.ttf
16:16:17.933 [JavaFX Application Thread] DEBUG FXGLAssetLoaderServi - Loading from file system: jar:file:///C:/Users/valer/.m2/repository/com/github/almasb/fxgl/17/fxgl-17.jar!/fxglassets/textures/fxgl_default_cursor.png
16:16:17.935 [JavaFX Application Thread] DEBUG Input                - Registered new binding: Screenshot - CTRL+8
16:16:17.935 [JavaFX Application Thread] DEBUG Input                - Registered new binding: System info dump - CTRL+9
16:16:17.936 [JavaFX Application Thread] DEBUG Input                - Registered new binding: Restart - CTRL+R
16:16:17.936 [JavaFX Application Thread] DEBUG Input                - Registered new binding: Toggle Debug Camera - CTRL+7
16:16:17.939 [JavaFX Application Thread] DEBUG LoopRunner           - Starting loop
16:16:17.939 [JavaFX Application Thread] DEBUG LoopRunner           - Initializing ScheduledExecutorLoop with fps: 60
16:16:17.942 [JavaFX Application Thread] DEBUG Input                - Clearing active input actions
16:16:17.951 [JavaFX Application Thread] DEBUG GameApplicationServi - Removing overlay from FXGLStartupScene and adding to FXGLMainMenuDummyScene
16:16:17.951 [JavaFX Application Thread] DEBUG PrimaryStageWindow   - FXGLStartupScene -> FXGLMainMenuDummyScene
16:16:17.951 [JavaFX Application Thread] DEBUG PrimaryStageWindow   - Push state: DinosaurMenu
16:16:17.951 [JavaFX Application Thread] DEBUG Input                - Clearing active input actions
16:16:17.959 [JavaFX Application Thread] DEBUG GameApplicationServi - Removing overlay from FXGLMainMenuDummyScene and adding to DinosaurMenu
16:16:17.960 [JavaFX Application Thread] DEBUG PrimaryStageWindow   - FXGLMainMenuDummyScene -> DinosaurMenu
16:16:17.961 [JavaFX Application Thread] DEBUG FXGLApplication      - Registering font factories with UI factory
16:16:18.274 [FXGL Background Thread 2 ] INFO  UpdaterService       - Your current version:  17
16:16:18.275 [FXGL Background Thread 2 ] INFO  UpdaterService       - Latest stable version: 17.1
16:16:18.850 [JavaFX Application Thread] DEBUG Menu                 - fireNewGame()
16:16:18.851 [JavaFX Application Thread] DEBUG GameApplicationServi - Starting new game
16:16:18.851 [JavaFX Application Thread] DEBUG PrimaryStageWindow   - Pop state: DinosaurMenu
16:16:18.851 [JavaFX Application Thread] DEBUG Input                - Clearing active input actions
16:16:18.853 [JavaFX Application Thread] DEBUG GameApplicationServi - Removing overlay from DinosaurMenu and adding to FXGLMainMenuDummyScene
16:16:18.854 [JavaFX Application Thread] DEBUG PrimaryStageWindow   - FXGLMainMenuDummyScene <- DinosaurMenu
16:16:18.854 [JavaFX Application Thread] DEBUG Input                - Clearing active input actions
16:16:18.876 [JavaFX Application Thread] DEBUG GameApplicationServi - Removing overlay from FXGLMainMenuDummyScene and adding to FXGLLoadingScene
16:16:18.876 [JavaFX Application Thread] DEBUG PrimaryStageWindow   - FXGLMainMenuDummyScene -> FXGLLoadingScene
16:16:18.876 [JavaFX Application Thread] DEBUG GameApplicationServi - Clearing previous game
16:16:18.876 [JavaFX Application Thread] DEBUG GameScene            - Clearing game scene
16:16:18.878 [JavaFX Application Thread] DEBUG GameWorld            - Clearing game world
16:16:18.878 [JavaFX Application Thread] DEBUG PhysicsWorld         - Clearing physics world
16:16:18.880 [FXGL Background Thread 2 ] DEBUG FXGLApplication      - Initializing game
16:16:19.127 [FXGL Background Thread 2 ] WARN  GameWorld            - Entity is already attached to world
16:16:19.128 [FXGL Background Thread 2 ] DEBUG FXGLAssetLoaderServi - Loading from file system: file:/C:/Users/valer/OneDrive/Desktop/Projects/DinosaurGameCode/dinosaur-exploder/target/classes/assets/textures/spaceship.png
16:16:19.145 [FXGL Background Thread 2 ] DEBUG FXGLAssetLoaderServi - Loading from file system: file:/C:/Users/valer/OneDrive/Desktop/Projects/DinosaurGameCode/dinosaur-exploder/target/classes/assets/sounds/engine.wav
16:16:19.248 [FXGL Background Thread 2 ] DEBUG FXGLAssetLoaderServi - Loading from file system: file:/C:/Users/valer/OneDrive/Desktop/Projects/DinosaurGameCode/dinosaur-exploder/target/classes/assets/textures/life.png
16:16:19.255 [FXGL Background Thread 2 ] INFO  FXGLApplication      - Game initialization took: 0,374 sec
16:16:19.255 [JavaFX Application Thread] DEBUG Input                - Clearing active input actions
16:16:19.262 [JavaFX Application Thread] DEBUG GameApplicationServi - Removing overlay from FXGLLoadingScene and adding to GameScene
16:16:19.263 [JavaFX Application Thread] DEBUG PrimaryStageWindow   - FXGLLoadingScene -> GameScene
16:16:20.011 [JavaFX Application Thread] DEBUG FXGLAssetLoaderServi - Loading from file system: file:/C:/Users/valer/OneDrive/Desktop/Projects/DinosaurGameCode/dinosaur-exploder/target/classes/assets/textures/greenDino.png
16:16:20.692 [FXGL Background Thread 3 ] DEBUG Engine               - Logging environment variables
16:16:20.693 [FXGL Background Thread 3 ] DEBUG Engine               - achievements: []
16:16:20.693 [FXGL Background Thread 3 ] DEBUG Engine               - actualHeight: 750.0
16:16:20.693 [FXGL Background Thread 3 ] DEBUG Engine               - actualHeightProperty: ReadOnlyDoubleProperty [value: 750.0]
16:16:20.694 [FXGL Background Thread 3 ] DEBUG Engine               - actualWidth: 550.0
16:16:20.694 [FXGL Background Thread 3 ] DEBUG Engine               - actualWidthProperty: ReadOnlyDoubleProperty [value: 550.0]
16:16:20.694 [FXGL Background Thread 3 ] DEBUG Engine               - appIcon: icon.png
16:16:20.695 [FXGL Background Thread 3 ] DEBUG Engine               - applicationMode: DEVELOPER
16:16:20.695 [FXGL Background Thread 3 ] DEBUG Engine               - cSSList: [fxgl_dark.css]
16:16:20.695 [FXGL Background Thread 3 ] DEBUG Engine               - collisionDetectionStrategy: BRUTE_FORCE
16:16:20.695 [FXGL Background Thread 3 ] DEBUG Engine               - configClass: Optional.empty
16:16:20.695 [FXGL Background Thread 3 ] DEBUG Engine               - credits: []
16:16:20.696 [FXGL Background Thread 3 ] DEBUG Engine               - defaultCursor: CursorInfo(imageName=fxgl_default_cursor.png, hotspotX=7.0, hotspotY=6.0)
16:16:20.697 [FXGL Background Thread 3 ] DEBUG Engine               - devBBoxColorProperty: ObjectProperty [value: 0xff0000ff]
16:16:20.697 [FXGL Background Thread 3 ] DEBUG Engine               - devEnableDebugCameraProperty: BooleanProperty [value: false]
16:16:20.697 [FXGL Background Thread 3 ] DEBUG Engine               - devSensorColorProperty: ObjectProperty [value: 0xffff00ff]
16:16:20.698 [FXGL Background Thread 3 ] DEBUG Engine               - devShowBBoxProperty: BooleanProperty [value: false]
16:16:20.698 [FXGL Background Thread 3 ] DEBUG Engine               - devShowPositionProperty: BooleanProperty [value: false]
16:16:20.698 [FXGL Background Thread 3 ] DEBUG Engine               - enabledMenuItems: []
16:16:20.698 [FXGL Background Thread 3 ] DEBUG Engine               - engineServices: [class com.almasb.fxgl.app.services.FXGLAssetLoaderService, class com.almasb.fxgl.app.FXGLApplication$GameApplicationService, class com.almasb.fxgl.app.services.FXGLDialogService, class com.almasb.fxgl.app.services.IOTaskExecutorService, class com.almasb.fxgl.io.FileSystemService, class com.almasb.fxgl.localization.LocalizationService, class com.almasb.fxgl.app.services.SystemBundleService, class com.almasb.fxgl.profile.SaveLoadService, class com.almasb.fxgl.ui.FXGLUIFactoryServiceProvider, class com.almasb.fxgl.ui.FXGLDialogFactoryServiceProvider, class com.almasb.fxgl.audio.AudioPlayer, class com.almasb.fxgl.notification.impl.NotificationServiceProvider, class com.almasb.fxgl.achievement.AchievementService, class com.almasb.fxgl.cutscene.CutsceneService, class com.almasb.fxgl.minigames.MiniGameService, class com.almasb.fxgl.net.NetService, class com.almasb.fxgl.app.services.UpdaterService, class com.almasb.fxgl.dev.DevService]
16:16:20.698 [FXGL Background Thread 3 ] DEBUG Engine               - fontGame: Abel-Regular.ttf
16:16:20.699 [FXGL Background Thread 3 ] DEBUG Engine               - fontMono: TerminalLandMono-Regular.otf
16:16:20.699 [FXGL Background Thread 3 ] DEBUG Engine               - fontText: Courier-Prime.ttf
16:16:20.699 [FXGL Background Thread 3 ] DEBUG Engine               - fontUI: VarelaRound-Regular.ttf
16:16:20.699 [FXGL Background Thread 3 ] DEBUG Engine               - fullScreen: BooleanProperty [value: false]
16:16:20.699 [FXGL Background Thread 3 ] DEBUG Engine               - gameDifficulty: MEDIUM
16:16:20.699 [FXGL Background Thread 3 ] DEBUG Engine               - gameDifficultyProperty: ObjectProperty [value: MEDIUM]
16:16:20.699 [FXGL Background Thread 3 ] DEBUG Engine               - globalMusicVolume: 0.5
16:16:20.699 [FXGL Background Thread 3 ] DEBUG Engine               - globalMusicVolumeProperty: DoubleProperty [value: 0.5]
16:16:20.699 [FXGL Background Thread 3 ] DEBUG Engine               - globalSoundVolume: 0.5
16:16:20.700 [FXGL Background Thread 3 ] DEBUG Engine               - globalSoundVolumeProperty: DoubleProperty [value: 0.5]
16:16:20.700 [FXGL Background Thread 3 ] DEBUG Engine               - height: 750
16:16:20.700 [FXGL Background Thread 3 ] DEBUG Engine               - is3D: false
16:16:20.700 [FXGL Background Thread 3 ] DEBUG Engine               - isAndroid: false
16:16:20.701 [FXGL Background Thread 3 ] DEBUG Engine               - isBrowser: false
16:16:20.701 [FXGL Background Thread 3 ] DEBUG Engine               - isClickFeedbackEnabled: false
16:16:20.701 [FXGL Background Thread 3 ] DEBUG Engine               - isCloseConfirmation: false
16:16:20.701 [FXGL Background Thread 3 ] DEBUG Engine               - isDesktop: true
16:16:20.701 [FXGL Background Thread 3 ] DEBUG Engine               - isDeveloperMenuEnabled: false
16:16:20.701 [FXGL Background Thread 3 ] DEBUG Engine               - isEmbedded: false
16:16:20.701 [FXGL Background Thread 3 ] DEBUG Engine               - isEntityPreloadEnabled: true
16:16:20.701 [FXGL Background Thread 3 ] DEBUG Engine               - isExperimentalTiledLargeMap: false
16:16:20.701 [FXGL Background Thread 3 ] DEBUG Engine               - isFileSystemWriteAllowed: true
16:16:20.702 [FXGL Background Thread 3 ] DEBUG Engine               - isFullScreenAllowed: false
16:16:20.702 [FXGL Background Thread 3 ] DEBUG Engine               - isFullScreenFromStart: false
16:16:20.702 [FXGL Background Thread 3 ] DEBUG Engine               - isGameMenuEnabled: true
16:16:20.702 [FXGL Background Thread 3 ] DEBUG Engine               - isIOS: false
16:16:20.702 [FXGL Background Thread 3 ] DEBUG Engine               - isIntroEnabled: false
16:16:20.702 [FXGL Background Thread 3 ] DEBUG Engine               - isLinux: false
16:16:20.702 [FXGL Background Thread 3 ] DEBUG Engine               - isMac: false
16:16:20.702 [FXGL Background Thread 3 ] DEBUG Engine               - isMainMenuEnabled: true
16:16:20.702 [FXGL Background Thread 3 ] DEBUG Engine               - isManualResizeEnabled: false
16:16:20.702 [FXGL Background Thread 3 ] DEBUG Engine               - isMobile: false
16:16:20.702 [FXGL Background Thread 3 ] DEBUG Engine               - isNative: false
16:16:20.702 [FXGL Background Thread 3 ] DEBUG Engine               - isPauseMusicWhenMinimized: true
16:16:20.702 [FXGL Background Thread 3 ] DEBUG Engine               - isPreserveResizeRatio: false
16:16:20.702 [FXGL Background Thread 3 ] DEBUG Engine               - isProfilingEnabled: false
16:16:20.702 [FXGL Background Thread 3 ] DEBUG Engine               - isScaleAffectedOnResize: true
16:16:20.703 [FXGL Background Thread 3 ] DEBUG Engine               - isSingleStep: false
16:16:20.703 [FXGL Background Thread 3 ] DEBUG Engine               - isUserProfileEnabled: false
16:16:20.703 [FXGL Background Thread 3 ] DEBUG Engine               - isWindows: true
16:16:20.703 [FXGL Background Thread 3 ] DEBUG Engine               - language: ObjectProperty [value: ENGLISH]
16:16:20.703 [FXGL Background Thread 3 ] DEBUG Engine               - menuKey: ESCAPE
16:16:20.703 [FXGL Background Thread 3 ] DEBUG Engine               - mouseSensitivity: 0.2
16:16:20.703 [FXGL Background Thread 3 ] DEBUG Engine               - notificationViewClass: class com.almasb.fxgl.notification.view.XboxNotificationView
16:16:20.704 [FXGL Background Thread 3 ] DEBUG Engine               - pixelsPerMeter: 50.0
16:16:20.704 [FXGL Background Thread 3 ] DEBUG Engine               - platform: WINDOWS
16:16:20.704 [FXGL Background Thread 3 ] DEBUG Engine               - prefHeightProperty: ReadOnlyDoubleProperty [value: 750.0]
16:16:20.705 [FXGL Background Thread 3 ] DEBUG Engine               - prefWidthProperty: ReadOnlyDoubleProperty [value: 550.0]
16:16:20.706 [FXGL Background Thread 3 ] DEBUG Engine               - profileDir: profiles/
16:16:20.706 [FXGL Background Thread 3 ] DEBUG Engine               - profileName: StringProperty [value: DEFAULT]
16:16:20.706 [FXGL Background Thread 3 ] DEBUG Engine               - randomSeed: -1
16:16:20.707 [FXGL Background Thread 3 ] DEBUG Engine               - runtimeInfo: RuntimeInfo(platform=WINDOWS, version=17, build=31.12.2021 18.16)
16:16:20.708 [FXGL Background Thread 3 ] DEBUG Engine               - saveFileExt: sav
16:16:20.708 [FXGL Background Thread 3 ] DEBUG Engine               - scaledHeightProp$fxgl: DoubleProperty [bound, value: 750.0]
16:16:20.708 [FXGL Background Thread 3 ] DEBUG Engine               - scaledWidthProp$fxgl: DoubleProperty [bound, value: 550.0]
16:16:20.708 [FXGL Background Thread 3 ] DEBUG Engine               - sceneFactory: com.dinosaur.dinosaurexploder.view.DinosaurGUI$1@4be0f78b
16:16:20.708 [FXGL Background Thread 3 ] DEBUG Engine               - secondsIn24h: 60
16:16:20.709 [FXGL Background Thread 3 ] DEBUG Engine               - soundMenuBack: menu/back.wav
16:16:20.709 [FXGL Background Thread 3 ] DEBUG Engine               - soundMenuPress: menu/press.wav
16:16:20.709 [FXGL Background Thread 3 ] DEBUG Engine               - soundMenuSelect: menu/select.wav
16:16:20.709 [FXGL Background Thread 3 ] DEBUG Engine               - soundNotification: core/notification.wav
16:16:20.709 [FXGL Background Thread 3 ] DEBUG Engine               - stageStyle: DECORATED
16:16:20.709 [FXGL Background Thread 3 ] DEBUG Engine               - supportedLanguages: [ENGLISH, FRENCH, GERMAN, HUNGARIAN, RUSSIAN]
16:16:20.709 [FXGL Background Thread 3 ] DEBUG Engine               - ticksPerSecond: 60
16:16:20.709 [FXGL Background Thread 3 ] DEBUG Engine               - title: Dinosaur Exploder
16:16:20.710 [FXGL Background Thread 3 ] DEBUG Engine               - urlGithub: https://github.com/AlmasB/FXGL
16:16:20.710 [FXGL Background Thread 3 ] DEBUG Engine               - urlLeaderboard: http://fxgl-top.herokuapp.com/
16:16:20.710 [FXGL Background Thread 3 ] DEBUG Engine               - urlPOM: https://raw.githubusercontent.com/AlmasB/FXGL/release/README.md
16:16:20.710 [FXGL Background Thread 3 ] DEBUG Engine               - userAppClass: class com.dinosaur.dinosaurexploder.DinosaurApp
16:16:20.710 [FXGL Background Thread 3 ] DEBUG Engine               - version: 1.0
16:16:20.710 [FXGL Background Thread 3 ] DEBUG Engine               - versionCheckDays: 7
16:16:20.710 [FXGL Background Thread 3 ] DEBUG Engine               - width: 550
16:16:20.711 [FXGL Background Thread 3 ] DEBUG Engine               - Logging services
16:16:20.711 [FXGL Background Thread 3 ] DEBUG Engine               - class com.almasb.fxgl.app.services.FXGLAssetLoaderService
16:16:20.711 [FXGL Background Thread 3 ] DEBUG Engine               - class com.almasb.fxgl.app.FXGLApplication$GameApplicationService
16:16:20.712 [FXGL Background Thread 3 ] DEBUG Engine               - class com.almasb.fxgl.app.services.FXGLDialogService
16:16:20.712 [FXGL Background Thread 3 ] DEBUG Engine               - class com.almasb.fxgl.app.services.IOTaskExecutorService
16:16:20.712 [FXGL Background Thread 3 ] DEBUG Engine               - class com.almasb.fxgl.io.FileSystemService
16:16:20.712 [FXGL Background Thread 3 ] DEBUG Engine               - class com.almasb.fxgl.localization.LocalizationService
16:16:20.712 [FXGL Background Thread 3 ] DEBUG Engine               - class com.almasb.fxgl.app.services.SystemBundleService
16:16:20.712 [FXGL Background Thread 3 ] DEBUG Engine               - class com.almasb.fxgl.profile.SaveLoadService
16:16:20.712 [FXGL Background Thread 3 ] DEBUG Engine               - class com.almasb.fxgl.ui.FXGLUIFactoryServiceProvider
16:16:20.713 [FXGL Background Thread 3 ] DEBUG Engine               - class com.almasb.fxgl.ui.FXGLDialogFactoryServiceProvider
16:16:20.713 [FXGL Background Thread 3 ] DEBUG Engine               - class com.almasb.fxgl.audio.AudioPlayer
16:16:20.713 [FXGL Background Thread 3 ] DEBUG Engine               - class com.almasb.fxgl.notification.impl.NotificationServiceProvider
16:16:20.713 [FXGL Background Thread 3 ] DEBUG Engine               - class com.almasb.fxgl.achievement.AchievementService
16:16:20.713 [FXGL Background Thread 3 ] DEBUG Engine               - class com.almasb.fxgl.cutscene.CutsceneService
16:16:20.713 [FXGL Background Thread 3 ] DEBUG Engine               - class com.almasb.fxgl.minigames.MiniGameService
16:16:20.713 [FXGL Background Thread 3 ] DEBUG Engine               - class com.almasb.fxgl.net.NetService
16:16:20.713 [FXGL Background Thread 3 ] DEBUG Engine               - class com.almasb.fxgl.app.services.UpdaterService
16:16:20.713 [FXGL Background Thread 3 ] DEBUG Engine               - class com.almasb.fxgl.dev.DevService
16:16:20.760 [JavaFX Application Thread] DEBUG FXGLAssetLoaderServi - Loading from file system: file:/C:/Users/valer/OneDrive/Desktop/Projects/DinosaurGameCode/dinosaur-exploder/target/classes/assets/sounds/enemyShoot.wav
16:16:20.767 [JavaFX Application Thread] DEBUG FXGLAssetLoaderServi - Loading from file system: file:/C:/Users/valer/OneDrive/Desktop/Projects/DinosaurGameCode/dinosaur-exploder/target/classes/assets/textures/enemyProjectile.png
16:16:23.138 [JavaFX Application Thread] DEBUG FXGLAssetLoaderServi - Loading from file system: file:/C:/Users/valer/OneDrive/Desktop/Projects/DinosaurGameCode/dinosaur-exploder/target/classes/assets/sounds/shoot.wav
16:16:23.148 [JavaFX Application Thread] DEBUG FXGLAssetLoaderServi - Loading from file system: file:/C:/Users/valer/OneDrive/Desktop/Projects/DinosaurGameCode/dinosaur-exploder/target/classes/assets/textures/basicProjectile.png
16:16:23.511 [JavaFX Application Thread] DEBUG FXGLAssetLoaderServi - Loading from file system: file:/C:/Users/valer/OneDrive/Desktop/Projects/DinosaurGameCode/dinosaur-exploder/target/classes/assets/sounds/enemyExplode.wav
16:16:23.777 [JavaFX Application Thread] DEBUG FXGLAssetLoaderServi - Loading from file system: file:/C:/Users/valer/OneDrive/Desktop/Projects/DinosaurGameCode/dinosaur-exploder/target/classes/assets/sounds/playerHit.wav
16:16:23.784 [JavaFX Application Thread] DEBUG LoopRunner           - Stopping loop
16:16:23.788 [JavaFX Application Thread] FATAL FXGLApplication      - Uncaught Exception:
java.lang.IllegalArgumentException: Component LifeComponent not found!
	at com.almasb.fxgl.entity@17/com.almasb.fxgl.entity.Entity.getComponent(Entity.java:366)
	at com.dinosaur.dinosaurexploder/com.dinosaur.dinosaurexploder.controller.DinosaurController.damagePlayer(DinosaurController.java:22)
	at com.dinosaur.dinosaurexploder/com.dinosaur.dinosaurexploder.controller.DinosaurController.lambda$initPhysics$8(DinosaurController.java:78)
	at com.almasb.fxgl.all@17/com.almasb.fxgl.dsl.FXGL$Companion$onCollisionBegin$1.onCollisionBegin(FXGL.kt:551)
	at com.almasb.fxgl.entity@17/com.almasb.fxgl.physics.CollisionPair.collisionBegin(CollisionPair.java:37)
	at com.almasb.fxgl.entity@17/com.almasb.fxgl.physics.PhysicsWorld.collisionBeginFor(PhysicsWorld.java:453)
	at com.almasb.fxgl.entity@17/com.almasb.fxgl.physics.PhysicsWorld.checkCollisionsInGroup(PhysicsWorld.java:405)
	at com.almasb.fxgl.entity@17/com.almasb.fxgl.physics.PhysicsWorld.checkCollisions(PhysicsWorld.java:373)
	at com.almasb.fxgl.entity@17/com.almasb.fxgl.physics.PhysicsWorld.onUpdate(PhysicsWorld.java:179)
	at com.almasb.fxgl.all@17/com.almasb.fxgl.app.scene.GameScene.step(GameScene.kt:225)
	at com.almasb.fxgl.all@17/com.almasb.fxgl.app.scene.GameScene.onUpdate(GameScene.kt:220)
	at com.almasb.fxgl.scene@17/com.almasb.fxgl.scene.Scene.update(Scene.kt:105)
	at com.almasb.fxgl.all@17/com.almasb.fxgl.app.MainWindow$update$1.invoke(MainWindow.kt:115)
	at com.almasb.fxgl.all@17/com.almasb.fxgl.app.MainWindow$update$1.invoke(MainWindow.kt:115)
	at com.almasb.fxgl.core@17/com.almasb.fxgl.core.fsm.StateMachine.runOnActiveStates(StateMachine.kt:69)
	at com.almasb.fxgl.all@17/com.almasb.fxgl.app.MainWindow.update(MainWindow.kt:115)
	at com.almasb.fxgl.all@17/com.almasb.fxgl.app.FXGLApplication$GameApplicationService.onUpdate(FXGLApplication.kt:426)
	at com.almasb.fxgl.all@17/com.almasb.fxgl.app.Engine.loop(Engine.kt:134)
	at com.almasb.fxgl.all@17/com.almasb.fxgl.app.Engine.access$loop(Engine.kt:24)
	at com.almasb.fxgl.all@17/com.almasb.fxgl.app.Engine$loop$1.invoke(Engine.kt:28)
	at com.almasb.fxgl.all@17/com.almasb.fxgl.app.Engine$loop$1.invoke(Engine.kt:28)
	at com.almasb.fxgl.all@17/com.almasb.fxgl.app.LoopRunner.frame(LoopRunner.kt:103)
	at com.almasb.fxgl.all@17/com.almasb.fxgl.app.LoopRunner.access$frame(LoopRunner.kt:23)
	at com.almasb.fxgl.all@17/com.almasb.fxgl.app.LoopRunner$impl$2$2.onTick(LoopRunner.kt:64)
	at com.almasb.fxgl.all@17/com.almasb.fxgl.app.ScheduledExecutorLoop.start$lambda-1$lambda-0(LoopRunner.kt:170)
	at javafx.graphics/com.sun.javafx.application.PlatformImpl.lambda$runLater$10(PlatformImpl.java:457)
	at java.base/java.security.AccessController.doPrivileged(AccessController.java:399)
	at javafx.graphics/com.sun.javafx.application.PlatformImpl.lambda$runLater$11(PlatformImpl.java:456)
	at javafx.graphics/com.sun.glass.ui.InvokeLaterDispatcher$Future.run(InvokeLaterDispatcher.java:96)
	at javafx.graphics/com.sun.glass.ui.win.WinApplication._runLoop(Native Method)
	at javafx.graphics/com.sun.glass.ui.win.WinApplication.lambda$runLoop$3(WinApplication.java:184)
	at java.base/java.lang.Thread.run(Thread.java:833)

16:16:23.789 [JavaFX Application Thread] FATAL FXGLApplication      - Application will now exit
16:16:23.812 [JavaFX Application Thread] DEBUG PrimaryStageWindow   - Push state: ErrorSubScene
16:16:23.812 [JavaFX Application Thread] DEBUG Input                - Clearing active input actions
16:16:23.814 [JavaFX Application Thread] DEBUG GameApplicationServi - Removing overlay from GameScene and adding to ErrorSubScene
16:16:23.815 [JavaFX Application Thread] DEBUG PrimaryStageWindow   - GameScene -> ErrorSubScene
16:16:24.188 [JavaFX Application Thread] DEBUG FXGLApplication      - Exiting FXGL
16:16:24.188 [JavaFX Application Thread] DEBUG Async                - Shutting down background threads
16:16:24.188 [JavaFX Application Thread] DEBUG PrimaryStageWindow   - Closing main window
16:16:24.198 [JavaFX Application Thread] DEBUG Logger               - Closing Logger
