11:44:35.067 [main                     ] DEBUG Logger               - Configured Logger
11:44:35.104 [main                     ] DEBUG GameApplication      - Logging settings
Title: Dinosaur Exploder
Version: 1.0
Width: 550
Height: 750
Fullscreen: false
Intro: false
Profiling: false
Single step:false
App Mode: DEVELOPER
Menu Key: ESCAPE
Stage Style: DECORATED
Scene Factory: class com.dinosaur.dinosaurexploder.view.DinosaurGUI$1

11:44:35.517 [JavaFX Application Thread] DEBUG FXGLApplication      - Initializing FXGL
11:44:35.532 [JavaFX Application Thread] INFO  Engine               - FXGL-17 (31.12.2021 18.16) on WINDOWS (J:17.0.3.1 FX:17.0.2-ea)
11:44:35.533 [JavaFX Application Thread] DEBUG Engine               - JRE Vendor Name: Oracle Corporation
11:44:35.534 [JavaFX Application Thread] DEBUG Engine               - Running on OS: Windows 10 version 10.0
11:44:35.534 [JavaFX Application Thread] DEBUG Engine               - Architecture: amd64
11:44:35.534 [JavaFX Application Thread] INFO  Engine               - Source code and latest versions at: https://github.com/AlmasB/FXGL
11:44:35.534 [JavaFX Application Thread] INFO  Engine               -       Ask questions and discuss at: https://github.com/AlmasB/FXGL/discussions
11:44:35.535 [JavaFX Application Thread] INFO  Engine               -              Join the FXGL chat at: https://gitter.im/AlmasB/FXGL
11:44:35.642 [JavaFX Application Thread] DEBUG PrimaryStageWindow   - Creating a JavaFX scene
11:44:35.682 [JavaFX Application Thread] DEBUG PrimaryStageWindow   - Target settings size: 550.0 x 750.0
11:44:35.683 [JavaFX Application Thread] DEBUG PrimaryStageWindow   - Scaled scene size:    550.0 x 750.0
11:44:35.683 [JavaFX Application Thread] DEBUG PrimaryStageWindow   - Scaled ratio: (1.0, 1.0)
11:44:35.684 [JavaFX Application Thread] DEBUG PrimaryStageWindow   - Set initial scene to FXGLStartupScene
11:44:35.690 [JavaFX Application Thread] DEBUG PrimaryStageWindow   - Opening main window
11:44:35.785 [JavaFX Application Thread] DEBUG PrimaryStageWindow   - Window border size: (14.79998779296875, 38.0)
11:44:35.785 [JavaFX Application Thread] DEBUG PrimaryStageWindow   - Scaled size: 550.0 x 750.0
11:44:35.785 [JavaFX Application Thread] DEBUG PrimaryStageWindow   - Scaled ratio: (1.0, 1.0)
11:44:35.785 [JavaFX Application Thread] DEBUG PrimaryStageWindow   - Scene size: 550.0 x 750.0
11:44:35.785 [JavaFX Application Thread] DEBUG PrimaryStageWindow   - Stage size: 564.7999877929688 x 788.0
11:44:35.793 [FXGL Background Thread 1 ] DEBUG Engine               - Initializing environment variables
11:44:35.826 [FXGL Background Thread 1 ] DEBUG FXGLAssetLoaderServi - User app class for loading assets: class com.dinosaur.dinosaurexploder.DinosaurApp
11:44:35.826 [FXGL Background Thread 1 ] DEBUG GameApplicationServi - Applying CSS: fxgl_dark.css
11:44:35.827 [FXGL Background Thread 1 ] DEBUG FXGLAssetLoaderServi - Loading from file system: jar:file:///C:/Users/valer/.m2/repository/com/github/almasb/fxgl/17/fxgl-17.jar!/fxglassets/ui/css/fxgl_dark.css
11:44:35.879 [FXGL Background Thread 1 ] DEBUG GameApplicationServi - Initializing application scenes
11:44:35.939 [FXGL Background Thread 1 ] DEBUG GameWorld            - Game world initialized
11:44:36.008 [FXGL Background Thread 1 ] DEBUG PhysicsWorld         - Physics world initialized: appHeight=750, physics.ppm=50,0
11:44:36.009 [FXGL Background Thread 1 ] DEBUG PhysicsWorld         - Using strategy: BRUTE_FORCE
11:44:36.013 [FXGL Background Thread 1 ] DEBUG GameScene            - Game scene initialized: 550x750
11:44:36.033 [FXGL Background Thread 1 ] WARN  FXGL.DefaultMenu     - FXGLDefaultMenu is not designed for resolutions < 800x600
11:44:36.034 [FXGL Background Thread 1 ] DEBUG FXGL.DefaultMenu     - createMenuBodyGameMenu()
11:44:36.047 [FXGL Background Thread 1 ] DEBUG FXGL.DefaultMenu     - createOptionsMenu()
11:44:36.059 [FXGL Background Thread 1 ] DEBUG FXGLAssetLoaderServi - Loading from file system: jar:file:///C:/Users/valer/.m2/repository/com/github/almasb/fxgl/17/fxgl-17.jar!/fxglassets/textures/particles/smoke.png
11:44:36.143 [FXGL Background Thread 1 ] DEBUG FXGLAssetLoaderServi - Loading from file system: jar:file:///C:/Users/valer/.m2/repository/com/github/almasb/fxgl/17/fxgl-17.jar!/fxglassets/textures/particles/trace_horizontal.png
11:44:36.175 [FXGL Background Thread 1 ] DEBUG GameApplicationServi - Application scenes initialized
11:44:36.186 [FXGL Background Thread 1 ] DEBUG SystemBundleService  - Loading FXGL system data
11:44:36.189 [FXGL Background Thread 1 ] WARN  SystemBundleService  - Failed to load: java.io.FileNotFoundException: C:\Users\valer\OneDrive\Desktop\Projects\DinosaurGameCode\system\fxgl.bundle (Das System kann die angegebene Datei nicht finden)
11:44:36.189 [FXGL Background Thread 1 ] DEBUG SystemBundleService  - Loading default FXGL system data
11:44:36.189 [FXGL Background Thread 1 ] DEBUG UpdaterService       - Checking for updates
11:44:36.193 [FXGL Background Thread 4 ] DEBUG FXGLApplication      - Loading fonts
11:44:36.193 [FXGL Background Thread 1 ] DEBUG FXGLApplication      - Loading default localization
11:44:36.194 [FXGL Background Thread 4 ] DEBUG FXGLAssetLoaderServi - Loading from file system: jar:file:///C:/Users/valer/.m2/repository/com/github/almasb/fxgl/17/fxgl-17.jar!/fxglassets/ui/fonts/VarelaRound-Regular.ttf
11:44:36.194 [FXGL Background Thread 1 ] DEBUG FXGLAssetLoaderServi - Loading from file system: jar:file:///C:/Users/valer/.m2/repository/com/github/almasb/fxgl/17/fxgl-17.jar!/fxglassets/languages/english.lang
11:44:36.211 [FXGL Background Thread 1 ] INFO  FXGLApplication      - FXGL initialization took: 0,418 sec
11:44:36.223 [JavaFX Application Thread] DEBUG Input                - Registered new binding: action0 - Up
11:44:36.223 [JavaFX Application Thread] DEBUG Input                - Registered new binding: action1 - Down
11:44:36.224 [JavaFX Application Thread] DEBUG Input                - Registered new binding: action2 - Left
11:44:36.224 [JavaFX Application Thread] DEBUG Input                - Registered new binding: action3 - Right
11:44:36.224 [JavaFX Application Thread] DEBUG Input                - Registered new binding: action4 - Space
11:44:36.225 [JavaFX Application Thread] DEBUG FXGLAssetLoaderServi - Loading from file system: file:/C:/Users/valer/OneDrive/Desktop/Projects/DinosaurGameCode/dinosaur-exploder/target/classes/assets/textures/icon.png
11:44:36.253 [FXGL Background Thread 4 ] DEBUG FXGLAssetLoaderServi - Loading from file system: jar:file:///C:/Users/valer/.m2/repository/com/github/almasb/fxgl/17/fxgl-17.jar!/fxglassets/ui/fonts/Abel-Regular.ttf
11:44:36.264 [FXGL Background Thread 4 ] DEBUG FXGLAssetLoaderServi - Loading from file system: jar:file:///C:/Users/valer/.m2/repository/com/github/almasb/fxgl/17/fxgl-17.jar!/fxglassets/ui/fonts/TerminalLandMono-Regular.otf
11:44:36.273 [FXGL Background Thread 4 ] DEBUG FXGLAssetLoaderServi - Loading from file system: jar:file:///C:/Users/valer/.m2/repository/com/github/almasb/fxgl/17/fxgl-17.jar!/fxglassets/ui/fonts/Courier-Prime.ttf
11:44:36.417 [JavaFX Application Thread] DEBUG FXGLAssetLoaderServi - Loading from file system: jar:file:///C:/Users/valer/.m2/repository/com/github/almasb/fxgl/17/fxgl-17.jar!/fxglassets/textures/fxgl_default_cursor.png
11:44:36.418 [JavaFX Application Thread] DEBUG Input                - Registered new binding: Screenshot - CTRL+8
11:44:36.418 [JavaFX Application Thread] DEBUG Input                - Registered new binding: System info dump - CTRL+9
11:44:36.418 [JavaFX Application Thread] DEBUG Input                - Registered new binding: Restart - CTRL+R
11:44:36.418 [JavaFX Application Thread] DEBUG Input                - Registered new binding: Toggle Debug Camera - CTRL+7
11:44:36.420 [JavaFX Application Thread] DEBUG LoopRunner           - Starting loop
11:44:36.420 [JavaFX Application Thread] DEBUG LoopRunner           - Initializing ScheduledExecutorLoop with fps: 60
11:44:36.423 [JavaFX Application Thread] DEBUG Input                - Clearing active input actions
11:44:36.430 [JavaFX Application Thread] DEBUG GameApplicationServi - Removing overlay from FXGLStartupScene and adding to FXGLMainMenuDummyScene
11:44:36.431 [JavaFX Application Thread] DEBUG PrimaryStageWindow   - FXGLStartupScene -> FXGLMainMenuDummyScene
11:44:36.431 [JavaFX Application Thread] DEBUG PrimaryStageWindow   - Push state: DinosaurMenu
11:44:36.431 [JavaFX Application Thread] DEBUG Input                - Clearing active input actions
11:44:36.438 [JavaFX Application Thread] DEBUG GameApplicationServi - Removing overlay from FXGLMainMenuDummyScene and adding to DinosaurMenu
11:44:36.439 [JavaFX Application Thread] DEBUG PrimaryStageWindow   - FXGLMainMenuDummyScene -> DinosaurMenu
11:44:36.439 [JavaFX Application Thread] DEBUG FXGLApplication      - Registering font factories with UI factory
11:44:37.091 [FXGL Background Thread 2 ] INFO  UpdaterService       - Your current version:  17
11:44:37.091 [FXGL Background Thread 2 ] INFO  UpdaterService       - Latest stable version: 17.1
11:44:39.094 [JavaFX Application Thread] DEBUG Menu                 - fireNewGame()
11:44:39.094 [JavaFX Application Thread] DEBUG GameApplicationServi - Starting new game
11:44:39.095 [JavaFX Application Thread] DEBUG PrimaryStageWindow   - Pop state: DinosaurMenu
11:44:39.095 [JavaFX Application Thread] DEBUG Input                - Clearing active input actions
11:44:39.095 [JavaFX Application Thread] DEBUG GameApplicationServi - Removing overlay from DinosaurMenu and adding to FXGLMainMenuDummyScene
11:44:39.096 [JavaFX Application Thread] DEBUG PrimaryStageWindow   - FXGLMainMenuDummyScene <- DinosaurMenu
11:44:39.096 [JavaFX Application Thread] DEBUG Input                - Clearing active input actions
11:44:39.106 [JavaFX Application Thread] DEBUG GameApplicationServi - Removing overlay from FXGLMainMenuDummyScene and adding to FXGLLoadingScene
11:44:39.107 [JavaFX Application Thread] DEBUG PrimaryStageWindow   - FXGLMainMenuDummyScene -> FXGLLoadingScene
11:44:39.107 [JavaFX Application Thread] DEBUG GameApplicationServi - Clearing previous game
11:44:39.107 [JavaFX Application Thread] DEBUG GameScene            - Clearing game scene
11:44:39.107 [JavaFX Application Thread] DEBUG GameWorld            - Clearing game world
11:44:39.107 [JavaFX Application Thread] DEBUG PhysicsWorld         - Clearing physics world
11:44:39.109 [FXGL Background Thread 2 ] DEBUG FXGLApplication      - Initializing game
11:44:39.194 [FXGL Background Thread 3 ] DEBUG Engine               - Logging environment variables
11:44:39.194 [FXGL Background Thread 3 ] DEBUG Engine               - achievements: []
11:44:39.195 [FXGL Background Thread 3 ] DEBUG Engine               - actualHeight: 750.0
11:44:39.195 [FXGL Background Thread 3 ] DEBUG Engine               - actualHeightProperty: ReadOnlyDoubleProperty [value: 750.0]
11:44:39.195 [FXGL Background Thread 3 ] DEBUG Engine               - actualWidth: 550.0
11:44:39.195 [FXGL Background Thread 3 ] DEBUG Engine               - actualWidthProperty: ReadOnlyDoubleProperty [value: 550.0]
11:44:39.195 [FXGL Background Thread 3 ] DEBUG Engine               - appIcon: icon.png
11:44:39.195 [FXGL Background Thread 3 ] DEBUG Engine               - applicationMode: DEVELOPER
11:44:39.195 [FXGL Background Thread 3 ] DEBUG Engine               - cSSList: [fxgl_dark.css]
11:44:39.195 [FXGL Background Thread 3 ] DEBUG Engine               - collisionDetectionStrategy: BRUTE_FORCE
11:44:39.196 [FXGL Background Thread 3 ] DEBUG Engine               - configClass: Optional.empty
11:44:39.196 [FXGL Background Thread 3 ] DEBUG Engine               - credits: []
11:44:39.196 [FXGL Background Thread 3 ] DEBUG Engine               - defaultCursor: CursorInfo(imageName=fxgl_default_cursor.png, hotspotX=7.0, hotspotY=6.0)
11:44:39.197 [FXGL Background Thread 3 ] DEBUG Engine               - devBBoxColorProperty: ObjectProperty [value: 0xff0000ff]
11:44:39.197 [FXGL Background Thread 3 ] DEBUG Engine               - devEnableDebugCameraProperty: BooleanProperty [value: false]
11:44:39.198 [FXGL Background Thread 3 ] DEBUG Engine               - devSensorColorProperty: ObjectProperty [value: 0xffff00ff]
11:44:39.198 [FXGL Background Thread 3 ] DEBUG Engine               - devShowBBoxProperty: BooleanProperty [value: false]
11:44:39.198 [FXGL Background Thread 3 ] DEBUG Engine               - devShowPositionProperty: BooleanProperty [value: false]
11:44:39.198 [FXGL Background Thread 3 ] DEBUG Engine               - enabledMenuItems: []
11:44:39.198 [FXGL Background Thread 3 ] DEBUG Engine               - engineServices: [class com.almasb.fxgl.app.services.FXGLAssetLoaderService, class com.almasb.fxgl.app.FXGLApplication$GameApplicationService, class com.almasb.fxgl.app.services.FXGLDialogService, class com.almasb.fxgl.app.services.IOTaskExecutorService, class com.almasb.fxgl.io.FileSystemService, class com.almasb.fxgl.localization.LocalizationService, class com.almasb.fxgl.app.services.SystemBundleService, class com.almasb.fxgl.profile.SaveLoadService, class com.almasb.fxgl.ui.FXGLUIFactoryServiceProvider, class com.almasb.fxgl.ui.FXGLDialogFactoryServiceProvider, class com.almasb.fxgl.audio.AudioPlayer, class com.almasb.fxgl.notification.impl.NotificationServiceProvider, class com.almasb.fxgl.achievement.AchievementService, class com.almasb.fxgl.cutscene.CutsceneService, class com.almasb.fxgl.minigames.MiniGameService, class com.almasb.fxgl.net.NetService, class com.almasb.fxgl.app.services.UpdaterService, class com.almasb.fxgl.dev.DevService]
11:44:39.199 [FXGL Background Thread 3 ] DEBUG Engine               - fontGame: Abel-Regular.ttf
11:44:39.199 [FXGL Background Thread 3 ] DEBUG Engine               - fontMono: TerminalLandMono-Regular.otf
11:44:39.199 [FXGL Background Thread 3 ] DEBUG Engine               - fontText: Courier-Prime.ttf
11:44:39.199 [FXGL Background Thread 3 ] DEBUG Engine               - fontUI: VarelaRound-Regular.ttf
11:44:39.199 [FXGL Background Thread 3 ] DEBUG Engine               - fullScreen: BooleanProperty [value: false]
11:44:39.199 [FXGL Background Thread 3 ] DEBUG Engine               - gameDifficulty: MEDIUM
11:44:39.199 [FXGL Background Thread 3 ] DEBUG Engine               - gameDifficultyProperty: ObjectProperty [value: MEDIUM]
11:44:39.199 [FXGL Background Thread 3 ] DEBUG Engine               - globalMusicVolume: 0.5
11:44:39.200 [FXGL Background Thread 3 ] DEBUG Engine               - globalMusicVolumeProperty: DoubleProperty [value: 0.5]
11:44:39.200 [FXGL Background Thread 3 ] DEBUG Engine               - globalSoundVolume: 0.5
11:44:39.200 [FXGL Background Thread 3 ] DEBUG Engine               - globalSoundVolumeProperty: DoubleProperty [value: 0.5]
11:44:39.200 [FXGL Background Thread 3 ] DEBUG Engine               - height: 750
11:44:39.200 [FXGL Background Thread 3 ] DEBUG Engine               - is3D: false
11:44:39.201 [FXGL Background Thread 3 ] DEBUG Engine               - isAndroid: false
11:44:39.201 [FXGL Background Thread 3 ] DEBUG Engine               - isBrowser: false
11:44:39.201 [FXGL Background Thread 3 ] DEBUG Engine               - isClickFeedbackEnabled: false
11:44:39.201 [FXGL Background Thread 3 ] DEBUG Engine               - isCloseConfirmation: false
11:44:39.201 [FXGL Background Thread 3 ] DEBUG Engine               - isDesktop: true
11:44:39.201 [FXGL Background Thread 3 ] DEBUG Engine               - isDeveloperMenuEnabled: false
11:44:39.201 [FXGL Background Thread 3 ] DEBUG Engine               - isEmbedded: false
11:44:39.202 [FXGL Background Thread 3 ] DEBUG Engine               - isEntityPreloadEnabled: true
11:44:39.202 [FXGL Background Thread 3 ] DEBUG Engine               - isExperimentalTiledLargeMap: false
11:44:39.202 [FXGL Background Thread 3 ] DEBUG Engine               - isFileSystemWriteAllowed: true
11:44:39.202 [FXGL Background Thread 3 ] DEBUG Engine               - isFullScreenAllowed: false
11:44:39.202 [FXGL Background Thread 3 ] DEBUG Engine               - isFullScreenFromStart: false
11:44:39.202 [FXGL Background Thread 3 ] DEBUG Engine               - isGameMenuEnabled: true
11:44:39.202 [FXGL Background Thread 3 ] DEBUG Engine               - isIOS: false
11:44:39.203 [FXGL Background Thread 3 ] DEBUG Engine               - isIntroEnabled: false
11:44:39.203 [FXGL Background Thread 3 ] DEBUG Engine               - isLinux: false
11:44:39.203 [FXGL Background Thread 3 ] DEBUG Engine               - isMac: false
11:44:39.203 [FXGL Background Thread 3 ] DEBUG Engine               - isMainMenuEnabled: true
11:44:39.203 [FXGL Background Thread 3 ] DEBUG Engine               - isManualResizeEnabled: false
11:44:39.203 [FXGL Background Thread 3 ] DEBUG Engine               - isMobile: false
11:44:39.203 [FXGL Background Thread 3 ] DEBUG Engine               - isNative: false
11:44:39.203 [FXGL Background Thread 3 ] DEBUG Engine               - isPauseMusicWhenMinimized: true
11:44:39.204 [FXGL Background Thread 3 ] DEBUG Engine               - isPreserveResizeRatio: false
11:44:39.204 [FXGL Background Thread 3 ] DEBUG Engine               - isProfilingEnabled: false
11:44:39.204 [FXGL Background Thread 3 ] DEBUG Engine               - isScaleAffectedOnResize: true
11:44:39.204 [FXGL Background Thread 3 ] DEBUG Engine               - isSingleStep: false
11:44:39.204 [FXGL Background Thread 3 ] DEBUG Engine               - isUserProfileEnabled: false
11:44:39.204 [FXGL Background Thread 3 ] DEBUG Engine               - isWindows: true
11:44:39.204 [FXGL Background Thread 3 ] DEBUG Engine               - language: ObjectProperty [value: ENGLISH]
11:44:39.205 [FXGL Background Thread 3 ] DEBUG Engine               - menuKey: ESCAPE
11:44:39.205 [FXGL Background Thread 3 ] DEBUG Engine               - mouseSensitivity: 0.2
11:44:39.205 [FXGL Background Thread 3 ] DEBUG Engine               - notificationViewClass: class com.almasb.fxgl.notification.view.XboxNotificationView
11:44:39.205 [FXGL Background Thread 3 ] DEBUG Engine               - pixelsPerMeter: 50.0
11:44:39.205 [FXGL Background Thread 3 ] DEBUG Engine               - platform: WINDOWS
11:44:39.205 [FXGL Background Thread 3 ] DEBUG Engine               - prefHeightProperty: ReadOnlyDoubleProperty [value: 750.0]
11:44:39.205 [FXGL Background Thread 3 ] DEBUG Engine               - prefWidthProperty: ReadOnlyDoubleProperty [value: 550.0]
11:44:39.205 [FXGL Background Thread 3 ] DEBUG Engine               - profileDir: profiles/
11:44:39.205 [FXGL Background Thread 3 ] DEBUG Engine               - profileName: StringProperty [value: DEFAULT]
11:44:39.205 [FXGL Background Thread 3 ] DEBUG Engine               - randomSeed: -1
11:44:39.205 [FXGL Background Thread 3 ] DEBUG Engine               - runtimeInfo: RuntimeInfo(platform=WINDOWS, version=17, build=31.12.2021 18.16)
11:44:39.207 [FXGL Background Thread 3 ] DEBUG Engine               - saveFileExt: sav
11:44:39.207 [FXGL Background Thread 3 ] DEBUG Engine               - scaledHeightProp$fxgl: DoubleProperty [bound, value: 750.0]
11:44:39.207 [FXGL Background Thread 3 ] DEBUG Engine               - scaledWidthProp$fxgl: DoubleProperty [bound, value: 550.0]
11:44:39.207 [FXGL Background Thread 3 ] DEBUG Engine               - sceneFactory: com.dinosaur.dinosaurexploder.view.DinosaurGUI$1@7caa36b1
11:44:39.207 [FXGL Background Thread 3 ] DEBUG Engine               - secondsIn24h: 60
11:44:39.207 [FXGL Background Thread 3 ] DEBUG Engine               - soundMenuBack: menu/back.wav
11:44:39.207 [FXGL Background Thread 3 ] DEBUG Engine               - soundMenuPress: menu/press.wav
11:44:39.207 [FXGL Background Thread 3 ] DEBUG Engine               - soundMenuSelect: menu/select.wav
11:44:39.207 [FXGL Background Thread 3 ] DEBUG Engine               - soundNotification: core/notification.wav
11:44:39.207 [FXGL Background Thread 3 ] DEBUG Engine               - stageStyle: DECORATED
11:44:39.207 [FXGL Background Thread 3 ] DEBUG Engine               - supportedLanguages: [ENGLISH, FRENCH, GERMAN, HUNGARIAN, RUSSIAN]
11:44:39.207 [FXGL Background Thread 3 ] DEBUG Engine               - ticksPerSecond: 60
11:44:39.208 [FXGL Background Thread 3 ] DEBUG Engine               - title: Dinosaur Exploder
11:44:39.208 [FXGL Background Thread 3 ] DEBUG Engine               - urlGithub: https://github.com/AlmasB/FXGL
11:44:39.208 [FXGL Background Thread 3 ] DEBUG Engine               - urlLeaderboard: http://fxgl-top.herokuapp.com/
11:44:39.209 [FXGL Background Thread 3 ] DEBUG Engine               - urlPOM: https://raw.githubusercontent.com/AlmasB/FXGL/release/README.md
11:44:39.209 [FXGL Background Thread 3 ] DEBUG Engine               - userAppClass: class com.dinosaur.dinosaurexploder.DinosaurApp
11:44:39.209 [FXGL Background Thread 3 ] DEBUG Engine               - version: 1.0
11:44:39.209 [FXGL Background Thread 3 ] DEBUG Engine               - versionCheckDays: 7
11:44:39.209 [FXGL Background Thread 3 ] DEBUG Engine               - width: 550
11:44:39.209 [FXGL Background Thread 3 ] DEBUG Engine               - Logging services
11:44:39.209 [FXGL Background Thread 3 ] DEBUG Engine               - class com.almasb.fxgl.app.services.FXGLAssetLoaderService
11:44:39.209 [FXGL Background Thread 3 ] DEBUG Engine               - class com.almasb.fxgl.app.FXGLApplication$GameApplicationService
11:44:39.209 [FXGL Background Thread 3 ] DEBUG Engine               - class com.almasb.fxgl.app.services.FXGLDialogService
11:44:39.209 [FXGL Background Thread 3 ] DEBUG Engine               - class com.almasb.fxgl.app.services.IOTaskExecutorService
11:44:39.209 [FXGL Background Thread 3 ] DEBUG Engine               - class com.almasb.fxgl.io.FileSystemService
11:44:39.209 [FXGL Background Thread 3 ] DEBUG Engine               - class com.almasb.fxgl.localization.LocalizationService
11:44:39.210 [FXGL Background Thread 3 ] DEBUG Engine               - class com.almasb.fxgl.app.services.SystemBundleService
11:44:39.210 [FXGL Background Thread 3 ] DEBUG Engine               - class com.almasb.fxgl.profile.SaveLoadService
11:44:39.210 [FXGL Background Thread 3 ] DEBUG Engine               - class com.almasb.fxgl.ui.FXGLUIFactoryServiceProvider
11:44:39.210 [FXGL Background Thread 3 ] DEBUG Engine               - class com.almasb.fxgl.ui.FXGLDialogFactoryServiceProvider
11:44:39.210 [FXGL Background Thread 3 ] DEBUG Engine               - class com.almasb.fxgl.audio.AudioPlayer
11:44:39.210 [FXGL Background Thread 3 ] DEBUG Engine               - class com.almasb.fxgl.notification.impl.NotificationServiceProvider
11:44:39.210 [FXGL Background Thread 3 ] DEBUG Engine               - class com.almasb.fxgl.achievement.AchievementService
11:44:39.210 [FXGL Background Thread 3 ] DEBUG Engine               - class com.almasb.fxgl.cutscene.CutsceneService
11:44:39.210 [FXGL Background Thread 3 ] DEBUG Engine               - class com.almasb.fxgl.minigames.MiniGameService
11:44:39.210 [FXGL Background Thread 3 ] DEBUG Engine               - class com.almasb.fxgl.net.NetService
11:44:39.210 [FXGL Background Thread 3 ] DEBUG Engine               - class com.almasb.fxgl.app.services.UpdaterService
11:44:39.211 [FXGL Background Thread 3 ] DEBUG Engine               - class com.almasb.fxgl.dev.DevService
11:44:39.335 [FXGL Background Thread 2 ] WARN  GameWorld            - Entity is already attached to world
11:44:39.337 [FXGL Background Thread 2 ] DEBUG FXGLAssetLoaderServi - Loading from file system: file:/C:/Users/valer/OneDrive/Desktop/Projects/DinosaurGameCode/dinosaur-exploder/target/classes/assets/textures/spaceship.png
11:44:39.351 [FXGL Background Thread 2 ] DEBUG FXGLAssetLoaderServi - Loading from file system: file:/C:/Users/valer/OneDrive/Desktop/Projects/DinosaurGameCode/dinosaur-exploder/target/classes/assets/sounds/engine.wav
11:44:39.454 [FXGL Background Thread 2 ] DEBUG FXGLAssetLoaderServi - Loading from file system: file:/C:/Users/valer/OneDrive/Desktop/Projects/DinosaurGameCode/dinosaur-exploder/target/classes/assets/textures/life.png
11:44:39.458 [FXGL Background Thread 2 ] INFO  FXGLApplication      - Game initialization took: 0,350 sec
11:44:39.465 [JavaFX Application Thread] DEBUG Input                - Clearing active input actions
11:44:39.472 [JavaFX Application Thread] DEBUG GameApplicationServi - Removing overlay from FXGLLoadingScene and adding to GameScene
11:44:39.472 [JavaFX Application Thread] DEBUG PrimaryStageWindow   - FXGLLoadingScene -> GameScene
11:44:40.991 [JavaFX Application Thread] DEBUG FXGLAssetLoaderServi - Loading from file system: file:/C:/Users/valer/OneDrive/Desktop/Projects/DinosaurGameCode/dinosaur-exploder/target/classes/assets/textures/greenDino.png
11:44:41.549 [JavaFX Application Thread] DEBUG FXGLAssetLoaderServi - Loading from file system: file:/C:/Users/valer/OneDrive/Desktop/Projects/DinosaurGameCode/dinosaur-exploder/target/classes/assets/sounds/enemyShoot.wav
11:44:41.560 [JavaFX Application Thread] DEBUG FXGLAssetLoaderServi - Loading from file system: file:/C:/Users/valer/OneDrive/Desktop/Projects/DinosaurGameCode/dinosaur-exploder/target/classes/assets/textures/enemyProjectile.png
11:44:43.224 [JavaFX Application Thread] DEBUG FXGLAssetLoaderServi - Loading from file system: file:/C:/Users/valer/OneDrive/Desktop/Projects/DinosaurGameCode/dinosaur-exploder/target/classes/assets/sounds/playerHit.wav
11:44:43.233 [JavaFX Application Thread] DEBUG LoopRunner           - Stopping loop
11:44:43.239 [JavaFX Application Thread] FATAL FXGLApplication      - Uncaught Exception:
java.lang.IllegalArgumentException: Component HealthIntComponent not found!
	at com.almasb.fxgl.entity@17/com.almasb.fxgl.entity.Entity.getComponent(Entity.java:366)
	at com.dinosaur.dinosaurexploder/com.dinosaur.dinosaurexploder.controller.DinosaurController.damagePlayer(DinosaurController.java:26)
	at com.dinosaur.dinosaurexploder/com.dinosaur.dinosaurexploder.controller.DinosaurController.lambda$initPhysics$8(DinosaurController.java:89)
	at com.almasb.fxgl.all@17/com.almasb.fxgl.dsl.FXGL$Companion$onCollisionBegin$1.onCollisionBegin(FXGL.kt:551)
	at com.almasb.fxgl.entity@17/com.almasb.fxgl.physics.CollisionPair.collisionBegin(CollisionPair.java:37)
	at com.almasb.fxgl.entity@17/com.almasb.fxgl.physics.PhysicsWorld.collisionBeginFor(PhysicsWorld.java:453)
	at com.almasb.fxgl.entity@17/com.almasb.fxgl.physics.PhysicsWorld.checkCollisionsInGroup(PhysicsWorld.java:405)
	at com.almasb.fxgl.entity@17/com.almasb.fxgl.physics.PhysicsWorld.checkCollisions(PhysicsWorld.java:373)
	at com.almasb.fxgl.entity@17/com.almasb.fxgl.physics.PhysicsWorld.onUpdate(PhysicsWorld.java:179)
	at com.almasb.fxgl.all@17/com.almasb.fxgl.app.scene.GameScene.step(GameScene.kt:225)
	at com.almasb.fxgl.all@17/com.almasb.fxgl.app.scene.GameScene.onUpdate(GameScene.kt:220)
	at com.almasb.fxgl.scene@17/com.almasb.fxgl.scene.Scene.update(Scene.kt:105)
	at com.almasb.fxgl.all@17/com.almasb.fxgl.app.MainWindow$update$1.invoke(MainWindow.kt:115)
	at com.almasb.fxgl.all@17/com.almasb.fxgl.app.MainWindow$update$1.invoke(MainWindow.kt:115)
	at com.almasb.fxgl.core@17/com.almasb.fxgl.core.fsm.StateMachine.runOnActiveStates(StateMachine.kt:69)
	at com.almasb.fxgl.all@17/com.almasb.fxgl.app.MainWindow.update(MainWindow.kt:115)
	at com.almasb.fxgl.all@17/com.almasb.fxgl.app.FXGLApplication$GameApplicationService.onUpdate(FXGLApplication.kt:426)
	at com.almasb.fxgl.all@17/com.almasb.fxgl.app.Engine.loop(Engine.kt:134)
	at com.almasb.fxgl.all@17/com.almasb.fxgl.app.Engine.access$loop(Engine.kt:24)
	at com.almasb.fxgl.all@17/com.almasb.fxgl.app.Engine$loop$1.invoke(Engine.kt:28)
	at com.almasb.fxgl.all@17/com.almasb.fxgl.app.Engine$loop$1.invoke(Engine.kt:28)
	at com.almasb.fxgl.all@17/com.almasb.fxgl.app.LoopRunner.frame(LoopRunner.kt:103)
	at com.almasb.fxgl.all@17/com.almasb.fxgl.app.LoopRunner.access$frame(LoopRunner.kt:23)
	at com.almasb.fxgl.all@17/com.almasb.fxgl.app.LoopRunner$impl$2$2.onTick(LoopRunner.kt:64)
	at com.almasb.fxgl.all@17/com.almasb.fxgl.app.ScheduledExecutorLoop.start$lambda-1$lambda-0(LoopRunner.kt:170)
	at javafx.graphics/com.sun.javafx.application.PlatformImpl.lambda$runLater$10(PlatformImpl.java:457)
	at java.base/java.security.AccessController.doPrivileged(AccessController.java:399)
	at javafx.graphics/com.sun.javafx.application.PlatformImpl.lambda$runLater$11(PlatformImpl.java:456)
	at javafx.graphics/com.sun.glass.ui.InvokeLaterDispatcher$Future.run(InvokeLaterDispatcher.java:96)
	at javafx.graphics/com.sun.glass.ui.win.WinApplication._runLoop(Native Method)
	at javafx.graphics/com.sun.glass.ui.win.WinApplication.lambda$runLoop$3(WinApplication.java:184)
	at java.base/java.lang.Thread.run(Thread.java:833)

11:44:43.239 [JavaFX Application Thread] FATAL FXGLApplication      - Application will now exit
11:44:43.267 [JavaFX Application Thread] DEBUG PrimaryStageWindow   - Push state: ErrorSubScene
11:44:43.267 [JavaFX Application Thread] DEBUG Input                - Clearing active input actions
11:44:43.271 [JavaFX Application Thread] DEBUG GameApplicationServi - Removing overlay from GameScene and adding to ErrorSubScene
11:44:43.271 [JavaFX Application Thread] DEBUG PrimaryStageWindow   - GameScene -> ErrorSubScene
11:44:57.423 [JavaFX Application Thread] DEBUG FXGLApplication      - Exiting FXGL
11:44:57.423 [JavaFX Application Thread] DEBUG Async                - Shutting down background threads
11:44:57.423 [JavaFX Application Thread] DEBUG PrimaryStageWindow   - Closing main window
11:44:57.440 [JavaFX Application Thread] DEBUG Logger               - Closing Logger
