14:47:42.835 [main                     ] DEBUG Logger               - Configured Logger
14:47:42.874 [main                     ] DEBUG GameApplication      - Logging settings
Title: Dinosaur Exploder
Version: 1.0
Width: 550
Height: 750
Fullscreen: false
Intro: false
Profiling: false
Single step:false
App Mode: DEVELOPER
Menu Key: ESCAPE
Stage Style: DECORATED
Scene Factory: class com.dinosaur.dinosaurexploder.view.DinosaurGUI$1

14:47:43.291 [JavaFX Application Thread] DEBUG FXGLApplication      - Initializing FXGL
14:47:43.297 [JavaFX Application Thread] INFO  Engine               - FXGL-17 (31.12.2021 18.16) on WINDOWS (J:17.0.3.1 FX:17.0.2-ea)
14:47:43.298 [JavaFX Application Thread] DEBUG Engine               - JRE Vendor Name: Oracle Corporation
14:47:43.298 [JavaFX Application Thread] DEBUG Engine               - Running on OS: Windows 10 version 10.0
14:47:43.298 [JavaFX Application Thread] DEBUG Engine               - Architecture: amd64
14:47:43.298 [JavaFX Application Thread] INFO  Engine               - Source code and latest versions at: https://github.com/AlmasB/FXGL
14:47:43.298 [JavaFX Application Thread] INFO  Engine               -       Ask questions and discuss at: https://github.com/AlmasB/FXGL/discussions
14:47:43.298 [JavaFX Application Thread] INFO  Engine               -              Join the FXGL chat at: https://gitter.im/AlmasB/FXGL
14:47:43.389 [JavaFX Application Thread] DEBUG PrimaryStageWindow   - Creating a JavaFX scene
14:47:43.437 [JavaFX Application Thread] DEBUG PrimaryStageWindow   - Target settings size: 550.0 x 750.0
14:47:43.438 [JavaFX Application Thread] DEBUG PrimaryStageWindow   - Scaled scene size:    550.0 x 750.0
14:47:43.438 [JavaFX Application Thread] DEBUG PrimaryStageWindow   - Scaled ratio: (1.0, 1.0)
14:47:43.440 [JavaFX Application Thread] DEBUG PrimaryStageWindow   - Set initial scene to FXGLStartupScene
14:47:43.448 [JavaFX Application Thread] DEBUG PrimaryStageWindow   - Opening main window
14:47:43.531 [JavaFX Application Thread] DEBUG PrimaryStageWindow   - Window border size: (14.79998779296875, 38.0)
14:47:43.531 [JavaFX Application Thread] DEBUG PrimaryStageWindow   - Scaled size: 550.0 x 750.0
14:47:43.532 [JavaFX Application Thread] DEBUG PrimaryStageWindow   - Scaled ratio: (1.0, 1.0)
14:47:43.532 [JavaFX Application Thread] DEBUG PrimaryStageWindow   - Scene size: 550.0 x 750.0
14:47:43.532 [JavaFX Application Thread] DEBUG PrimaryStageWindow   - Stage size: 564.7999877929688 x 788.0
14:47:43.544 [FXGL Background Thread 1 ] DEBUG Engine               - Initializing environment variables
14:47:43.586 [FXGL Background Thread 1 ] DEBUG FXGLAssetLoaderServi - User app class for loading assets: class com.dinosaur.dinosaurexploder.DinosaurApp
14:47:43.586 [FXGL Background Thread 1 ] DEBUG GameApplicationServi - Applying CSS: fxgl_dark.css
14:47:43.587 [FXGL Background Thread 1 ] DEBUG FXGLAssetLoaderServi - Loading from file system: jar:file:///C:/Users/valer/.m2/repository/com/github/almasb/fxgl/17/fxgl-17.jar!/fxglassets/ui/css/fxgl_dark.css
14:47:43.647 [FXGL Background Thread 1 ] DEBUG GameApplicationServi - Initializing application scenes
14:47:43.702 [FXGL Background Thread 1 ] DEBUG GameWorld            - Game world initialized
14:47:43.792 [FXGL Background Thread 1 ] DEBUG PhysicsWorld         - Physics world initialized: appHeight=750, physics.ppm=50,0
14:47:43.792 [FXGL Background Thread 1 ] DEBUG PhysicsWorld         - Using strategy: BRUTE_FORCE
14:47:43.799 [FXGL Background Thread 1 ] DEBUG GameScene            - Game scene initialized: 550x750
14:47:43.827 [FXGL Background Thread 1 ] WARN  FXGL.DefaultMenu     - FXGLDefaultMenu is not designed for resolutions < 800x600
14:47:43.827 [FXGL Background Thread 1 ] DEBUG FXGL.DefaultMenu     - createMenuBodyGameMenu()
14:47:43.843 [FXGL Background Thread 1 ] DEBUG FXGL.DefaultMenu     - createOptionsMenu()
14:47:43.864 [FXGL Background Thread 1 ] DEBUG FXGLAssetLoaderServi - Loading from file system: jar:file:///C:/Users/valer/.m2/repository/com/github/almasb/fxgl/17/fxgl-17.jar!/fxglassets/textures/particles/smoke.png
14:47:43.976 [FXGL Background Thread 1 ] DEBUG FXGLAssetLoaderServi - Loading from file system: jar:file:///C:/Users/valer/.m2/repository/com/github/almasb/fxgl/17/fxgl-17.jar!/fxglassets/textures/particles/trace_horizontal.png
14:47:44.009 [FXGL Background Thread 1 ] DEBUG GameApplicationServi - Application scenes initialized
14:47:44.021 [FXGL Background Thread 1 ] DEBUG SystemBundleService  - Loading FXGL system data
14:47:44.025 [FXGL Background Thread 1 ] WARN  SystemBundleService  - Failed to load: java.io.FileNotFoundException: C:\Users\valer\OneDrive\Desktop\Projects\DinosaurGameCode\system\fxgl.bundle (Das System kann die angegebene Datei nicht finden)
14:47:44.025 [FXGL Background Thread 1 ] DEBUG SystemBundleService  - Loading default FXGL system data
14:47:44.026 [FXGL Background Thread 1 ] DEBUG UpdaterService       - Checking for updates
14:47:44.033 [FXGL Background Thread 1 ] DEBUG FXGLApplication      - Loading default localization
14:47:44.033 [FXGL Background Thread 4 ] DEBUG FXGLApplication      - Loading fonts
14:47:44.034 [FXGL Background Thread 4 ] DEBUG FXGLAssetLoaderServi - Loading from file system: jar:file:///C:/Users/valer/.m2/repository/com/github/almasb/fxgl/17/fxgl-17.jar!/fxglassets/ui/fonts/VarelaRound-Regular.ttf
14:47:44.034 [FXGL Background Thread 1 ] DEBUG FXGLAssetLoaderServi - Loading from file system: jar:file:///C:/Users/valer/.m2/repository/com/github/almasb/fxgl/17/fxgl-17.jar!/fxglassets/languages/english.lang
14:47:44.055 [FXGL Background Thread 1 ] INFO  FXGLApplication      - FXGL initialization took: 0,510 sec
14:47:44.068 [JavaFX Application Thread] DEBUG Input                - Registered new binding: action0 - Up
14:47:44.068 [JavaFX Application Thread] DEBUG Input                - Registered new binding: action1 - Down
14:47:44.068 [JavaFX Application Thread] DEBUG Input                - Registered new binding: action2 - Left
14:47:44.069 [JavaFX Application Thread] DEBUG Input                - Registered new binding: action3 - Right
14:47:44.070 [JavaFX Application Thread] DEBUG Input                - Registered new binding: action4 - Space
14:47:44.071 [JavaFX Application Thread] DEBUG FXGLAssetLoaderServi - Loading from file system: file:/C:/Users/valer/OneDrive/Desktop/Projects/DinosaurGameCode/dinosaur-exploder/target/classes/assets/textures/icon.png
14:47:44.120 [FXGL Background Thread 4 ] DEBUG FXGLAssetLoaderServi - Loading from file system: jar:file:///C:/Users/valer/.m2/repository/com/github/almasb/fxgl/17/fxgl-17.jar!/fxglassets/ui/fonts/Abel-Regular.ttf
14:47:44.129 [FXGL Background Thread 4 ] DEBUG FXGLAssetLoaderServi - Loading from file system: jar:file:///C:/Users/valer/.m2/repository/com/github/almasb/fxgl/17/fxgl-17.jar!/fxglassets/ui/fonts/TerminalLandMono-Regular.otf
14:47:44.143 [FXGL Background Thread 4 ] DEBUG FXGLAssetLoaderServi - Loading from file system: jar:file:///C:/Users/valer/.m2/repository/com/github/almasb/fxgl/17/fxgl-17.jar!/fxglassets/ui/fonts/Courier-Prime.ttf
14:47:44.256 [JavaFX Application Thread] DEBUG FXGLAssetLoaderServi - Loading from file system: jar:file:///C:/Users/valer/.m2/repository/com/github/almasb/fxgl/17/fxgl-17.jar!/fxglassets/textures/fxgl_default_cursor.png
14:47:44.258 [JavaFX Application Thread] DEBUG Input                - Registered new binding: Screenshot - CTRL+8
14:47:44.258 [JavaFX Application Thread] DEBUG Input                - Registered new binding: System info dump - CTRL+9
14:47:44.259 [JavaFX Application Thread] DEBUG Input                - Registered new binding: Restart - CTRL+R
14:47:44.260 [JavaFX Application Thread] DEBUG Input                - Registered new binding: Toggle Debug Camera - CTRL+7
14:47:44.262 [JavaFX Application Thread] DEBUG LoopRunner           - Starting loop
14:47:44.262 [JavaFX Application Thread] DEBUG LoopRunner           - Initializing ScheduledExecutorLoop with fps: 60
14:47:44.265 [JavaFX Application Thread] DEBUG Input                - Clearing active input actions
14:47:44.284 [JavaFX Application Thread] DEBUG GameApplicationServi - Removing overlay from FXGLStartupScene and adding to FXGLMainMenuDummyScene
14:47:44.285 [JavaFX Application Thread] DEBUG PrimaryStageWindow   - FXGLStartupScene -> FXGLMainMenuDummyScene
14:47:44.285 [JavaFX Application Thread] DEBUG PrimaryStageWindow   - Push state: DinosaurMenu
14:47:44.285 [JavaFX Application Thread] DEBUG Input                - Clearing active input actions
14:47:44.293 [JavaFX Application Thread] DEBUG GameApplicationServi - Removing overlay from FXGLMainMenuDummyScene and adding to DinosaurMenu
14:47:44.293 [JavaFX Application Thread] DEBUG PrimaryStageWindow   - FXGLMainMenuDummyScene -> DinosaurMenu
14:47:44.293 [JavaFX Application Thread] DEBUG FXGLApplication      - Registering font factories with UI factory
14:47:45.011 [FXGL Background Thread 2 ] INFO  UpdaterService       - Your current version:  17
14:47:45.011 [FXGL Background Thread 2 ] INFO  UpdaterService       - Latest stable version: 17.1
14:47:45.235 [JavaFX Application Thread] DEBUG Menu                 - fireNewGame()
14:47:45.235 [JavaFX Application Thread] DEBUG GameApplicationServi - Starting new game
14:47:45.236 [JavaFX Application Thread] DEBUG PrimaryStageWindow   - Pop state: DinosaurMenu
14:47:45.236 [JavaFX Application Thread] DEBUG Input                - Clearing active input actions
14:47:45.237 [JavaFX Application Thread] DEBUG GameApplicationServi - Removing overlay from DinosaurMenu and adding to FXGLMainMenuDummyScene
14:47:45.239 [JavaFX Application Thread] DEBUG PrimaryStageWindow   - FXGLMainMenuDummyScene <- DinosaurMenu
14:47:45.239 [JavaFX Application Thread] DEBUG Input                - Clearing active input actions
14:47:45.246 [JavaFX Application Thread] DEBUG GameApplicationServi - Removing overlay from FXGLMainMenuDummyScene and adding to FXGLLoadingScene
14:47:45.247 [JavaFX Application Thread] DEBUG PrimaryStageWindow   - FXGLMainMenuDummyScene -> FXGLLoadingScene
14:47:45.247 [JavaFX Application Thread] DEBUG GameApplicationServi - Clearing previous game
14:47:45.247 [JavaFX Application Thread] DEBUG GameScene            - Clearing game scene
14:47:45.247 [JavaFX Application Thread] DEBUG GameWorld            - Clearing game world
14:47:45.247 [JavaFX Application Thread] DEBUG PhysicsWorld         - Clearing physics world
14:47:45.249 [FXGL Background Thread 2 ] DEBUG FXGLApplication      - Initializing game
14:47:45.473 [FXGL Background Thread 2 ] WARN  GameWorld            - Entity is already attached to world
14:47:45.475 [FXGL Background Thread 2 ] DEBUG FXGLAssetLoaderServi - Loading from file system: file:/C:/Users/valer/OneDrive/Desktop/Projects/DinosaurGameCode/dinosaur-exploder/target/classes/assets/textures/spaceship.png
14:47:45.493 [FXGL Background Thread 2 ] DEBUG FXGLAssetLoaderServi - Loading from file system: file:/C:/Users/valer/OneDrive/Desktop/Projects/DinosaurGameCode/dinosaur-exploder/target/classes/assets/sounds/engine.wav
14:47:45.611 [FXGL Background Thread 2 ] DEBUG FXGLAssetLoaderServi - Loading from file system: file:/C:/Users/valer/OneDrive/Desktop/Projects/DinosaurGameCode/dinosaur-exploder/target/classes/assets/textures/life.png
14:47:45.618 [FXGL Background Thread 2 ] INFO  FXGLApplication      - Game initialization took: 0,369 sec
14:47:45.621 [JavaFX Application Thread] DEBUG Input                - Clearing active input actions
14:47:45.628 [JavaFX Application Thread] DEBUG GameApplicationServi - Removing overlay from FXGLLoadingScene and adding to GameScene
14:47:45.628 [JavaFX Application Thread] DEBUG PrimaryStageWindow   - FXGLLoadingScene -> GameScene
14:47:46.382 [JavaFX Application Thread] DEBUG FXGLAssetLoaderServi - Loading from file system: file:/C:/Users/valer/OneDrive/Desktop/Projects/DinosaurGameCode/dinosaur-exploder/target/classes/assets/textures/greenDino.png
14:47:47.032 [FXGL Background Thread 3 ] DEBUG Engine               - Logging environment variables
14:47:47.033 [FXGL Background Thread 3 ] DEBUG Engine               - achievements: []
14:47:47.033 [FXGL Background Thread 3 ] DEBUG Engine               - actualHeight: 750.0
14:47:47.034 [FXGL Background Thread 3 ] DEBUG Engine               - actualHeightProperty: ReadOnlyDoubleProperty [value: 750.0]
14:47:47.034 [FXGL Background Thread 3 ] DEBUG Engine               - actualWidth: 550.0
14:47:47.034 [FXGL Background Thread 3 ] DEBUG Engine               - actualWidthProperty: ReadOnlyDoubleProperty [value: 550.0]
14:47:47.034 [FXGL Background Thread 3 ] DEBUG Engine               - appIcon: icon.png
14:47:47.035 [FXGL Background Thread 3 ] DEBUG Engine               - applicationMode: DEVELOPER
14:47:47.035 [FXGL Background Thread 3 ] DEBUG Engine               - cSSList: [fxgl_dark.css]
14:47:47.035 [FXGL Background Thread 3 ] DEBUG Engine               - collisionDetectionStrategy: BRUTE_FORCE
14:47:47.035 [FXGL Background Thread 3 ] DEBUG Engine               - configClass: Optional.empty
14:47:47.036 [FXGL Background Thread 3 ] DEBUG Engine               - credits: []
14:47:47.038 [FXGL Background Thread 3 ] DEBUG Engine               - defaultCursor: CursorInfo(imageName=fxgl_default_cursor.png, hotspotX=7.0, hotspotY=6.0)
14:47:47.039 [FXGL Background Thread 3 ] DEBUG Engine               - devBBoxColorProperty: ObjectProperty [value: 0xff0000ff]
14:47:47.040 [FXGL Background Thread 3 ] DEBUG Engine               - devEnableDebugCameraProperty: BooleanProperty [value: false]
14:47:47.041 [FXGL Background Thread 3 ] DEBUG Engine               - devSensorColorProperty: ObjectProperty [value: 0xffff00ff]
14:47:47.042 [FXGL Background Thread 3 ] DEBUG Engine               - devShowBBoxProperty: BooleanProperty [value: false]
14:47:47.042 [FXGL Background Thread 3 ] DEBUG Engine               - devShowPositionProperty: BooleanProperty [value: false]
14:47:47.043 [FXGL Background Thread 3 ] DEBUG Engine               - enabledMenuItems: []
14:47:47.044 [FXGL Background Thread 3 ] DEBUG Engine               - engineServices: [class com.almasb.fxgl.app.services.FXGLAssetLoaderService, class com.almasb.fxgl.app.FXGLApplication$GameApplicationService, class com.almasb.fxgl.app.services.FXGLDialogService, class com.almasb.fxgl.app.services.IOTaskExecutorService, class com.almasb.fxgl.io.FileSystemService, class com.almasb.fxgl.localization.LocalizationService, class com.almasb.fxgl.app.services.SystemBundleService, class com.almasb.fxgl.profile.SaveLoadService, class com.almasb.fxgl.ui.FXGLUIFactoryServiceProvider, class com.almasb.fxgl.ui.FXGLDialogFactoryServiceProvider, class com.almasb.fxgl.audio.AudioPlayer, class com.almasb.fxgl.notification.impl.NotificationServiceProvider, class com.almasb.fxgl.achievement.AchievementService, class com.almasb.fxgl.cutscene.CutsceneService, class com.almasb.fxgl.minigames.MiniGameService, class com.almasb.fxgl.net.NetService, class com.almasb.fxgl.app.services.UpdaterService, class com.almasb.fxgl.dev.DevService]
14:47:47.045 [FXGL Background Thread 3 ] DEBUG Engine               - fontGame: Abel-Regular.ttf
14:47:47.046 [FXGL Background Thread 3 ] DEBUG Engine               - fontMono: TerminalLandMono-Regular.otf
14:47:47.047 [FXGL Background Thread 3 ] DEBUG Engine               - fontText: Courier-Prime.ttf
14:47:47.047 [FXGL Background Thread 3 ] DEBUG Engine               - fontUI: VarelaRound-Regular.ttf
14:47:47.047 [FXGL Background Thread 3 ] DEBUG Engine               - fullScreen: BooleanProperty [value: false]
14:47:47.047 [FXGL Background Thread 3 ] DEBUG Engine               - gameDifficulty: MEDIUM
14:47:47.048 [FXGL Background Thread 3 ] DEBUG Engine               - gameDifficultyProperty: ObjectProperty [value: MEDIUM]
14:47:47.048 [FXGL Background Thread 3 ] DEBUG Engine               - globalMusicVolume: 0.5
14:47:47.048 [FXGL Background Thread 3 ] DEBUG Engine               - globalMusicVolumeProperty: DoubleProperty [value: 0.5]
14:47:47.049 [FXGL Background Thread 3 ] DEBUG Engine               - globalSoundVolume: 0.5
14:47:47.049 [FXGL Background Thread 3 ] DEBUG Engine               - globalSoundVolumeProperty: DoubleProperty [value: 0.5]
14:47:47.049 [FXGL Background Thread 3 ] DEBUG Engine               - height: 750
14:47:47.050 [FXGL Background Thread 3 ] DEBUG Engine               - is3D: false
14:47:47.050 [FXGL Background Thread 3 ] DEBUG Engine               - isAndroid: false
14:47:47.051 [FXGL Background Thread 3 ] DEBUG Engine               - isBrowser: false
14:47:47.051 [FXGL Background Thread 3 ] DEBUG Engine               - isClickFeedbackEnabled: false
14:47:47.051 [FXGL Background Thread 3 ] DEBUG Engine               - isCloseConfirmation: false
14:47:47.051 [FXGL Background Thread 3 ] DEBUG Engine               - isDesktop: true
14:47:47.052 [FXGL Background Thread 3 ] DEBUG Engine               - isDeveloperMenuEnabled: false
14:47:47.052 [FXGL Background Thread 3 ] DEBUG Engine               - isEmbedded: false
14:47:47.052 [FXGL Background Thread 3 ] DEBUG Engine               - isEntityPreloadEnabled: true
14:47:47.053 [FXGL Background Thread 3 ] DEBUG Engine               - isExperimentalTiledLargeMap: false
14:47:47.053 [FXGL Background Thread 3 ] DEBUG Engine               - isFileSystemWriteAllowed: true
14:47:47.053 [FXGL Background Thread 3 ] DEBUG Engine               - isFullScreenAllowed: false
14:47:47.054 [FXGL Background Thread 3 ] DEBUG Engine               - isFullScreenFromStart: false
14:47:47.055 [FXGL Background Thread 3 ] DEBUG Engine               - isGameMenuEnabled: true
14:47:47.055 [FXGL Background Thread 3 ] DEBUG Engine               - isIOS: false
14:47:47.056 [FXGL Background Thread 3 ] DEBUG Engine               - isIntroEnabled: false
14:47:47.057 [FXGL Background Thread 3 ] DEBUG Engine               - isLinux: false
14:47:47.057 [FXGL Background Thread 3 ] DEBUG Engine               - isMac: false
14:47:47.058 [FXGL Background Thread 3 ] DEBUG Engine               - isMainMenuEnabled: true
14:47:47.058 [FXGL Background Thread 3 ] DEBUG Engine               - isManualResizeEnabled: false
14:47:47.059 [FXGL Background Thread 3 ] DEBUG Engine               - isMobile: false
14:47:47.059 [FXGL Background Thread 3 ] DEBUG Engine               - isNative: false
14:47:47.059 [FXGL Background Thread 3 ] DEBUG Engine               - isPauseMusicWhenMinimized: true
14:47:47.060 [FXGL Background Thread 3 ] DEBUG Engine               - isPreserveResizeRatio: false
14:47:47.060 [FXGL Background Thread 3 ] DEBUG Engine               - isProfilingEnabled: false
14:47:47.061 [FXGL Background Thread 3 ] DEBUG Engine               - isScaleAffectedOnResize: true
14:47:47.061 [FXGL Background Thread 3 ] DEBUG Engine               - isSingleStep: false
14:47:47.062 [FXGL Background Thread 3 ] DEBUG Engine               - isUserProfileEnabled: false
14:47:47.062 [FXGL Background Thread 3 ] DEBUG Engine               - isWindows: true
14:47:47.063 [FXGL Background Thread 3 ] DEBUG Engine               - language: ObjectProperty [value: ENGLISH]
14:47:47.063 [FXGL Background Thread 3 ] DEBUG Engine               - menuKey: ESCAPE
14:47:47.063 [FXGL Background Thread 3 ] DEBUG Engine               - mouseSensitivity: 0.2
14:47:47.064 [FXGL Background Thread 3 ] DEBUG Engine               - notificationViewClass: class com.almasb.fxgl.notification.view.XboxNotificationView
14:47:47.064 [FXGL Background Thread 3 ] DEBUG Engine               - pixelsPerMeter: 50.0
14:47:47.064 [FXGL Background Thread 3 ] DEBUG Engine               - platform: WINDOWS
14:47:47.065 [FXGL Background Thread 3 ] DEBUG Engine               - prefHeightProperty: ReadOnlyDoubleProperty [value: 750.0]
14:47:47.065 [FXGL Background Thread 3 ] DEBUG Engine               - prefWidthProperty: ReadOnlyDoubleProperty [value: 550.0]
14:47:47.065 [FXGL Background Thread 3 ] DEBUG Engine               - profileDir: profiles/
14:47:47.066 [FXGL Background Thread 3 ] DEBUG Engine               - profileName: StringProperty [value: DEFAULT]
14:47:47.066 [FXGL Background Thread 3 ] DEBUG Engine               - randomSeed: -1
14:47:47.067 [FXGL Background Thread 3 ] DEBUG Engine               - runtimeInfo: RuntimeInfo(platform=WINDOWS, version=17, build=31.12.2021 18.16)
14:47:47.067 [FXGL Background Thread 3 ] DEBUG Engine               - saveFileExt: sav
14:47:47.067 [FXGL Background Thread 3 ] DEBUG Engine               - scaledHeightProp$fxgl: DoubleProperty [bound, value: 750.0]
14:47:47.068 [FXGL Background Thread 3 ] DEBUG Engine               - scaledWidthProp$fxgl: DoubleProperty [bound, value: 550.0]
14:47:47.068 [FXGL Background Thread 3 ] DEBUG Engine               - sceneFactory: com.dinosaur.dinosaurexploder.view.DinosaurGUI$1@2f55f20f
14:47:47.068 [FXGL Background Thread 3 ] DEBUG Engine               - secondsIn24h: 60
14:47:47.069 [FXGL Background Thread 3 ] DEBUG Engine               - soundMenuBack: menu/back.wav
14:47:47.069 [FXGL Background Thread 3 ] DEBUG Engine               - soundMenuPress: menu/press.wav
14:47:47.069 [FXGL Background Thread 3 ] DEBUG Engine               - soundMenuSelect: menu/select.wav
14:47:47.069 [FXGL Background Thread 3 ] DEBUG Engine               - soundNotification: core/notification.wav
14:47:47.070 [FXGL Background Thread 3 ] DEBUG Engine               - stageStyle: DECORATED
14:47:47.071 [FXGL Background Thread 3 ] DEBUG Engine               - supportedLanguages: [ENGLISH, FRENCH, GERMAN, HUNGARIAN, RUSSIAN]
14:47:47.071 [FXGL Background Thread 3 ] DEBUG Engine               - ticksPerSecond: 60
14:47:47.072 [FXGL Background Thread 3 ] DEBUG Engine               - title: Dinosaur Exploder
14:47:47.072 [FXGL Background Thread 3 ] DEBUG Engine               - urlGithub: https://github.com/AlmasB/FXGL
14:47:47.073 [FXGL Background Thread 3 ] DEBUG Engine               - urlLeaderboard: http://fxgl-top.herokuapp.com/
14:47:47.073 [FXGL Background Thread 3 ] DEBUG Engine               - urlPOM: https://raw.githubusercontent.com/AlmasB/FXGL/release/README.md
14:47:47.073 [FXGL Background Thread 3 ] DEBUG Engine               - userAppClass: class com.dinosaur.dinosaurexploder.DinosaurApp
14:47:47.074 [FXGL Background Thread 3 ] DEBUG Engine               - version: 1.0
14:47:47.074 [FXGL Background Thread 3 ] DEBUG Engine               - versionCheckDays: 7
14:47:47.074 [FXGL Background Thread 3 ] DEBUG Engine               - width: 550
14:47:47.074 [FXGL Background Thread 3 ] DEBUG Engine               - Logging services
14:47:47.075 [FXGL Background Thread 3 ] DEBUG Engine               - class com.almasb.fxgl.app.services.FXGLAssetLoaderService
14:47:47.075 [FXGL Background Thread 3 ] DEBUG Engine               - class com.almasb.fxgl.app.FXGLApplication$GameApplicationService
14:47:47.075 [FXGL Background Thread 3 ] DEBUG Engine               - class com.almasb.fxgl.app.services.FXGLDialogService
14:47:47.076 [FXGL Background Thread 3 ] DEBUG Engine               - class com.almasb.fxgl.app.services.IOTaskExecutorService
14:47:47.076 [FXGL Background Thread 3 ] DEBUG Engine               - class com.almasb.fxgl.io.FileSystemService
14:47:47.076 [FXGL Background Thread 3 ] DEBUG Engine               - class com.almasb.fxgl.localization.LocalizationService
14:47:47.076 [FXGL Background Thread 3 ] DEBUG Engine               - class com.almasb.fxgl.app.services.SystemBundleService
14:47:47.077 [FXGL Background Thread 3 ] DEBUG Engine               - class com.almasb.fxgl.profile.SaveLoadService
14:47:47.077 [FXGL Background Thread 3 ] DEBUG Engine               - class com.almasb.fxgl.ui.FXGLUIFactoryServiceProvider
14:47:47.077 [FXGL Background Thread 3 ] DEBUG Engine               - class com.almasb.fxgl.ui.FXGLDialogFactoryServiceProvider
14:47:47.077 [FXGL Background Thread 3 ] DEBUG Engine               - class com.almasb.fxgl.audio.AudioPlayer
14:47:47.078 [FXGL Background Thread 3 ] DEBUG Engine               - class com.almasb.fxgl.notification.impl.NotificationServiceProvider
14:47:47.078 [FXGL Background Thread 3 ] DEBUG Engine               - class com.almasb.fxgl.achievement.AchievementService
14:47:47.078 [FXGL Background Thread 3 ] DEBUG Engine               - class com.almasb.fxgl.cutscene.CutsceneService
14:47:47.078 [FXGL Background Thread 3 ] DEBUG Engine               - class com.almasb.fxgl.minigames.MiniGameService
14:47:47.079 [FXGL Background Thread 3 ] DEBUG Engine               - class com.almasb.fxgl.net.NetService
14:47:47.079 [FXGL Background Thread 3 ] DEBUG Engine               - class com.almasb.fxgl.app.services.UpdaterService
14:47:47.079 [FXGL Background Thread 3 ] DEBUG Engine               - class com.almasb.fxgl.dev.DevService
14:47:47.133 [JavaFX Application Thread] DEBUG FXGLAssetLoaderServi - Loading from file system: file:/C:/Users/valer/OneDrive/Desktop/Projects/DinosaurGameCode/dinosaur-exploder/target/classes/assets/sounds/enemyShoot.wav
14:47:47.178 [JavaFX Application Thread] DEBUG FXGLAssetLoaderServi - Loading from file system: file:/C:/Users/valer/OneDrive/Desktop/Projects/DinosaurGameCode/dinosaur-exploder/target/classes/assets/textures/enemyProjectile.png
14:47:48.768 [JavaFX Application Thread] DEBUG FXGLAssetLoaderServi - Loading from file system: file:/C:/Users/valer/OneDrive/Desktop/Projects/DinosaurGameCode/dinosaur-exploder/target/classes/assets/sounds/playerHit.wav
14:47:48.816 [JavaFX Application Thread] DEBUG LoopRunner           - Stopping loop
14:47:48.820 [JavaFX Application Thread] FATAL FXGLApplication      - Uncaught Exception:
java.lang.NullPointerException: Cannot invoke "com.almasb.fxgl.entity.Entity.getComponent(java.lang.Class)" because "com.dinosaur.dinosaurexploder.controller.DinosaurController.secondLife" is null
	at com.dinosaur.dinosaurexploder/com.dinosaur.dinosaurexploder.controller.DinosaurController.damagePlayer(DinosaurController.java:29)
	at com.dinosaur.dinosaurexploder/com.dinosaur.dinosaurexploder.controller.DinosaurController.lambda$initPhysics$8(DinosaurController.java:94)
	at com.almasb.fxgl.all@17/com.almasb.fxgl.dsl.FXGL$Companion$onCollisionBegin$1.onCollisionBegin(FXGL.kt:551)
	at com.almasb.fxgl.entity@17/com.almasb.fxgl.physics.CollisionPair.collisionBegin(CollisionPair.java:37)
	at com.almasb.fxgl.entity@17/com.almasb.fxgl.physics.PhysicsWorld.collisionBeginFor(PhysicsWorld.java:453)
	at com.almasb.fxgl.entity@17/com.almasb.fxgl.physics.PhysicsWorld.checkCollisionsInGroup(PhysicsWorld.java:405)
	at com.almasb.fxgl.entity@17/com.almasb.fxgl.physics.PhysicsWorld.checkCollisions(PhysicsWorld.java:373)
	at com.almasb.fxgl.entity@17/com.almasb.fxgl.physics.PhysicsWorld.onUpdate(PhysicsWorld.java:179)
	at com.almasb.fxgl.all@17/com.almasb.fxgl.app.scene.GameScene.step(GameScene.kt:225)
	at com.almasb.fxgl.all@17/com.almasb.fxgl.app.scene.GameScene.onUpdate(GameScene.kt:220)
	at com.almasb.fxgl.scene@17/com.almasb.fxgl.scene.Scene.update(Scene.kt:105)
	at com.almasb.fxgl.all@17/com.almasb.fxgl.app.MainWindow$update$1.invoke(MainWindow.kt:115)
	at com.almasb.fxgl.all@17/com.almasb.fxgl.app.MainWindow$update$1.invoke(MainWindow.kt:115)
	at com.almasb.fxgl.core@17/com.almasb.fxgl.core.fsm.StateMachine.runOnActiveStates(StateMachine.kt:69)
	at com.almasb.fxgl.all@17/com.almasb.fxgl.app.MainWindow.update(MainWindow.kt:115)
	at com.almasb.fxgl.all@17/com.almasb.fxgl.app.FXGLApplication$GameApplicationService.onUpdate(FXGLApplication.kt:426)
	at com.almasb.fxgl.all@17/com.almasb.fxgl.app.Engine.loop(Engine.kt:134)
	at com.almasb.fxgl.all@17/com.almasb.fxgl.app.Engine.access$loop(Engine.kt:24)
	at com.almasb.fxgl.all@17/com.almasb.fxgl.app.Engine$loop$1.invoke(Engine.kt:28)
	at com.almasb.fxgl.all@17/com.almasb.fxgl.app.Engine$loop$1.invoke(Engine.kt:28)
	at com.almasb.fxgl.all@17/com.almasb.fxgl.app.LoopRunner.frame(LoopRunner.kt:103)
	at com.almasb.fxgl.all@17/com.almasb.fxgl.app.LoopRunner.access$frame(LoopRunner.kt:23)
	at com.almasb.fxgl.all@17/com.almasb.fxgl.app.LoopRunner$impl$2$2.onTick(LoopRunner.kt:64)
	at com.almasb.fxgl.all@17/com.almasb.fxgl.app.ScheduledExecutorLoop.start$lambda-1$lambda-0(LoopRunner.kt:170)
	at javafx.graphics/com.sun.javafx.application.PlatformImpl.lambda$runLater$10(PlatformImpl.java:457)
	at java.base/java.security.AccessController.doPrivileged(AccessController.java:399)
	at javafx.graphics/com.sun.javafx.application.PlatformImpl.lambda$runLater$11(PlatformImpl.java:456)
	at javafx.graphics/com.sun.glass.ui.InvokeLaterDispatcher$Future.run(InvokeLaterDispatcher.java:96)
	at javafx.graphics/com.sun.glass.ui.win.WinApplication._runLoop(Native Method)
	at javafx.graphics/com.sun.glass.ui.win.WinApplication.lambda$runLoop$3(WinApplication.java:184)
	at java.base/java.lang.Thread.run(Thread.java:833)

14:47:48.821 [JavaFX Application Thread] FATAL FXGLApplication      - Application will now exit
14:47:48.854 [JavaFX Application Thread] DEBUG PrimaryStageWindow   - Push state: ErrorSubScene
14:47:48.854 [JavaFX Application Thread] DEBUG Input                - Clearing active input actions
14:47:48.858 [JavaFX Application Thread] DEBUG GameApplicationServi - Removing overlay from GameScene and adding to ErrorSubScene
14:47:48.858 [JavaFX Application Thread] DEBUG PrimaryStageWindow   - GameScene -> ErrorSubScene
14:47:57.087 [JavaFX Application Thread] DEBUG FXGLApplication      - Exiting FXGL
14:47:57.088 [JavaFX Application Thread] DEBUG Async                - Shutting down background threads
14:47:57.088 [JavaFX Application Thread] DEBUG PrimaryStageWindow   - Closing main window
14:47:57.105 [JavaFX Application Thread] DEBUG Logger               - Closing Logger
