16:50:40.232 [main                     ] DEBUG Logger               - Configured Logger
16:50:40.266 [main                     ] DEBUG GameApplication      - Logging settings
Title: Dinosaur Exploder
Version: 1.0
Width: 550
Height: 750
Fullscreen: false
Intro: false
Profiling: false
Single step:false
App Mode: DEVELOPER
Menu Key: ESCAPE
Stage Style: DECORATED
Scene Factory: class com.dinosaur.dinosaurexploder.view.DinosaurGUI$1

16:50:40.575 [JavaFX Application Thread] DEBUG FXGLApplication      - Initializing FXGL
16:50:40.582 [JavaFX Application Thread] INFO  Engine               - FXGL-17 (31.12.2021 18.16) on WINDOWS (J:17.0.3.1 FX:17.0.2-ea)
16:50:40.582 [JavaFX Application Thread] DEBUG Engine               - JRE Vendor Name: Oracle Corporation
16:50:40.582 [JavaFX Application Thread] DEBUG Engine               - Running on OS: Windows 10 version 10.0
16:50:40.583 [JavaFX Application Thread] DEBUG Engine               - Architecture: amd64
16:50:40.583 [JavaFX Application Thread] INFO  Engine               - Source code and latest versions at: https://github.com/AlmasB/FXGL
16:50:40.583 [JavaFX Application Thread] INFO  Engine               -       Ask questions and discuss at: https://github.com/AlmasB/FXGL/discussions
16:50:40.584 [JavaFX Application Thread] INFO  Engine               -              Join the FXGL chat at: https://gitter.im/AlmasB/FXGL
16:50:40.665 [JavaFX Application Thread] DEBUG PrimaryStageWindow   - Creating a JavaFX scene
16:50:40.711 [JavaFX Application Thread] DEBUG PrimaryStageWindow   - Target settings size: 550.0 x 750.0
16:50:40.712 [JavaFX Application Thread] DEBUG PrimaryStageWindow   - Scaled scene size:    550.0 x 750.0
16:50:40.712 [JavaFX Application Thread] DEBUG PrimaryStageWindow   - Scaled ratio: (1.0, 1.0)
16:50:40.713 [JavaFX Application Thread] DEBUG PrimaryStageWindow   - Set initial scene to FXGLStartupScene
16:50:40.720 [JavaFX Application Thread] DEBUG PrimaryStageWindow   - Opening main window
16:50:40.793 [JavaFX Application Thread] DEBUG PrimaryStageWindow   - Window border size: (14.79998779296875, 38.0)
16:50:40.793 [JavaFX Application Thread] DEBUG PrimaryStageWindow   - Scaled size: 550.0 x 750.0
16:50:40.793 [JavaFX Application Thread] DEBUG PrimaryStageWindow   - Scaled ratio: (1.0, 1.0)
16:50:40.794 [JavaFX Application Thread] DEBUG PrimaryStageWindow   - Scene size: 550.0 x 750.0
16:50:40.795 [JavaFX Application Thread] DEBUG PrimaryStageWindow   - Stage size: 564.7999877929688 x 788.0
16:50:40.803 [FXGL Background Thread 1 ] DEBUG Engine               - Initializing environment variables
16:50:40.840 [FXGL Background Thread 1 ] DEBUG FXGLAssetLoaderServi - User app class for loading assets: class com.dinosaur.dinosaurexploder.DinosaurApp
16:50:40.841 [FXGL Background Thread 1 ] DEBUG GameApplicationServi - Applying CSS: fxgl_dark.css
16:50:40.842 [FXGL Background Thread 1 ] DEBUG FXGLAssetLoaderServi - Loading from file system: jar:file:///C:/Users/valer/.m2/repository/com/github/almasb/fxgl/17/fxgl-17.jar!/fxglassets/ui/css/fxgl_dark.css
16:50:40.899 [FXGL Background Thread 1 ] DEBUG GameApplicationServi - Initializing application scenes
16:50:40.937 [FXGL Background Thread 1 ] DEBUG GameWorld            - Game world initialized
16:50:41.018 [FXGL Background Thread 1 ] DEBUG PhysicsWorld         - Physics world initialized: appHeight=750, physics.ppm=50,0
16:50:41.018 [FXGL Background Thread 1 ] DEBUG PhysicsWorld         - Using strategy: BRUTE_FORCE
16:50:41.025 [FXGL Background Thread 1 ] DEBUG GameScene            - Game scene initialized: 550x750
16:50:41.047 [FXGL Background Thread 1 ] WARN  FXGL.DefaultMenu     - FXGLDefaultMenu is not designed for resolutions < 800x600
16:50:41.047 [FXGL Background Thread 1 ] DEBUG FXGL.DefaultMenu     - createMenuBodyGameMenu()
16:50:41.060 [FXGL Background Thread 1 ] DEBUG FXGL.DefaultMenu     - createOptionsMenu()
16:50:41.069 [FXGL Background Thread 1 ] DEBUG FXGLAssetLoaderServi - Loading from file system: jar:file:///C:/Users/valer/.m2/repository/com/github/almasb/fxgl/17/fxgl-17.jar!/fxglassets/textures/particles/smoke.png
16:50:41.167 [FXGL Background Thread 1 ] DEBUG FXGLAssetLoaderServi - Loading from file system: jar:file:///C:/Users/valer/.m2/repository/com/github/almasb/fxgl/17/fxgl-17.jar!/fxglassets/textures/particles/trace_horizontal.png
16:50:41.200 [FXGL Background Thread 1 ] DEBUG GameApplicationServi - Application scenes initialized
16:50:41.211 [FXGL Background Thread 1 ] DEBUG SystemBundleService  - Loading FXGL system data
16:50:41.215 [FXGL Background Thread 1 ] WARN  SystemBundleService  - Failed to load: java.io.FileNotFoundException: C:\Users\valer\OneDrive\Desktop\Projects\DinosaurGameCode\system\fxgl.bundle (Das System kann die angegebene Datei nicht finden)
16:50:41.215 [FXGL Background Thread 1 ] DEBUG SystemBundleService  - Loading default FXGL system data
16:50:41.216 [FXGL Background Thread 1 ] DEBUG UpdaterService       - Checking for updates
16:50:41.221 [FXGL Background Thread 1 ] DEBUG FXGLApplication      - Loading default localization
16:50:41.221 [FXGL Background Thread 1 ] DEBUG FXGLAssetLoaderServi - Loading from file system: jar:file:///C:/Users/valer/.m2/repository/com/github/almasb/fxgl/17/fxgl-17.jar!/fxglassets/languages/english.lang
16:50:41.226 [FXGL Background Thread 4 ] DEBUG FXGLApplication      - Loading fonts
16:50:41.227 [FXGL Background Thread 4 ] DEBUG FXGLAssetLoaderServi - Loading from file system: jar:file:///C:/Users/valer/.m2/repository/com/github/almasb/fxgl/17/fxgl-17.jar!/fxglassets/ui/fonts/VarelaRound-Regular.ttf
16:50:41.238 [FXGL Background Thread 1 ] INFO  FXGLApplication      - FXGL initialization took: 0,434 sec
16:50:41.250 [JavaFX Application Thread] DEBUG Input                - Registered new binding: action0 - Up
16:50:41.250 [JavaFX Application Thread] DEBUG Input                - Registered new binding: action1 - Down
16:50:41.251 [JavaFX Application Thread] DEBUG Input                - Registered new binding: action2 - Left
16:50:41.251 [JavaFX Application Thread] DEBUG Input                - Registered new binding: action3 - Right
16:50:41.252 [JavaFX Application Thread] DEBUG Input                - Registered new binding: action4 - Space
16:50:41.252 [JavaFX Application Thread] DEBUG FXGLAssetLoaderServi - Loading from file system: file:/C:/Users/valer/OneDrive/Desktop/Projects/DinosaurGameCode/dinosaur-exploder/target/classes/assets/textures/icon.png
16:50:41.432 [FXGL Background Thread 4 ] DEBUG FXGLAssetLoaderServi - Loading from file system: jar:file:///C:/Users/valer/.m2/repository/com/github/almasb/fxgl/17/fxgl-17.jar!/fxglassets/ui/fonts/Abel-Regular.ttf
16:50:41.444 [JavaFX Application Thread] DEBUG FXGLAssetLoaderServi - Loading from file system: jar:file:///C:/Users/valer/.m2/repository/com/github/almasb/fxgl/17/fxgl-17.jar!/fxglassets/textures/fxgl_default_cursor.png
16:50:41.446 [JavaFX Application Thread] DEBUG Input                - Registered new binding: Screenshot - CTRL+8
16:50:41.446 [JavaFX Application Thread] DEBUG Input                - Registered new binding: System info dump - CTRL+9
16:50:41.447 [JavaFX Application Thread] DEBUG Input                - Registered new binding: Restart - CTRL+R
16:50:41.447 [JavaFX Application Thread] DEBUG Input                - Registered new binding: Toggle Debug Camera - CTRL+7
16:50:41.450 [JavaFX Application Thread] DEBUG LoopRunner           - Starting loop
16:50:41.450 [JavaFX Application Thread] DEBUG LoopRunner           - Initializing ScheduledExecutorLoop with fps: 60
16:50:41.453 [JavaFX Application Thread] DEBUG Input                - Clearing active input actions
16:50:41.460 [JavaFX Application Thread] DEBUG GameApplicationServi - Removing overlay from FXGLStartupScene and adding to FXGLMainMenuDummyScene
16:50:41.461 [JavaFX Application Thread] DEBUG PrimaryStageWindow   - FXGLStartupScene -> FXGLMainMenuDummyScene
16:50:41.461 [FXGL Background Thread 4 ] DEBUG FXGLAssetLoaderServi - Loading from file system: jar:file:///C:/Users/valer/.m2/repository/com/github/almasb/fxgl/17/fxgl-17.jar!/fxglassets/ui/fonts/TerminalLandMono-Regular.otf
16:50:41.461 [JavaFX Application Thread] DEBUG PrimaryStageWindow   - Push state: DinosaurMenu
16:50:41.462 [JavaFX Application Thread] DEBUG Input                - Clearing active input actions
16:50:41.469 [JavaFX Application Thread] DEBUG GameApplicationServi - Removing overlay from FXGLMainMenuDummyScene and adding to DinosaurMenu
16:50:41.469 [JavaFX Application Thread] DEBUG PrimaryStageWindow   - FXGLMainMenuDummyScene -> DinosaurMenu
16:50:41.492 [FXGL Background Thread 4 ] DEBUG FXGLAssetLoaderServi - Loading from file system: jar:file:///C:/Users/valer/.m2/repository/com/github/almasb/fxgl/17/fxgl-17.jar!/fxglassets/ui/fonts/Courier-Prime.ttf
16:50:41.705 [JavaFX Application Thread] DEBUG FXGLApplication      - Registering font factories with UI factory
16:50:42.248 [FXGL Background Thread 2 ] INFO  UpdaterService       - Your current version:  17
16:50:42.248 [FXGL Background Thread 2 ] INFO  UpdaterService       - Latest stable version: 17.1
16:50:42.564 [JavaFX Application Thread] DEBUG Menu                 - fireNewGame()
16:50:42.565 [JavaFX Application Thread] DEBUG GameApplicationServi - Starting new game
16:50:42.565 [JavaFX Application Thread] DEBUG PrimaryStageWindow   - Pop state: DinosaurMenu
16:50:42.566 [JavaFX Application Thread] DEBUG Input                - Clearing active input actions
16:50:42.567 [JavaFX Application Thread] DEBUG GameApplicationServi - Removing overlay from DinosaurMenu and adding to FXGLMainMenuDummyScene
16:50:42.567 [JavaFX Application Thread] DEBUG PrimaryStageWindow   - FXGLMainMenuDummyScene <- DinosaurMenu
16:50:42.568 [JavaFX Application Thread] DEBUG Input                - Clearing active input actions
16:50:42.583 [JavaFX Application Thread] DEBUG GameApplicationServi - Removing overlay from FXGLMainMenuDummyScene and adding to FXGLLoadingScene
16:50:42.583 [JavaFX Application Thread] DEBUG PrimaryStageWindow   - FXGLMainMenuDummyScene -> FXGLLoadingScene
16:50:42.584 [JavaFX Application Thread] DEBUG GameApplicationServi - Clearing previous game
16:50:42.584 [JavaFX Application Thread] DEBUG GameScene            - Clearing game scene
16:50:42.584 [JavaFX Application Thread] DEBUG GameWorld            - Clearing game world
16:50:42.584 [JavaFX Application Thread] DEBUG PhysicsWorld         - Clearing physics world
16:50:42.586 [FXGL Background Thread 2 ] DEBUG FXGLApplication      - Initializing game
16:50:42.815 [FXGL Background Thread 2 ] WARN  GameWorld            - Entity is already attached to world
16:50:42.816 [FXGL Background Thread 2 ] DEBUG FXGLAssetLoaderServi - Loading from file system: file:/C:/Users/valer/OneDrive/Desktop/Projects/DinosaurGameCode/dinosaur-exploder/target/classes/assets/textures/spaceship.png
16:50:42.830 [FXGL Background Thread 2 ] DEBUG FXGLAssetLoaderServi - Loading from file system: file:/C:/Users/valer/OneDrive/Desktop/Projects/DinosaurGameCode/dinosaur-exploder/target/classes/assets/sounds/engine.wav
16:50:42.931 [FXGL Background Thread 2 ] DEBUG FXGLAssetLoaderServi - Loading from file system: file:/C:/Users/valer/OneDrive/Desktop/Projects/DinosaurGameCode/dinosaur-exploder/target/classes/assets/textures/life.png
16:50:42.937 [FXGL Background Thread 2 ] INFO  FXGLApplication      - Game initialization took: 0,350 sec
16:50:42.940 [JavaFX Application Thread] DEBUG Input                - Clearing active input actions
16:50:42.948 [JavaFX Application Thread] DEBUG GameApplicationServi - Removing overlay from FXGLLoadingScene and adding to GameScene
16:50:42.948 [JavaFX Application Thread] DEBUG PrimaryStageWindow   - FXGLLoadingScene -> GameScene
16:50:43.704 [JavaFX Application Thread] DEBUG FXGLAssetLoaderServi - Loading from file system: file:/C:/Users/valer/OneDrive/Desktop/Projects/DinosaurGameCode/dinosaur-exploder/target/classes/assets/textures/greenDino.png
16:50:44.220 [FXGL Background Thread 3 ] DEBUG Engine               - Logging environment variables
16:50:44.222 [FXGL Background Thread 3 ] DEBUG Engine               - achievements: []
16:50:44.223 [FXGL Background Thread 3 ] DEBUG Engine               - actualHeight: 750.0
16:50:44.224 [FXGL Background Thread 3 ] DEBUG Engine               - actualHeightProperty: ReadOnlyDoubleProperty [value: 750.0]
16:50:44.224 [FXGL Background Thread 3 ] DEBUG Engine               - actualWidth: 550.0
16:50:44.224 [FXGL Background Thread 3 ] DEBUG Engine               - actualWidthProperty: ReadOnlyDoubleProperty [value: 550.0]
16:50:44.225 [FXGL Background Thread 3 ] DEBUG Engine               - appIcon: icon.png
16:50:44.226 [FXGL Background Thread 3 ] DEBUG Engine               - applicationMode: DEVELOPER
16:50:44.226 [FXGL Background Thread 3 ] DEBUG Engine               - cSSList: [fxgl_dark.css]
16:50:44.226 [FXGL Background Thread 3 ] DEBUG Engine               - collisionDetectionStrategy: BRUTE_FORCE
16:50:44.227 [FXGL Background Thread 3 ] DEBUG Engine               - configClass: Optional.empty
16:50:44.227 [FXGL Background Thread 3 ] DEBUG Engine               - credits: []
16:50:44.228 [FXGL Background Thread 3 ] DEBUG Engine               - defaultCursor: CursorInfo(imageName=fxgl_default_cursor.png, hotspotX=7.0, hotspotY=6.0)
16:50:44.229 [FXGL Background Thread 3 ] DEBUG Engine               - devBBoxColorProperty: ObjectProperty [value: 0xff0000ff]
16:50:44.230 [FXGL Background Thread 3 ] DEBUG Engine               - devEnableDebugCameraProperty: BooleanProperty [value: false]
16:50:44.231 [FXGL Background Thread 3 ] DEBUG Engine               - devSensorColorProperty: ObjectProperty [value: 0xffff00ff]
16:50:44.231 [FXGL Background Thread 3 ] DEBUG Engine               - devShowBBoxProperty: BooleanProperty [value: false]
16:50:44.232 [FXGL Background Thread 3 ] DEBUG Engine               - devShowPositionProperty: BooleanProperty [value: false]
16:50:44.232 [FXGL Background Thread 3 ] DEBUG Engine               - enabledMenuItems: []
16:50:44.232 [FXGL Background Thread 3 ] DEBUG Engine               - engineServices: [class com.almasb.fxgl.app.services.FXGLAssetLoaderService, class com.almasb.fxgl.app.FXGLApplication$GameApplicationService, class com.almasb.fxgl.app.services.FXGLDialogService, class com.almasb.fxgl.app.services.IOTaskExecutorService, class com.almasb.fxgl.io.FileSystemService, class com.almasb.fxgl.localization.LocalizationService, class com.almasb.fxgl.app.services.SystemBundleService, class com.almasb.fxgl.profile.SaveLoadService, class com.almasb.fxgl.ui.FXGLUIFactoryServiceProvider, class com.almasb.fxgl.ui.FXGLDialogFactoryServiceProvider, class com.almasb.fxgl.audio.AudioPlayer, class com.almasb.fxgl.notification.impl.NotificationServiceProvider, class com.almasb.fxgl.achievement.AchievementService, class com.almasb.fxgl.cutscene.CutsceneService, class com.almasb.fxgl.minigames.MiniGameService, class com.almasb.fxgl.net.NetService, class com.almasb.fxgl.app.services.UpdaterService, class com.almasb.fxgl.dev.DevService]
16:50:44.232 [FXGL Background Thread 3 ] DEBUG Engine               - fontGame: Abel-Regular.ttf
16:50:44.232 [FXGL Background Thread 3 ] DEBUG Engine               - fontMono: TerminalLandMono-Regular.otf
16:50:44.232 [FXGL Background Thread 3 ] DEBUG Engine               - fontText: Courier-Prime.ttf
16:50:44.232 [FXGL Background Thread 3 ] DEBUG Engine               - fontUI: VarelaRound-Regular.ttf
16:50:44.232 [FXGL Background Thread 3 ] DEBUG Engine               - fullScreen: BooleanProperty [value: false]
16:50:44.233 [FXGL Background Thread 3 ] DEBUG Engine               - gameDifficulty: MEDIUM
16:50:44.233 [FXGL Background Thread 3 ] DEBUG Engine               - gameDifficultyProperty: ObjectProperty [value: MEDIUM]
16:50:44.233 [FXGL Background Thread 3 ] DEBUG Engine               - globalMusicVolume: 0.5
16:50:44.233 [FXGL Background Thread 3 ] DEBUG Engine               - globalMusicVolumeProperty: DoubleProperty [value: 0.5]
16:50:44.233 [FXGL Background Thread 3 ] DEBUG Engine               - globalSoundVolume: 0.5
16:50:44.233 [FXGL Background Thread 3 ] DEBUG Engine               - globalSoundVolumeProperty: DoubleProperty [value: 0.5]
16:50:44.233 [FXGL Background Thread 3 ] DEBUG Engine               - height: 750
16:50:44.233 [FXGL Background Thread 3 ] DEBUG Engine               - is3D: false
16:50:44.234 [FXGL Background Thread 3 ] DEBUG Engine               - isAndroid: false
16:50:44.234 [FXGL Background Thread 3 ] DEBUG Engine               - isBrowser: false
16:50:44.234 [FXGL Background Thread 3 ] DEBUG Engine               - isClickFeedbackEnabled: false
16:50:44.234 [FXGL Background Thread 3 ] DEBUG Engine               - isCloseConfirmation: false
16:50:44.234 [FXGL Background Thread 3 ] DEBUG Engine               - isDesktop: true
16:50:44.234 [FXGL Background Thread 3 ] DEBUG Engine               - isDeveloperMenuEnabled: false
16:50:44.234 [FXGL Background Thread 3 ] DEBUG Engine               - isEmbedded: false
16:50:44.235 [FXGL Background Thread 3 ] DEBUG Engine               - isEntityPreloadEnabled: true
16:50:44.235 [FXGL Background Thread 3 ] DEBUG Engine               - isExperimentalTiledLargeMap: false
16:50:44.235 [FXGL Background Thread 3 ] DEBUG Engine               - isFileSystemWriteAllowed: true
16:50:44.235 [FXGL Background Thread 3 ] DEBUG Engine               - isFullScreenAllowed: false
16:50:44.235 [FXGL Background Thread 3 ] DEBUG Engine               - isFullScreenFromStart: false
16:50:44.235 [FXGL Background Thread 3 ] DEBUG Engine               - isGameMenuEnabled: true
16:50:44.235 [FXGL Background Thread 3 ] DEBUG Engine               - isIOS: false
16:50:44.235 [FXGL Background Thread 3 ] DEBUG Engine               - isIntroEnabled: false
16:50:44.237 [FXGL Background Thread 3 ] DEBUG Engine               - isLinux: false
16:50:44.237 [FXGL Background Thread 3 ] DEBUG Engine               - isMac: false
16:50:44.237 [FXGL Background Thread 3 ] DEBUG Engine               - isMainMenuEnabled: true
16:50:44.237 [FXGL Background Thread 3 ] DEBUG Engine               - isManualResizeEnabled: false
16:50:44.237 [FXGL Background Thread 3 ] DEBUG Engine               - isMobile: false
16:50:44.237 [FXGL Background Thread 3 ] DEBUG Engine               - isNative: false
16:50:44.238 [FXGL Background Thread 3 ] DEBUG Engine               - isPauseMusicWhenMinimized: true
16:50:44.238 [FXGL Background Thread 3 ] DEBUG Engine               - isPreserveResizeRatio: false
16:50:44.238 [FXGL Background Thread 3 ] DEBUG Engine               - isProfilingEnabled: false
16:50:44.239 [FXGL Background Thread 3 ] DEBUG Engine               - isScaleAffectedOnResize: true
16:50:44.239 [FXGL Background Thread 3 ] DEBUG Engine               - isSingleStep: false
16:50:44.239 [FXGL Background Thread 3 ] DEBUG Engine               - isUserProfileEnabled: false
16:50:44.239 [FXGL Background Thread 3 ] DEBUG Engine               - isWindows: true
16:50:44.239 [FXGL Background Thread 3 ] DEBUG Engine               - language: ObjectProperty [value: ENGLISH]
16:50:44.240 [FXGL Background Thread 3 ] DEBUG Engine               - menuKey: ESCAPE
16:50:44.240 [FXGL Background Thread 3 ] DEBUG Engine               - mouseSensitivity: 0.2
16:50:44.240 [FXGL Background Thread 3 ] DEBUG Engine               - notificationViewClass: class com.almasb.fxgl.notification.view.XboxNotificationView
16:50:44.241 [FXGL Background Thread 3 ] DEBUG Engine               - pixelsPerMeter: 50.0
16:50:44.241 [FXGL Background Thread 3 ] DEBUG Engine               - platform: WINDOWS
16:50:44.241 [FXGL Background Thread 3 ] DEBUG Engine               - prefHeightProperty: ReadOnlyDoubleProperty [value: 750.0]
16:50:44.242 [FXGL Background Thread 3 ] DEBUG Engine               - prefWidthProperty: ReadOnlyDoubleProperty [value: 550.0]
16:50:44.242 [FXGL Background Thread 3 ] DEBUG Engine               - profileDir: profiles/
16:50:44.242 [FXGL Background Thread 3 ] DEBUG Engine               - profileName: StringProperty [value: DEFAULT]
16:50:44.242 [FXGL Background Thread 3 ] DEBUG Engine               - randomSeed: -1
16:50:44.243 [FXGL Background Thread 3 ] DEBUG Engine               - runtimeInfo: RuntimeInfo(platform=WINDOWS, version=17, build=31.12.2021 18.16)
16:50:44.243 [FXGL Background Thread 3 ] DEBUG Engine               - saveFileExt: sav
16:50:44.244 [FXGL Background Thread 3 ] DEBUG Engine               - scaledHeightProp$fxgl: DoubleProperty [bound, value: 750.0]
16:50:44.244 [FXGL Background Thread 3 ] DEBUG Engine               - scaledWidthProp$fxgl: DoubleProperty [bound, value: 550.0]
16:50:44.244 [FXGL Background Thread 3 ] DEBUG Engine               - sceneFactory: com.dinosaur.dinosaurexploder.view.DinosaurGUI$1@91fd9d5
16:50:44.244 [FXGL Background Thread 3 ] DEBUG Engine               - secondsIn24h: 60
16:50:44.244 [FXGL Background Thread 3 ] DEBUG Engine               - soundMenuBack: menu/back.wav
16:50:44.245 [FXGL Background Thread 3 ] DEBUG Engine               - soundMenuPress: menu/press.wav
16:50:44.245 [FXGL Background Thread 3 ] DEBUG Engine               - soundMenuSelect: menu/select.wav
16:50:44.245 [FXGL Background Thread 3 ] DEBUG Engine               - soundNotification: core/notification.wav
16:50:44.245 [FXGL Background Thread 3 ] DEBUG Engine               - stageStyle: DECORATED
16:50:44.245 [FXGL Background Thread 3 ] DEBUG Engine               - supportedLanguages: [ENGLISH, FRENCH, GERMAN, HUNGARIAN, RUSSIAN]
16:50:44.246 [FXGL Background Thread 3 ] DEBUG Engine               - ticksPerSecond: 60
16:50:44.246 [FXGL Background Thread 3 ] DEBUG Engine               - title: Dinosaur Exploder
16:50:44.246 [FXGL Background Thread 3 ] DEBUG Engine               - urlGithub: https://github.com/AlmasB/FXGL
16:50:44.246 [FXGL Background Thread 3 ] DEBUG Engine               - urlLeaderboard: http://fxgl-top.herokuapp.com/
16:50:44.246 [FXGL Background Thread 3 ] DEBUG Engine               - urlPOM: https://raw.githubusercontent.com/AlmasB/FXGL/release/README.md
16:50:44.246 [FXGL Background Thread 3 ] DEBUG Engine               - userAppClass: class com.dinosaur.dinosaurexploder.DinosaurApp
16:50:44.247 [FXGL Background Thread 3 ] DEBUG Engine               - version: 1.0
16:50:44.247 [FXGL Background Thread 3 ] DEBUG Engine               - versionCheckDays: 7
16:50:44.247 [FXGL Background Thread 3 ] DEBUG Engine               - width: 550
16:50:44.247 [FXGL Background Thread 3 ] DEBUG Engine               - Logging services
16:50:44.247 [FXGL Background Thread 3 ] DEBUG Engine               - class com.almasb.fxgl.app.services.FXGLAssetLoaderService
16:50:44.248 [FXGL Background Thread 3 ] DEBUG Engine               - class com.almasb.fxgl.app.FXGLApplication$GameApplicationService
16:50:44.248 [FXGL Background Thread 3 ] DEBUG Engine               - class com.almasb.fxgl.app.services.FXGLDialogService
16:50:44.248 [FXGL Background Thread 3 ] DEBUG Engine               - class com.almasb.fxgl.app.services.IOTaskExecutorService
16:50:44.248 [FXGL Background Thread 3 ] DEBUG Engine               - class com.almasb.fxgl.io.FileSystemService
16:50:44.248 [FXGL Background Thread 3 ] DEBUG Engine               - class com.almasb.fxgl.localization.LocalizationService
16:50:44.248 [FXGL Background Thread 3 ] DEBUG Engine               - class com.almasb.fxgl.app.services.SystemBundleService
16:50:44.249 [FXGL Background Thread 3 ] DEBUG Engine               - class com.almasb.fxgl.profile.SaveLoadService
16:50:44.249 [FXGL Background Thread 3 ] DEBUG Engine               - class com.almasb.fxgl.ui.FXGLUIFactoryServiceProvider
16:50:44.249 [FXGL Background Thread 3 ] DEBUG Engine               - class com.almasb.fxgl.ui.FXGLDialogFactoryServiceProvider
16:50:44.249 [FXGL Background Thread 3 ] DEBUG Engine               - class com.almasb.fxgl.audio.AudioPlayer
16:50:44.249 [FXGL Background Thread 3 ] DEBUG Engine               - class com.almasb.fxgl.notification.impl.NotificationServiceProvider
16:50:44.249 [FXGL Background Thread 3 ] DEBUG Engine               - class com.almasb.fxgl.achievement.AchievementService
16:50:44.250 [FXGL Background Thread 3 ] DEBUG Engine               - class com.almasb.fxgl.cutscene.CutsceneService
16:50:44.250 [FXGL Background Thread 3 ] DEBUG Engine               - class com.almasb.fxgl.minigames.MiniGameService
16:50:44.250 [FXGL Background Thread 3 ] DEBUG Engine               - class com.almasb.fxgl.net.NetService
16:50:44.250 [FXGL Background Thread 3 ] DEBUG Engine               - class com.almasb.fxgl.app.services.UpdaterService
16:50:44.250 [FXGL Background Thread 3 ] DEBUG Engine               - class com.almasb.fxgl.dev.DevService
16:50:44.489 [JavaFX Application Thread] DEBUG FXGLAssetLoaderServi - Loading from file system: file:/C:/Users/valer/OneDrive/Desktop/Projects/DinosaurGameCode/dinosaur-exploder/target/classes/assets/sounds/enemyShoot.wav
16:50:44.500 [JavaFX Application Thread] DEBUG FXGLAssetLoaderServi - Loading from file system: file:/C:/Users/valer/OneDrive/Desktop/Projects/DinosaurGameCode/dinosaur-exploder/target/classes/assets/textures/enemyProjectile.png
16:50:45.846 [JavaFX Application Thread] DEBUG FXGLAssetLoaderServi - Loading from file system: file:/C:/Users/valer/OneDrive/Desktop/Projects/DinosaurGameCode/dinosaur-exploder/target/classes/assets/sounds/shoot.wav
16:50:45.855 [JavaFX Application Thread] DEBUG FXGLAssetLoaderServi - Loading from file system: file:/C:/Users/valer/OneDrive/Desktop/Projects/DinosaurGameCode/dinosaur-exploder/target/classes/assets/textures/basicProjectile.png
16:50:46.356 [JavaFX Application Thread] DEBUG FXGLAssetLoaderServi - Loading from file system: file:/C:/Users/valer/OneDrive/Desktop/Projects/DinosaurGameCode/dinosaur-exploder/target/classes/assets/sounds/enemyExplode.wav
16:50:47.039 [JavaFX Application Thread] DEBUG FXGLAssetLoaderServi - Loading from file system: file:/C:/Users/valer/OneDrive/Desktop/Projects/DinosaurGameCode/dinosaur-exploder/target/classes/assets/sounds/playerHit.wav
16:50:47.052 [JavaFX Application Thread] DEBUG LoopRunner           - Stopping loop
16:50:47.058 [JavaFX Application Thread] FATAL FXGLApplication      - Uncaught Exception:
java.util.IllegalFormatConversionException: d != com.almasb.fxgl.dsl.components.HealthIntComponent
	at java.base/java.util.Formatter$FormatSpecifier.failConversion(Formatter.java:4442)
	at java.base/java.util.Formatter$FormatSpecifier.printInteger(Formatter.java:2963)
	at java.base/java.util.Formatter$FormatSpecifier.print(Formatter.java:2918)
	at java.base/java.util.Formatter.format(Formatter.java:2689)
	at java.base/java.io.PrintStream.format(PrintStream.java:1209)
	at java.base/java.io.PrintStream.printf(PrintStream.java:1105)
	at com.dinosaur.dinosaurexploder/com.dinosaur.dinosaurexploder.controller.DinosaurController.damagePlayer(DinosaurController.java:38)
	at com.dinosaur.dinosaurexploder/com.dinosaur.dinosaurexploder.controller.DinosaurController.lambda$initPhysics$8(DinosaurController.java:84)
	at com.almasb.fxgl.all@17/com.almasb.fxgl.dsl.FXGL$Companion$onCollisionBegin$1.onCollisionBegin(FXGL.kt:551)
	at com.almasb.fxgl.entity@17/com.almasb.fxgl.physics.CollisionPair.collisionBegin(CollisionPair.java:37)
	at com.almasb.fxgl.entity@17/com.almasb.fxgl.physics.PhysicsWorld.collisionBeginFor(PhysicsWorld.java:453)
	at com.almasb.fxgl.entity@17/com.almasb.fxgl.physics.PhysicsWorld.checkCollisionsInGroup(PhysicsWorld.java:405)
	at com.almasb.fxgl.entity@17/com.almasb.fxgl.physics.PhysicsWorld.checkCollisions(PhysicsWorld.java:373)
	at com.almasb.fxgl.entity@17/com.almasb.fxgl.physics.PhysicsWorld.onUpdate(PhysicsWorld.java:179)
	at com.almasb.fxgl.all@17/com.almasb.fxgl.app.scene.GameScene.step(GameScene.kt:225)
	at com.almasb.fxgl.all@17/com.almasb.fxgl.app.scene.GameScene.onUpdate(GameScene.kt:220)
	at com.almasb.fxgl.scene@17/com.almasb.fxgl.scene.Scene.update(Scene.kt:105)
	at com.almasb.fxgl.all@17/com.almasb.fxgl.app.MainWindow$update$1.invoke(MainWindow.kt:115)
	at com.almasb.fxgl.all@17/com.almasb.fxgl.app.MainWindow$update$1.invoke(MainWindow.kt:115)
	at com.almasb.fxgl.core@17/com.almasb.fxgl.core.fsm.StateMachine.runOnActiveStates(StateMachine.kt:69)
	at com.almasb.fxgl.all@17/com.almasb.fxgl.app.MainWindow.update(MainWindow.kt:115)
	at com.almasb.fxgl.all@17/com.almasb.fxgl.app.FXGLApplication$GameApplicationService.onUpdate(FXGLApplication.kt:426)
	at com.almasb.fxgl.all@17/com.almasb.fxgl.app.Engine.loop(Engine.kt:134)
	at com.almasb.fxgl.all@17/com.almasb.fxgl.app.Engine.access$loop(Engine.kt:24)
	at com.almasb.fxgl.all@17/com.almasb.fxgl.app.Engine$loop$1.invoke(Engine.kt:28)
	at com.almasb.fxgl.all@17/com.almasb.fxgl.app.Engine$loop$1.invoke(Engine.kt:28)
	at com.almasb.fxgl.all@17/com.almasb.fxgl.app.LoopRunner.frame(LoopRunner.kt:103)
	at com.almasb.fxgl.all@17/com.almasb.fxgl.app.LoopRunner.access$frame(LoopRunner.kt:23)
	at com.almasb.fxgl.all@17/com.almasb.fxgl.app.LoopRunner$impl$2$2.onTick(LoopRunner.kt:64)
	at com.almasb.fxgl.all@17/com.almasb.fxgl.app.ScheduledExecutorLoop.start$lambda-1$lambda-0(LoopRunner.kt:170)
	at javafx.graphics/com.sun.javafx.application.PlatformImpl.lambda$runLater$10(PlatformImpl.java:457)
	at java.base/java.security.AccessController.doPrivileged(AccessController.java:399)
	at javafx.graphics/com.sun.javafx.application.PlatformImpl.lambda$runLater$11(PlatformImpl.java:456)
	at javafx.graphics/com.sun.glass.ui.InvokeLaterDispatcher$Future.run(InvokeLaterDispatcher.java:96)
	at javafx.graphics/com.sun.glass.ui.win.WinApplication._runLoop(Native Method)
	at javafx.graphics/com.sun.glass.ui.win.WinApplication.lambda$runLoop$3(WinApplication.java:184)
	at java.base/java.lang.Thread.run(Thread.java:833)

16:50:47.060 [JavaFX Application Thread] FATAL FXGLApplication      - Application will now exit
16:50:47.106 [JavaFX Application Thread] DEBUG PrimaryStageWindow   - Push state: ErrorSubScene
16:50:47.107 [JavaFX Application Thread] DEBUG Input                - Clearing active input actions
16:50:47.110 [JavaFX Application Thread] DEBUG GameApplicationServi - Removing overlay from GameScene and adding to ErrorSubScene
16:50:47.111 [JavaFX Application Thread] DEBUG PrimaryStageWindow   - GameScene -> ErrorSubScene
16:50:56.435 [JavaFX Application Thread] DEBUG FXGLApplication      - Exiting FXGL
16:50:56.435 [JavaFX Application Thread] DEBUG Async                - Shutting down background threads
16:50:56.436 [JavaFX Application Thread] DEBUG PrimaryStageWindow   - Closing main window
16:50:56.453 [JavaFX Application Thread] DEBUG Logger               - Closing Logger
